#
# There is insufficient memory for the Java Runtime Environment to continue.
# Native memory allocation (malloc) failed to allocate 711936 bytes. Error detail: Chunk::new
# Possible reasons:
#   The system is out of physical RAM or swap space
#   This process is running with CompressedOops enabled, and the Java Heap may be blocking the growth of the native heap
# Possible solutions:
#   Reduce memory load on the system
#   Increase physical memory or swap space
#   Check if swap backing store is full
#   Decrease Java heap size (-Xmx/-Xms)
#   Decrease number of Java threads
#   Decrease Java thread stack sizes (-Xss)
#   Set larger code cache with -XX:ReservedCodeCacheSize=
#   JVM is running with Unscaled Compressed Oops mode in which the Java heap is
#     placed in the first 4GB address space. The Java Heap base address is the
#     maximum limit for the native heap growth. Please use -XX:HeapBaseMinAddress
#     to set the Java Heap base and to place the Java Heap above 4GB virtual address.
# This output file may be truncated or incomplete.
#
#  Out of Memory Error (arena.cpp:191), pid=102028, tid=113248
#
# JRE version: OpenJDK Runtime Environment Temurin-17.0.13+11 (17.0.13+11) (build 17.0.13+11)
# Java VM: OpenJDK 64-Bit Server VM Temurin-17.0.13+11 (17.0.13+11, mixed mode, tiered, compressed oops, compressed class ptrs, parallel gc, windows-amd64)
# No core dump will be written. Minidumps are not enabled by default on client versions of Windows
#

---------------  S U M M A R Y ------------

Command Line: --add-modules=ALL-SYSTEM --add-opens=java.base/java.util=ALL-UNNAMED --add-opens=java.base/java.lang=ALL-UNNAMED --add-opens=java.base/sun.nio.fs=ALL-UNNAMED -Declipse.application=org.eclipse.jdt.ls.core.id1 -Dosgi.bundles.defaultStartLevel=4 -Declipse.product=org.eclipse.jdt.ls.core.product -Djava.import.generatesMetadataFilesAtProjectRoot=false -DDetectVMInstallationsJob.disabled=true -Dfile.encoding=utf8 -XX:+UseParallelGC -XX:GCTimeRatio=4 -XX:AdaptiveSizePolicyWeight=90 -Dsun.zip.disableMemoryMapping=true -Xmx1G -Xms100m -Xlog:disable -javaagent:c:\Users\leope\.vscode\extensions\redhat.java-1.37.0-win32-x64\lombok\lombok-1.18.34.jar -XX:+HeapDumpOnOutOfMemoryError -XX:HeapDumpPath=c:\Users\leope\AppData\Roaming\Code\User\workspaceStorage\006e3659a58597180b9eff8622a028b8\redhat.java -Daether.dependencyCollector.impl=bf c:\Users\leope\.vscode\extensions\redhat.java-1.37.0-win32-x64\server\plugins\org.eclipse.equinox.launcher_1.6.900.v20240613-2009.jar -configuration c:\Users\leope\AppData\Roaming\Code\User\globalStorage\redhat.java\1.37.0\config_win -data c:\Users\leope\AppData\Roaming\Code\User\workspaceStorage\006e3659a58597180b9eff8622a028b8\redhat.java\jdt_ws --pipe=\\.\pipe\lsp-25ce90b40e20c7b6f654325347ba4cf1-sock

Host: AMD Ryzen 7 5800H with Radeon Graphics         , 16 cores, 15G,  Windows 11 , 64 bit Build 22621 (10.0.22621.4391)
Time: Thu Dec  5 00:22:06 2024 Hora estándar romance elapsed time: 21.191193 seconds (0d 0h 0m 21s)

---------------  T H R E A D  ---------------

Current thread (0x00000227580c96c0):  JavaThread "C2 CompilerThread5" daemon [_thread_in_native, id=113248, stack(0x000000a01da00000,0x000000a01db00000)]


Current CompileTask:
C2:  21191 17194       4       org.eclipse.jdt.internal.core.JavaProject$ModuleLookup::addTransitive (71 bytes)

Stack: [0x000000a01da00000,0x000000a01db00000]
Native frames: (J=compiled Java code, j=interpreted, Vv=VM code, C=native code)
V  [jvm.dll+0x682a19]
V  [jvm.dll+0x839538]
V  [jvm.dll+0x83afe3]
V  [jvm.dll+0x83b653]
V  [jvm.dll+0x24704f]
V  [jvm.dll+0xace34]
V  [jvm.dll+0xad4cc]
V  [jvm.dll+0x2ac84f]
V  [jvm.dll+0x588a79]
V  [jvm.dll+0x220ea2]
V  [jvm.dll+0x219d7c]
V  [jvm.dll+0x21738b]
V  [jvm.dll+0x1a3070]
V  [jvm.dll+0x22788c]
V  [jvm.dll+0x2259eb]
V  [jvm.dll+0x7eec98]
V  [jvm.dll+0x7e8ffc]
V  [jvm.dll+0x6818f7]
C  [ucrtbase.dll+0x29333]
C  [KERNEL32.DLL+0x1259d]
C  [ntdll.dll+0x5af38]


---------------  P R O C E S S  ---------------

Threads class SMR info:
_java_thread_list=0x0000022745c3e680, length=124, elements={
0x000002272a5e0cc0, 0x000002273e464040, 0x00000227436488d0, 0x000002273e46e320,
0x000002274366bac0, 0x000002274366d5a0, 0x0000022743676cc0, 0x00000227436788f0,
0x000002274367ef60, 0x000002274368a8e0, 0x00000227437eea50, 0x0000022743812130,
0x0000022745854810, 0x0000022745e613b0, 0x000002274605eaa0, 0x0000022745e23820,
0x0000022745e24fa0, 0x00000227460f5e90, 0x0000022743752780, 0x00000227437536b0,
0x0000022743755000, 0x00000227437531a0, 0x0000022743751850, 0x0000022743751d60,
0x0000022746bab170, 0x0000022746baa240, 0x0000022746ba74b0, 0x0000022746bac5b0,
0x0000022746bab680, 0x0000022746bacfd0, 0x0000022746ba6580, 0x0000022746ba8e00,
0x0000022746babb90, 0x0000022746ba88f0, 0x0000022746bac0a0, 0x0000022746ba6a90,
0x0000022746baa750, 0x0000022746ba7ed0, 0x0000022746ba9820, 0x0000022746ba9310,
0x0000022746ba6fa0, 0x0000022746bacac0, 0x0000022746ba9d30, 0x0000022746baac60,
0x0000022746ba83e0, 0x0000022746bad4e0, 0x0000022746bad9f0, 0x0000022747b835c0,
0x0000022747b80d40, 0x0000022747b82ba0, 0x0000022747b82180, 0x0000022747b7dfb0,
0x0000022747b7fe10, 0x0000022747b83ad0, 0x0000022747b80320, 0x0000022747b830b0,
0x0000022747b83fe0, 0x0000022747b7e9d0, 0x0000022747b7f3f0, 0x0000022747b7f900,
0x0000022747b7daa0, 0x0000022747b80830, 0x0000022747b7eee0, 0x0000022747b844f0,
0x0000022747b7d080, 0x0000022747b84a00, 0x0000022747b7e4c0, 0x00000227437545e0,
0x0000022743752270, 0x00000227482bab30, 0x00000227482b7380, 0x00000227482b9c00,
0x00000227482b7890, 0x00000227482ba620, 0x00000227482ba110, 0x00000227482b82b0,
0x00000227482b7da0, 0x00000227482b87c0, 0x00000227482b8cd0, 0x00000227482b91e0,
0x00000227482b96f0, 0x00000227521f6840, 0x00000227521f3fc0, 0x00000227521f3ab0,
0x00000227521f7770, 0x00000227521f4ef0, 0x00000227521f8190, 0x00000227521f6d50,
0x00000227521f7260, 0x00000227521f49e0, 0x00000227521f8bb0, 0x00000227521f86a0,
0x00000227521f44d0, 0x00000227521fa500, 0x00000227521f95d0, 0x00000227521f5910,
0x00000227521f90c0, 0x00000227521f3090, 0x00000227521f35a0, 0x00000227521f5400,
0x0000022743752c90, 0x0000022747f319d0, 0x0000022747f32900, 0x0000022747f323f0,
0x0000022747f374f0, 0x00000227580cb6a0, 0x00000227580cac00, 0x00000227580cb150,
0x00000227580c86d0, 0x0000022747f35180, 0x0000022747f38930, 0x0000022747f32e10,
0x0000022747f33320, 0x0000022747f35690, 0x0000022747f365c0, 0x0000022747f360b0,
0x0000022747f34760, 0x0000022747f36fe0, 0x0000022747f33830, 0x0000022747f33d40,
0x0000022747f34250, 0x00000227537c89a0, 0x00000227580ca6b0, 0x00000227580c96c0
}

Java Threads: ( => current thread )
  0x000002272a5e0cc0 JavaThread "main" [_thread_blocked, id=116316, stack(0x000000a015400000,0x000000a015500000)]
  0x000002273e464040 JavaThread "Reference Handler" daemon [_thread_blocked, id=111924, stack(0x000000a015700000,0x000000a015800000)]
  0x00000227436488d0 JavaThread "Finalizer" daemon [_thread_blocked, id=112288, stack(0x000000a015800000,0x000000a015900000)]
  0x000002273e46e320 JavaThread "Signal Dispatcher" daemon [_thread_blocked, id=115184, stack(0x000000a015900000,0x000000a015a00000)]
  0x000002274366bac0 JavaThread "Attach Listener" daemon [_thread_blocked, id=114988, stack(0x000000a015a00000,0x000000a015b00000)]
  0x000002274366d5a0 JavaThread "Service Thread" daemon [_thread_blocked, id=6360, stack(0x000000a015b00000,0x000000a015c00000)]
  0x0000022743676cc0 JavaThread "Monitor Deflation Thread" daemon [_thread_blocked, id=115404, stack(0x000000a015c00000,0x000000a015d00000)]
  0x00000227436788f0 JavaThread "C2 CompilerThread0" daemon [_thread_in_native, id=17644, stack(0x000000a015d00000,0x000000a015e00000)]
  0x000002274367ef60 JavaThread "C1 CompilerThread0" daemon [_thread_in_native, id=68936, stack(0x000000a015e00000,0x000000a015f00000)]
  0x000002274368a8e0 JavaThread "Sweeper thread" daemon [_thread_blocked, id=32988, stack(0x000000a015f00000,0x000000a016000000)]
  0x00000227437eea50 JavaThread "Common-Cleaner" daemon [_thread_blocked, id=116056, stack(0x000000a016000000,0x000000a016100000)]
  0x0000022743812130 JavaThread "C1 CompilerThread1" daemon [_thread_in_vm, id=116036, stack(0x000000a016100000,0x000000a016200000)]
  0x0000022745854810 JavaThread "Notification Thread" daemon [_thread_blocked, id=115840, stack(0x000000a016500000,0x000000a016600000)]
  0x0000022745e613b0 JavaThread "Active Thread: Equinox Container: 805489f7-bb13-4a0f-b341-0e4c15b1f8da" [_thread_blocked, id=113276, stack(0x000000a016c00000,0x000000a016d00000)]
  0x000002274605eaa0 JavaThread "Refresh Thread: Equinox Container: 805489f7-bb13-4a0f-b341-0e4c15b1f8da" daemon [_thread_blocked, id=112940, stack(0x000000a016d00000,0x000000a016e00000)]
  0x0000022745e23820 JavaThread "Framework Event Dispatcher: Equinox Container: 805489f7-bb13-4a0f-b341-0e4c15b1f8da" daemon [_thread_blocked, id=115480, stack(0x000000a017000000,0x000000a017100000)]
  0x0000022745e24fa0 JavaThread "Start Level: Equinox Container: 805489f7-bb13-4a0f-b341-0e4c15b1f8da" daemon [_thread_blocked, id=31356, stack(0x000000a017100000,0x000000a017200000)]
  0x00000227460f5e90 JavaThread "Bundle File Closer" daemon [_thread_blocked, id=32332, stack(0x000000a017200000,0x000000a017300000)]
  0x0000022743752780 JavaThread "SCR Component Actor" daemon [_thread_blocked, id=115752, stack(0x000000a017500000,0x000000a017600000)]
  0x00000227437536b0 JavaThread "Worker-JM" [_thread_blocked, id=114548, stack(0x000000a017800000,0x000000a017900000)]
  0x0000022743755000 JavaThread "JNA Cleaner" daemon [_thread_blocked, id=111352, stack(0x000000a017900000,0x000000a017a00000)]
  0x00000227437531a0 JavaThread "Worker-0" [_thread_blocked, id=109968, stack(0x000000a017a00000,0x000000a017b00000)]
  0x0000022743751850 JavaThread "Worker-1: Java indexing... " [_thread_blocked, id=100776, stack(0x000000a017b00000,0x000000a017c00000)]
  0x0000022743751d60 JavaThread "Worker-2" [_thread_blocked, id=109268, stack(0x000000a017d00000,0x000000a017e00000)]
  0x0000022746bab170 JavaThread "Java indexing" daemon [_thread_in_Java, id=116616, stack(0x000000a017e00000,0x000000a017f00000)]
  0x0000022746baa240 JavaThread "Worker-3: Publish Diagnostics" [_thread_in_vm, id=114512, stack(0x000000a017f00000,0x000000a018000000)]
  0x0000022746ba74b0 JavaThread "Thread-2" daemon [_thread_in_native, id=112800, stack(0x000000a018200000,0x000000a018300000)]
  0x0000022746bac5b0 JavaThread "Thread-3" daemon [_thread_in_native, id=32304, stack(0x000000a018300000,0x000000a018400000)]
  0x0000022746bab680 JavaThread "Thread-4" daemon [_thread_in_native, id=112784, stack(0x000000a018400000,0x000000a018500000)]
  0x0000022746bacfd0 JavaThread "Thread-5" daemon [_thread_in_native, id=26028, stack(0x000000a018500000,0x000000a018600000)]
  0x0000022746ba6580 JavaThread "Thread-6" daemon [_thread_in_native, id=33268, stack(0x000000a018600000,0x000000a018700000)]
  0x0000022746ba8e00 JavaThread "Thread-7" daemon [_thread_in_native, id=116628, stack(0x000000a018700000,0x000000a018800000)]
  0x0000022746babb90 JavaThread "Thread-8" daemon [_thread_in_native, id=14292, stack(0x000000a018800000,0x000000a018900000)]
  0x0000022746ba88f0 JavaThread "Thread-9" daemon [_thread_in_native, id=106012, stack(0x000000a018900000,0x000000a018a00000)]
  0x0000022746bac0a0 JavaThread "Thread-10" daemon [_thread_in_native, id=115668, stack(0x000000a018a00000,0x000000a018b00000)]
  0x0000022746ba6a90 JavaThread "Thread-11" daemon [_thread_in_native, id=114824, stack(0x000000a018b00000,0x000000a018c00000)]
  0x0000022746baa750 JavaThread "Thread-12" daemon [_thread_in_native, id=111952, stack(0x000000a018c00000,0x000000a018d00000)]
  0x0000022746ba7ed0 JavaThread "Thread-13" daemon [_thread_in_native, id=111348, stack(0x000000a018d00000,0x000000a018e00000)]
  0x0000022746ba9820 JavaThread "Thread-14" daemon [_thread_in_native, id=116612, stack(0x000000a018e00000,0x000000a018f00000)]
  0x0000022746ba9310 JavaThread "Thread-15" daemon [_thread_in_native, id=20700, stack(0x000000a018f00000,0x000000a019000000)]
  0x0000022746ba6fa0 JavaThread "Thread-16" daemon [_thread_in_native, id=105624, stack(0x000000a019000000,0x000000a019100000)]
  0x0000022746bacac0 JavaThread "Thread-17" daemon [_thread_in_native, id=109608, stack(0x000000a019100000,0x000000a019200000)]
  0x0000022746ba9d30 JavaThread "Thread-18" daemon [_thread_in_native, id=34652, stack(0x000000a019200000,0x000000a019300000)]
  0x0000022746baac60 JavaThread "pool-2-thread-1" [_thread_blocked, id=116460, stack(0x000000a019300000,0x000000a019400000)]
  0x0000022746ba83e0 JavaThread "Worker-4" [_thread_blocked, id=116144, stack(0x000000a019400000,0x000000a019500000)]
  0x0000022746bad4e0 JavaThread "Worker-5" [_thread_blocked, id=28664, stack(0x000000a019500000,0x000000a019600000)]
  0x0000022746bad9f0 JavaThread "Worker-6" [_thread_blocked, id=11188, stack(0x000000a019600000,0x000000a019700000)]
  0x0000022747b835c0 JavaThread "WorkspaceEventsHandler" [_thread_blocked, id=116404, stack(0x000000a019700000,0x000000a019800000)]
  0x0000022747b80d40 JavaThread "pool-1-thread-1" [_thread_blocked, id=12752, stack(0x000000a019800000,0x000000a019900000)]
  0x0000022747b82ba0 JavaThread "Worker-7" [_thread_blocked, id=3468, stack(0x000000a019900000,0x000000a019a00000)]
  0x0000022747b82180 JavaThread "Worker-8" [_thread_blocked, id=116016, stack(0x000000a019a00000,0x000000a019b00000)]
  0x0000022747b7dfb0 JavaThread "LocalFile Deleter" daemon [_thread_blocked, id=92528, stack(0x000000a019b00000,0x000000a019c00000)]
  0x0000022747b7fe10 JavaThread "LocalFile Deleter" daemon [_thread_blocked, id=114484, stack(0x000000a019c00000,0x000000a019d00000)]
  0x0000022747b83ad0 JavaThread "LocalFile Deleter" daemon [_thread_blocked, id=115296, stack(0x000000a019d00000,0x000000a019e00000)]
  0x0000022747b80320 JavaThread "LocalFile Deleter" daemon [_thread_blocked, id=115864, stack(0x000000a019e00000,0x000000a019f00000)]
  0x0000022747b830b0 JavaThread "LocalFile Deleter" daemon [_thread_blocked, id=116696, stack(0x000000a019f00000,0x000000a01a000000)]
  0x0000022747b83fe0 JavaThread "LocalFile Deleter" daemon [_thread_blocked, id=110160, stack(0x000000a01a000000,0x000000a01a100000)]
  0x0000022747b7e9d0 JavaThread "LocalFile Deleter" daemon [_thread_blocked, id=28640, stack(0x000000a01a100000,0x000000a01a200000)]
  0x0000022747b7f3f0 JavaThread "LocalFile Deleter" daemon [_thread_blocked, id=115648, stack(0x000000a01a200000,0x000000a01a300000)]
  0x0000022747b7f900 JavaThread "LocalFile Deleter" daemon [_thread_blocked, id=116656, stack(0x000000a01a300000,0x000000a01a400000)]
  0x0000022747b7daa0 JavaThread "LocalFile Deleter" daemon [_thread_blocked, id=110052, stack(0x000000a01a400000,0x000000a01a500000)]
  0x0000022747b80830 JavaThread "LocalFile Deleter" daemon [_thread_blocked, id=115980, stack(0x000000a01a500000,0x000000a01a600000)]
  0x0000022747b7eee0 JavaThread "LocalFile Deleter" daemon [_thread_blocked, id=110388, stack(0x000000a01a600000,0x000000a01a700000)]
  0x0000022747b844f0 JavaThread "LocalFile Deleter" daemon [_thread_blocked, id=116444, stack(0x000000a01a700000,0x000000a01a800000)]
  0x0000022747b7d080 JavaThread "LocalFile Deleter" daemon [_thread_blocked, id=27168, stack(0x000000a01a800000,0x000000a01a900000)]
  0x0000022747b84a00 JavaThread "LocalFile Deleter" daemon [_thread_blocked, id=116068, stack(0x000000a01a900000,0x000000a01aa00000)]
  0x0000022747b7e4c0 JavaThread "LocalFile Deleter" daemon [_thread_blocked, id=110240, stack(0x000000a01aa00000,0x000000a01ab00000)]
  0x00000227437545e0 JavaThread "Compiler Source File Reader" daemon [_thread_blocked, id=33624, stack(0x000000a01ab00000,0x000000a01ac00000)]
  0x0000022743752270 JavaThread "Compiler Source File Reader" daemon [_thread_blocked, id=112356, stack(0x000000a01ac00000,0x000000a01ad00000)]
  0x00000227482bab30 JavaThread "Compiler Source File Reader" daemon [_thread_blocked, id=111192, stack(0x000000a01ad00000,0x000000a01ae00000)]
  0x00000227482b7380 JavaThread "Compiler Source File Reader" daemon [_thread_blocked, id=72420, stack(0x000000a01ae00000,0x000000a01af00000)]
  0x00000227482b9c00 JavaThread "Compiler Source File Reader" daemon [_thread_blocked, id=25836, stack(0x000000a01af00000,0x000000a01b000000)]
  0x00000227482b7890 JavaThread "Compiler Source File Reader" daemon [_thread_blocked, id=34480, stack(0x000000a01b000000,0x000000a01b100000)]
  0x00000227482ba620 JavaThread "Compiler Source File Reader" daemon [_thread_blocked, id=116124, stack(0x000000a01b100000,0x000000a01b200000)]
  0x00000227482ba110 JavaThread "Compiler Source File Reader" daemon [_thread_blocked, id=114420, stack(0x000000a01b200000,0x000000a01b300000)]
  0x00000227482b82b0 JavaThread "Compiler Source File Reader" daemon [_thread_blocked, id=96400, stack(0x000000a01b300000,0x000000a01b400000)]
  0x00000227482b7da0 JavaThread "Compiler Source File Reader" daemon [_thread_blocked, id=4972, stack(0x000000a01b400000,0x000000a01b500000)]
  0x00000227482b87c0 JavaThread "Compiler Source File Reader" daemon [_thread_blocked, id=115820, stack(0x000000a01b500000,0x000000a01b600000)]
  0x00000227482b8cd0 JavaThread "Compiler Source File Reader" daemon [_thread_blocked, id=114584, stack(0x000000a01b600000,0x000000a01b700000)]
  0x00000227482b91e0 JavaThread "Compiler Source File Reader" daemon [_thread_blocked, id=97644, stack(0x000000a01b700000,0x000000a01b800000)]
  0x00000227482b96f0 JavaThread "Compiler Source File Reader" daemon [_thread_blocked, id=111232, stack(0x000000a01b800000,0x000000a01b900000)]
  0x00000227521f6840 JavaThread "Compiler Processing Task" daemon [_thread_blocked, id=114324, stack(0x000000a01b900000,0x000000a01ba00000)]
  0x00000227521f3fc0 JavaThread "Compiler Class File Writer" daemon [_thread_blocked, id=112152, stack(0x000000a01ba00000,0x000000a01bb00000)]
  0x00000227521f3ab0 JavaThread "Compiler Class File Writer" daemon [_thread_blocked, id=23088, stack(0x000000a01bb00000,0x000000a01bc00000)]
  0x00000227521f7770 JavaThread "Compiler Class File Writer" daemon [_thread_blocked, id=5588, stack(0x000000a01bc00000,0x000000a01bd00000)]
  0x00000227521f4ef0 JavaThread "Compiler Class File Writer" daemon [_thread_blocked, id=113372, stack(0x000000a01bd00000,0x000000a01be00000)]
  0x00000227521f8190 JavaThread "Compiler Class File Writer" daemon [_thread_blocked, id=116348, stack(0x000000a01be00000,0x000000a01bf00000)]
  0x00000227521f6d50 JavaThread "Compiler Class File Writer" daemon [_thread_blocked, id=114716, stack(0x000000a01bf00000,0x000000a01c000000)]
  0x00000227521f7260 JavaThread "Compiler Class File Writer" daemon [_thread_blocked, id=115992, stack(0x000000a01c000000,0x000000a01c100000)]
  0x00000227521f49e0 JavaThread "Compiler Class File Writer" daemon [_thread_blocked, id=116336, stack(0x000000a01c100000,0x000000a01c200000)]
  0x00000227521f8bb0 JavaThread "Compiler Class File Writer" daemon [_thread_blocked, id=115880, stack(0x000000a01c200000,0x000000a01c300000)]
  0x00000227521f86a0 JavaThread "Compiler Class File Writer" daemon [_thread_blocked, id=115544, stack(0x000000a01c300000,0x000000a01c400000)]
  0x00000227521f44d0 JavaThread "Compiler Class File Writer" daemon [_thread_blocked, id=113004, stack(0x000000a01c400000,0x000000a01c500000)]
  0x00000227521fa500 JavaThread "Compiler Class File Writer" daemon [_thread_blocked, id=115808, stack(0x000000a01c500000,0x000000a01c600000)]
  0x00000227521f95d0 JavaThread "Compiler Class File Writer" daemon [_thread_blocked, id=32160, stack(0x000000a01c600000,0x000000a01c700000)]
  0x00000227521f5910 JavaThread "Compiler Class File Writer" daemon [_thread_blocked, id=115788, stack(0x000000a01c700000,0x000000a01c800000)]
  0x00000227521f90c0 JavaThread "ForkJoinPool.commonPool-worker-1" daemon [_thread_blocked, id=114316, stack(0x000000a017600000,0x000000a017700000)]
  0x00000227521f3090 JavaThread "ForkJoinPool.commonPool-worker-2" daemon [_thread_blocked, id=97140, stack(0x000000a01c800000,0x000000a01c900000)]
  0x00000227521f35a0 JavaThread "ForkJoinPool.commonPool-worker-3" daemon [_thread_blocked, id=112196, stack(0x000000a01ca00000,0x000000a01cb00000)]
  0x00000227521f5400 JavaThread "ForkJoinPool.commonPool-worker-4" daemon [_thread_blocked, id=100560, stack(0x000000a01cb00000,0x000000a01cc00000)]
  0x0000022743752c90 JavaThread "ForkJoinPool.commonPool-worker-5" daemon [_thread_blocked, id=96796, stack(0x000000a01cc00000,0x000000a01cd00000)]
  0x0000022747f319d0 JavaThread "ForkJoinPool.commonPool-worker-6" daemon [_thread_blocked, id=116416, stack(0x000000a01cd00000,0x000000a01ce00000)]
  0x0000022747f32900 JavaThread "ForkJoinPool.commonPool-worker-7" daemon [_thread_blocked, id=23536, stack(0x000000a01ce00000,0x000000a01cf00000)]
  0x0000022747f323f0 JavaThread "ForkJoinPool.commonPool-worker-8" daemon [_thread_blocked, id=109900, stack(0x000000a01d000000,0x000000a01d100000)]
  0x0000022747f374f0 JavaThread "Cleaner-0" daemon [_thread_blocked, id=116108, stack(0x000000a01d100000,0x000000a01d200000)]
  0x00000227580cb6a0 JavaThread "C2 CompilerThread1" daemon [_thread_in_native, id=116720, stack(0x000000a016300000,0x000000a016400000)]
  0x00000227580cac00 JavaThread "C2 CompilerThread2" daemon [_thread_in_native, id=34528, stack(0x000000a016400000,0x000000a016500000)]
  0x00000227580cb150 JavaThread "C2 CompilerThread3" daemon [_thread_in_native, id=60832, stack(0x000000a01c900000,0x000000a01ca00000)]
  0x00000227580c86d0 JavaThread "C1 CompilerThread2" daemon [_thread_in_native, id=99036, stack(0x000000a01cf00000,0x000000a01d000000)]
  0x0000022747f35180 JavaThread "ForkJoinPool.commonPool-worker-9" daemon [_thread_blocked, id=116516, stack(0x000000a01d300000,0x000000a01d400000)]
  0x0000022747f38930 JavaThread "ForkJoinPool.commonPool-worker-10" daemon [_thread_blocked, id=15908, stack(0x000000a01d400000,0x000000a01d500000)]
  0x0000022747f32e10 JavaThread "ForkJoinPool.commonPool-worker-11" daemon [_thread_blocked, id=115740, stack(0x000000a01d500000,0x000000a01d600000)]
  0x0000022747f33320 JavaThread "ForkJoinPool.commonPool-worker-12" daemon [_thread_blocked, id=116148, stack(0x000000a01d600000,0x000000a01d700000)]
  0x0000022747f35690 JavaThread "ForkJoinPool.commonPool-worker-13" daemon [_thread_blocked, id=112120, stack(0x000000a01d700000,0x000000a01d800000)]
  0x0000022747f365c0 JavaThread "ForkJoinPool.commonPool-worker-14" daemon [_thread_blocked, id=110244, stack(0x000000a01d800000,0x000000a01d900000)]
  0x0000022747f360b0 JavaThread "ForkJoinPool.commonPool-worker-15" daemon [_thread_blocked, id=28476, stack(0x000000a01d900000,0x000000a01da00000)]
  0x0000022747f34760 JavaThread "Java Debug Server" daemon [_thread_in_native, id=116724, stack(0x000000a01db00000,0x000000a01dc00000)]
  0x0000022747f36fe0 JavaThread "pool-5-thread-1" [_thread_in_native, id=113052, stack(0x000000a01dc00000,0x000000a01dd00000)]
  0x0000022747f33830 JavaThread "RxSchedulerPurge-1" daemon [_thread_blocked, id=113412, stack(0x000000a01dd00000,0x000000a01de00000)]
  0x0000022747f33d40 JavaThread "RxCachedWorkerPoolEvictor-1" daemon [_thread_blocked, id=115932, stack(0x000000a01de00000,0x000000a01df00000)]
  0x0000022747f34250 JavaThread "RxNewThreadScheduler-1" daemon [_thread_blocked, id=113616, stack(0x000000a01df00000,0x000000a01e000000)]
  0x00000227537c89a0 JavaThread "process reaper (pid 114892)" daemon [_thread_in_native, id=34656, stack(0x000000a014d20000,0x000000a014d40000)]
  0x00000227580ca6b0 JavaThread "C2 CompilerThread4" daemon [_thread_in_native, id=60720, stack(0x000000a01d200000,0x000000a01d300000)]
=>0x00000227580c96c0 JavaThread "C2 CompilerThread5" daemon [_thread_in_native, id=113248, stack(0x000000a01da00000,0x000000a01db00000)]

Other Threads:
  0x0000022743646600 VMThread "VM Thread" [stack: 0x000000a015600000,0x000000a015700000] [id=116556]
  0x0000022745854cf0 WatcherThread [stack: 0x000000a016600000,0x000000a016700000] [id=107980]
  0x000002272a5f7540 GCTaskThread "GC Thread#0" [stack: 0x000000a015500000,0x000000a015600000] [id=107324]
  0x0000022745d63ed0 GCTaskThread "GC Thread#1" [stack: 0x000000a016700000,0x000000a016800000] [id=28696]
  0x0000022745d654e0 GCTaskThread "GC Thread#2" [stack: 0x000000a016800000,0x000000a016900000] [id=105248]
  0x0000022746022c10 GCTaskThread "GC Thread#3" [stack: 0x000000a016900000,0x000000a016a00000] [id=115472]
  0x0000022745b8ae60 GCTaskThread "GC Thread#4" [stack: 0x000000a016a00000,0x000000a016b00000] [id=106600]
  0x0000022745b8b930 GCTaskThread "GC Thread#5" [stack: 0x000000a016b00000,0x000000a016c00000] [id=102708]
  0x0000022745f775b0 GCTaskThread "GC Thread#6" [stack: 0x000000a016e00000,0x000000a016f00000] [id=107412]
  0x0000022746762820 GCTaskThread "GC Thread#7" [stack: 0x000000a016f00000,0x000000a017000000] [id=113336]
  0x0000022746834ad0 GCTaskThread "GC Thread#8" [stack: 0x000000a017300000,0x000000a017400000] [id=15676]
  0x00000227468351a0 GCTaskThread "GC Thread#9" [stack: 0x000000a017400000,0x000000a017500000] [id=113796]
  0x000002274681d3f0 GCTaskThread "GC Thread#10" [stack: 0x000000a016200000,0x000000a016300000] [id=14104]
  0x000002274681d970 GCTaskThread "GC Thread#11" [stack: 0x000000a017700000,0x000000a017800000] [id=23324]
  0x000002274681c370 GCTaskThread "GC Thread#12" [stack: 0x000000a017c00000,0x000000a017d00000] [id=108952]

Threads with active compile tasks:
C2 CompilerThread0    21220 17247       4       org.eclipse.jdt.internal.compiler.lookup.LookupEnvironment$$Lambda$429/0x00000001006d8d50::apply (20 bytes)
C1 CompilerThread0    21220 17314   !   3       org.eclipse.jdt.internal.compiler.lookup.SourceTypeBinding::methods (2066 bytes)
C1 CompilerThread1    21220 17316   !   3       lombok.eclipse.agent.PatchExtensionMethod::resolveType (870 bytes)
C2 CompilerThread1    21221 17292       4       org.eclipse.jdt.internal.compiler.lookup.TypeSystem$HashedParameterizedTypes$PTBKey::<init> (157 bytes)
C2 CompilerThread2    21221 17245   !   4       org.eclipse.jdt.internal.core.NameLookup::seekTypesInBinaryPackage (399 bytes)
C2 CompilerThread3    21221 17252       4       org.eclipse.jdt.internal.compiler.lookup.CompilationUnitScope::recordQualifiedReference (103 bytes)
C1 CompilerThread2    21221 17310       3       org.eclipse.jdt.internal.compiler.lookup.ParameterizedTypeBinding::boundCheck (167 bytes)
C2 CompilerThread4    21221 17291       4       org.eclipse.jdt.internal.compiler.lookup.TypeSystem$HashedParameterizedTypes::get (249 bytes)
C2 CompilerThread5    21221 17194       4       org.eclipse.jdt.internal.core.JavaProject$ModuleLookup::addTransitive (71 bytes)

VM state: not at safepoint (normal execution)

VM Mutex/Monitor currently owned by a thread:  ([mutex/lock_event])
[0x000002272a5dbe60] CodeCache_lock - owner thread: 0x00000227580c86d0
[0x000002272a5dd530] Compile_lock - owner thread: 0x00000227580c86d0
[0x000002272a5dc8d0] MethodCompileQueue_lock - owner thread: 0x00000227580c86d0

Heap address: 0x00000000c0000000, size: 1024 MB, Compressed Oops mode: 32-bit

CDS archive(s) not mapped
Compressed class space mapped at: 0x0000000100000000-0x0000000140000000, reserved size: 1073741824
Narrow klass base: 0x0000000000000000, Narrow klass shift: 3, Narrow klass range: 0x140000000

GC Precious Log:
 CPUs: 16 total, 16 available
 Memory: 16236M
 Large Page Support: Disabled
 NUMA Support: Disabled
 Compressed Oops: Enabled (32-bit)
 Alignments: Space 512K, Generation 512K, Heap 2M
 Heap Min Capacity: 100M
 Heap Initial Capacity: 100M
 Heap Max Capacity: 1G
 Pre-touch: Disabled
 Parallel Workers: 13

Heap:
 PSYoungGen      total 11264K, used 8926K [0x00000000eab00000, 0x00000000eb780000, 0x0000000100000000)
  eden space 9728K, 77% used [0x00000000eab00000,0x00000000eb25b9d8,0x00000000eb480000)
  from space 1536K, 90% used [0x00000000eb480000,0x00000000eb5dc010,0x00000000eb600000)
  to   space 1536K, 0% used [0x00000000eb600000,0x00000000eb600000,0x00000000eb780000)
 ParOldGen       total 271872K, used 268543K [0x00000000c0000000, 0x00000000d0980000, 0x00000000eab00000)
  object space 271872K, 98% used [0x00000000c0000000,0x00000000d063fe20,0x00000000d0980000)
 Metaspace       used 83613K, committed 85056K, reserved 1179648K
  class space    used 8527K, committed 9152K, reserved 1048576K

Card table byte_map: [0x0000022729f70000,0x000002272a180000] _byte_map_base: 0x0000022729970000

Marking Bits: (ParMarkBitMap*) 0x00007fffe8676940
 Begin Bits: [0x000002273c270000, 0x000002273d270000)
 End Bits:   [0x000002273d270000, 0x000002273e270000)

Polling page: 0x0000022728560000

Metaspace:

Usage:
  Non-class:     73.33 MB used.
      Class:      8.33 MB used.
       Both:     81.65 MB used.

Virtual space:
  Non-class space:      128.00 MB reserved,      74.12 MB ( 58%) committed,  2 nodes.
      Class space:        1.00 GB reserved,       8.94 MB ( <1%) committed,  1 nodes.
             Both:        1.12 GB reserved,      83.06 MB (  7%) committed. 

Chunk freelists:
   Non-Class:  5.72 MB
       Class:  7.00 MB
        Both:  12.72 MB

MaxMetaspaceSize: unlimited
CompressedClassSpaceSize: 1.00 GB
Initial GC threshold: 21.00 MB
Current GC threshold: 138.25 MB
CDS: off
MetaspaceReclaimPolicy: balanced
 - commit_granule_bytes: 65536.
 - commit_granule_words: 8192.
 - virtual_space_node_default_size: 8388608.
 - enlarge_chunks_in_place: 1.
 - new_chunks_are_fully_committed: 0.
 - uncommit_free_chunks: 1.
 - use_allocation_guard: 0.
 - handle_deallocations: 1.


Internal statistics:

num_allocs_failed_limit: 6.
num_arena_births: 1042.
num_arena_deaths: 30.
num_vsnodes_births: 3.
num_vsnodes_deaths: 0.
num_space_committed: 1329.
num_space_uncommitted: 0.
num_chunks_returned_to_freelist: 44.
num_chunks_taken_from_freelist: 4637.
num_chunk_merges: 21.
num_chunk_splits: 2872.
num_chunks_enlarged: 1639.
num_inconsistent_stats: 0.

CodeHeap 'non-profiled nmethods': size=119168Kb used=8711Kb max_used=8725Kb free=110456Kb
 bounds [0x0000022734e10000, 0x00000227356b0000, 0x000002273c270000]
CodeHeap 'profiled nmethods': size=119104Kb used=26066Kb max_used=28552Kb free=93037Kb
 bounds [0x000002272d270000, 0x000002272ee70000, 0x00000227346c0000]
CodeHeap 'non-nmethods': size=7488Kb used=2547Kb max_used=3219Kb free=4940Kb
 bounds [0x00000227346c0000, 0x0000022734a00000, 0x0000022734e10000]
 total_blobs=14055 nmethods=13270 adapters=694
 compilation: enabled
              stopped_count=0, restarted_count=0
 full_count=0

Compilation events (20 events):
Event: 21.159 Thread 0x0000022743812130 nmethod 17282 0x000002272dc18f90 code [0x000002272dc19160, 0x000002272dc19468]
Event: 21.160 Thread 0x000002274367ef60 nmethod 17283 0x000002272d2eaf90 code [0x000002272d2eb140, 0x000002272d2eb448]
Event: 21.168 Thread 0x00000227580c86d0 17285       3       org.eclipse.jdt.internal.compiler.lookup.MethodScope::createMethod (504 bytes)
Event: 21.169 Thread 0x00000227580cb150 nmethod 17254 0x0000022735338490 code [0x0000022735338640, 0x0000022735339618]
Event: 21.169 Thread 0x00000227580cb150 17252       4       org.eclipse.jdt.internal.compiler.lookup.CompilationUnitScope::recordQualifiedReference (103 bytes)
Event: 21.171 Thread 0x00000227580c86d0 nmethod 17285 0x000002272d7dad10 code [0x000002272d7db120, 0x000002272d7dd5e8]
Event: 21.177 Thread 0x0000022743812130 17286       2       java.util.stream.AbstractPipeline::exactOutputSizeIfKnown (86 bytes)
Event: 21.178 Thread 0x00000227436788f0 nmethod 17189 0x0000022734fe8910 code [0x0000022734fe8c00, 0x0000022734feabc8]
Event: 21.178 Thread 0x000002274367ef60 17287       2       java.util.stream.ReferencePipeline::collect (124 bytes)
Event: 21.178 Thread 0x00000227436788f0 17284       4       java.util.stream.ReferencePipeline::filter (22 bytes)
Event: 21.178 Thread 0x0000022743812130 nmethod 17286 0x000002272df1bc10 code [0x000002272df1bdc0, 0x000002272df1c058]
Event: 21.178 Thread 0x000002274367ef60 nmethod 17287 0x000002272d2f2890 code [0x000002272d2f2b00, 0x000002272d2f2f68]
Event: 21.180 Thread 0x00000227436788f0 nmethod 17284 0x00000227354d9590 code [0x00000227354d9720, 0x00000227354d98b8]
Event: 21.180 Thread 0x00000227436788f0 17247       4       org.eclipse.jdt.internal.compiler.lookup.LookupEnvironment$$Lambda$429/0x00000001006d8d50::apply (20 bytes)
Event: 21.186 Thread 0x0000022743812130 17289       3       org.eclipse.jdt.internal.compiler.lookup.SyntheticMethodBinding::markNonNull (125 bytes)
Event: 21.187 Thread 0x00000227580c86d0 17290       3       org.eclipse.jdt.internal.compiler.lookup.ReferenceBinding$2::compare (13 bytes)
Event: 21.187 Thread 0x00000227580c86d0 nmethod 17290 0x000002272e01fb90 code [0x000002272e01fd40, 0x000002272e020068]
Event: 21.187 Thread 0x0000022743812130 nmethod 17289 0x000002272d3ccb90 code [0x000002272d3ccde0, 0x000002272d3cd678]
Event: 21.188 Thread 0x0000022743812130 17293       1       org.eclipse.jdt.internal.compiler.impl.CompilerOptions::getLatestVersion (4 bytes)
Event: 21.188 Thread 0x0000022743812130 nmethod 17293 0x00000227354b6590 code [0x00000227354b6720, 0x00000227354b67d8]

GC Heap History (20 events):
Event: 20.942 GC heap before
{Heap before GC invocations=517 (full 18):
 PSYoungGen      total 8192K, used 8032K [0x00000000eab00000, 0x00000000eb500000, 0x0000000100000000)
  eden space 6656K, 100% used [0x00000000eab00000,0x00000000eb180000,0x00000000eb180000)
  from space 1536K, 89% used [0x00000000eb300000,0x00000000eb458000,0x00000000eb480000)
  to   space 1536K, 0% used [0x00000000eb180000,0x00000000eb180000,0x00000000eb300000)
 ParOldGen       total 271872K, used 253231K [0x00000000c0000000, 0x00000000d0980000, 0x00000000eab00000)
  object space 271872K, 93% used [0x00000000c0000000,0x00000000cf74bcf8,0x00000000d0980000)
 Metaspace       used 83565K, committed 84992K, reserved 1179648K
  class space    used 8527K, committed 9152K, reserved 1048576K
}
Event: 20.943 GC heap after
{Heap after GC invocations=517 (full 18):
 PSYoungGen      total 8192K, used 1376K [0x00000000eab00000, 0x00000000eb580000, 0x0000000100000000)
  eden space 6656K, 0% used [0x00000000eab00000,0x00000000eab00000,0x00000000eb180000)
  from space 1536K, 89% used [0x00000000eb180000,0x00000000eb2d8000,0x00000000eb300000)
  to   space 1536K, 0% used [0x00000000eb400000,0x00000000eb400000,0x00000000eb580000)
 ParOldGen       total 271872K, used 254415K [0x00000000c0000000, 0x00000000d0980000, 0x00000000eab00000)
  object space 271872K, 93% used [0x00000000c0000000,0x00000000cf873cf8,0x00000000d0980000)
 Metaspace       used 83565K, committed 84992K, reserved 1179648K
  class space    used 8527K, committed 9152K, reserved 1048576K
}
Event: 21.020 GC heap before
{Heap before GC invocations=518 (full 18):
 PSYoungGen      total 8192K, used 8032K [0x00000000eab00000, 0x00000000eb580000, 0x0000000100000000)
  eden space 6656K, 100% used [0x00000000eab00000,0x00000000eb180000,0x00000000eb180000)
  from space 1536K, 89% used [0x00000000eb180000,0x00000000eb2d8000,0x00000000eb300000)
  to   space 1536K, 0% used [0x00000000eb400000,0x00000000eb400000,0x00000000eb580000)
 ParOldGen       total 271872K, used 257871K [0x00000000c0000000, 0x00000000d0980000, 0x00000000eab00000)
  object space 271872K, 94% used [0x00000000c0000000,0x00000000cfbd3d00,0x00000000d0980000)
 Metaspace       used 83569K, committed 84992K, reserved 1179648K
  class space    used 8527K, committed 9152K, reserved 1048576K
}
Event: 21.022 GC heap after
{Heap after GC invocations=518 (full 18):
 PSYoungGen      total 8192K, used 1376K [0x00000000eab00000, 0x00000000eb580000, 0x0000000100000000)
  eden space 6656K, 0% used [0x00000000eab00000,0x00000000eab00000,0x00000000eb180000)
  from space 1536K, 89% used [0x00000000eb400000,0x00000000eb558000,0x00000000eb580000)
  to   space 1536K, 0% used [0x00000000eb180000,0x00000000eb180000,0x00000000eb300000)
 ParOldGen       total 271872K, used 259119K [0x00000000c0000000, 0x00000000d0980000, 0x00000000eab00000)
  object space 271872K, 95% used [0x00000000c0000000,0x00000000cfd0bd00,0x00000000d0980000)
 Metaspace       used 83569K, committed 84992K, reserved 1179648K
  class space    used 8527K, committed 9152K, reserved 1048576K
}
Event: 21.037 GC heap before
{Heap before GC invocations=519 (full 18):
 PSYoungGen      total 8192K, used 8032K [0x00000000eab00000, 0x00000000eb580000, 0x0000000100000000)
  eden space 6656K, 100% used [0x00000000eab00000,0x00000000eb180000,0x00000000eb180000)
  from space 1536K, 89% used [0x00000000eb400000,0x00000000eb558000,0x00000000eb580000)
  to   space 1536K, 0% used [0x00000000eb180000,0x00000000eb180000,0x00000000eb300000)
 ParOldGen       total 271872K, used 259119K [0x00000000c0000000, 0x00000000d0980000, 0x00000000eab00000)
  object space 271872K, 95% used [0x00000000c0000000,0x00000000cfd0bd00,0x00000000d0980000)
 Metaspace       used 83569K, committed 84992K, reserved 1179648K
  class space    used 8527K, committed 9152K, reserved 1048576K
}
Event: 21.039 GC heap after
{Heap after GC invocations=519 (full 18):
 PSYoungGen      total 8192K, used 1120K [0x00000000eab00000, 0x00000000eb480000, 0x0000000100000000)
  eden space 6656K, 0% used [0x00000000eab00000,0x00000000eab00000,0x00000000eb180000)
  from space 1536K, 72% used [0x00000000eb180000,0x00000000eb298000,0x00000000eb300000)
  to   space 1536K, 0% used [0x00000000eb300000,0x00000000eb300000,0x00000000eb480000)
 ParOldGen       total 271872K, used 260319K [0x00000000c0000000, 0x00000000d0980000, 0x00000000eab00000)
  object space 271872K, 95% used [0x00000000c0000000,0x00000000cfe37d00,0x00000000d0980000)
 Metaspace       used 83569K, committed 84992K, reserved 1179648K
  class space    used 8527K, committed 9152K, reserved 1048576K
}
Event: 21.055 GC heap before
{Heap before GC invocations=520 (full 18):
 PSYoungGen      total 8192K, used 7776K [0x00000000eab00000, 0x00000000eb480000, 0x0000000100000000)
  eden space 6656K, 100% used [0x00000000eab00000,0x00000000eb180000,0x00000000eb180000)
  from space 1536K, 72% used [0x00000000eb180000,0x00000000eb298000,0x00000000eb300000)
  to   space 1536K, 0% used [0x00000000eb300000,0x00000000eb300000,0x00000000eb480000)
 ParOldGen       total 271872K, used 260319K [0x00000000c0000000, 0x00000000d0980000, 0x00000000eab00000)
  object space 271872K, 95% used [0x00000000c0000000,0x00000000cfe37d00,0x00000000d0980000)
 Metaspace       used 83569K, committed 84992K, reserved 1179648K
  class space    used 8527K, committed 9152K, reserved 1048576K
}
Event: 21.058 GC heap after
{Heap after GC invocations=520 (full 18):
 PSYoungGen      total 7680K, used 1536K [0x00000000eab00000, 0x00000000eb680000, 0x0000000100000000)
  eden space 6144K, 0% used [0x00000000eab00000,0x00000000eab00000,0x00000000eb100000)
  from space 1536K, 100% used [0x00000000eb300000,0x00000000eb480000,0x00000000eb480000)
  to   space 2048K, 0% used [0x00000000eb100000,0x00000000eb100000,0x00000000eb300000)
 ParOldGen       total 271872K, used 261311K [0x00000000c0000000, 0x00000000d0980000, 0x00000000eab00000)
  object space 271872K, 96% used [0x00000000c0000000,0x00000000cff2fd00,0x00000000d0980000)
 Metaspace       used 83569K, committed 84992K, reserved 1179648K
  class space    used 8527K, committed 9152K, reserved 1048576K
}
Event: 21.068 GC heap before
{Heap before GC invocations=521 (full 18):
 PSYoungGen      total 7680K, used 7680K [0x00000000eab00000, 0x00000000eb680000, 0x0000000100000000)
  eden space 6144K, 100% used [0x00000000eab00000,0x00000000eb100000,0x00000000eb100000)
  from space 1536K, 100% used [0x00000000eb300000,0x00000000eb480000,0x00000000eb480000)
  to   space 2048K, 0% used [0x00000000eb100000,0x00000000eb100000,0x00000000eb300000)
 ParOldGen       total 271872K, used 261311K [0x00000000c0000000, 0x00000000d0980000, 0x00000000eab00000)
  object space 271872K, 96% used [0x00000000c0000000,0x00000000cff2fd00,0x00000000d0980000)
 Metaspace       used 83572K, committed 84992K, reserved 1179648K
  class space    used 8527K, committed 9152K, reserved 1048576K
}
Event: 21.070 GC heap after
{Heap after GC invocations=521 (full 18):
 PSYoungGen      total 8192K, used 1044K [0x00000000eab00000, 0x00000000eb500000, 0x0000000100000000)
  eden space 6144K, 0% used [0x00000000eab00000,0x00000000eab00000,0x00000000eb100000)
  from space 2048K, 51% used [0x00000000eb100000,0x00000000eb205200,0x00000000eb300000)
  to   space 1536K, 0% used [0x00000000eb380000,0x00000000eb380000,0x00000000eb500000)
 ParOldGen       total 271872K, used 262624K [0x00000000c0000000, 0x00000000d0980000, 0x00000000eab00000)
  object space 271872K, 96% used [0x00000000c0000000,0x00000000d0078110,0x00000000d0980000)
 Metaspace       used 83572K, committed 84992K, reserved 1179648K
  class space    used 8527K, committed 9152K, reserved 1048576K
}
Event: 21.078 GC heap before
{Heap before GC invocations=522 (full 18):
 PSYoungGen      total 8192K, used 7188K [0x00000000eab00000, 0x00000000eb500000, 0x0000000100000000)
  eden space 6144K, 100% used [0x00000000eab00000,0x00000000eb100000,0x00000000eb100000)
  from space 2048K, 51% used [0x00000000eb100000,0x00000000eb205200,0x00000000eb300000)
  to   space 1536K, 0% used [0x00000000eb380000,0x00000000eb380000,0x00000000eb500000)
 ParOldGen       total 271872K, used 262624K [0x00000000c0000000, 0x00000000d0980000, 0x00000000eab00000)
  object space 271872K, 96% used [0x00000000c0000000,0x00000000d0078110,0x00000000d0980000)
 Metaspace       used 83572K, committed 84992K, reserved 1179648K
  class space    used 8527K, committed 9152K, reserved 1048576K
}
Event: 21.080 GC heap after
{Heap after GC invocations=522 (full 18):
 PSYoungGen      total 8704K, used 1120K [0x00000000eab00000, 0x00000000eb500000, 0x0000000100000000)
  eden space 7168K, 0% used [0x00000000eab00000,0x00000000eab00000,0x00000000eb200000)
  from space 1536K, 72% used [0x00000000eb380000,0x00000000eb498020,0x00000000eb500000)
  to   space 1536K, 0% used [0x00000000eb200000,0x00000000eb200000,0x00000000eb380000)
 ParOldGen       total 271872K, used 263452K [0x00000000c0000000, 0x00000000d0980000, 0x00000000eab00000)
  object space 271872K, 96% used [0x00000000c0000000,0x00000000d0147330,0x00000000d0980000)
 Metaspace       used 83572K, committed 84992K, reserved 1179648K
  class space    used 8527K, committed 9152K, reserved 1048576K
}
Event: 21.090 GC heap before
{Heap before GC invocations=523 (full 18):
 PSYoungGen      total 8704K, used 8288K [0x00000000eab00000, 0x00000000eb500000, 0x0000000100000000)
  eden space 7168K, 100% used [0x00000000eab00000,0x00000000eb200000,0x00000000eb200000)
  from space 1536K, 72% used [0x00000000eb380000,0x00000000eb498020,0x00000000eb500000)
  to   space 1536K, 0% used [0x00000000eb200000,0x00000000eb200000,0x00000000eb380000)
 ParOldGen       total 271872K, used 263452K [0x00000000c0000000, 0x00000000d0980000, 0x00000000eab00000)
  object space 271872K, 96% used [0x00000000c0000000,0x00000000d0147330,0x00000000d0980000)
 Metaspace       used 83572K, committed 84992K, reserved 1179648K
  class space    used 8527K, committed 9152K, reserved 1048576K
}
Event: 21.092 GC heap after
{Heap after GC invocations=523 (full 18):
 PSYoungGen      total 8704K, used 1104K [0x00000000eab00000, 0x00000000eb600000, 0x0000000100000000)
  eden space 7168K, 0% used [0x00000000eab00000,0x00000000eab00000,0x00000000eb200000)
  from space 1536K, 71% used [0x00000000eb200000,0x00000000eb314010,0x00000000eb380000)
  to   space 1536K, 0% used [0x00000000eb480000,0x00000000eb480000,0x00000000eb600000)
 ParOldGen       total 271872K, used 264332K [0x00000000c0000000, 0x00000000d0980000, 0x00000000eab00000)
  object space 271872K, 97% used [0x00000000c0000000,0x00000000d0223350,0x00000000d0980000)
 Metaspace       used 83572K, committed 84992K, reserved 1179648K
  class space    used 8527K, committed 9152K, reserved 1048576K
}
Event: 21.109 GC heap before
{Heap before GC invocations=524 (full 18):
 PSYoungGen      total 8704K, used 8272K [0x00000000eab00000, 0x00000000eb600000, 0x0000000100000000)
  eden space 7168K, 100% used [0x00000000eab00000,0x00000000eb200000,0x00000000eb200000)
  from space 1536K, 71% used [0x00000000eb200000,0x00000000eb314010,0x00000000eb380000)
  to   space 1536K, 0% used [0x00000000eb480000,0x00000000eb480000,0x00000000eb600000)
 ParOldGen       total 271872K, used 264332K [0x00000000c0000000, 0x00000000d0980000, 0x00000000eab00000)
  object space 271872K, 97% used [0x00000000c0000000,0x00000000d0223350,0x00000000d0980000)
 Metaspace       used 83574K, committed 84992K, reserved 1179648K
  class space    used 8527K, committed 9152K, reserved 1048576K
}
Event: 21.111 GC heap after
{Heap after GC invocations=524 (full 18):
 PSYoungGen      total 9728K, used 1173K [0x00000000eab00000, 0x00000000eb600000, 0x0000000100000000)
  eden space 8192K, 0% used [0x00000000eab00000,0x00000000eab00000,0x00000000eb300000)
  from space 1536K, 76% used [0x00000000eb480000,0x00000000eb5a5658,0x00000000eb600000)
  to   space 1536K, 0% used [0x00000000eb300000,0x00000000eb300000,0x00000000eb480000)
 ParOldGen       total 271872K, used 265252K [0x00000000c0000000, 0x00000000d0980000, 0x00000000eab00000)
  object space 271872K, 97% used [0x00000000c0000000,0x00000000d0309370,0x00000000d0980000)
 Metaspace       used 83574K, committed 84992K, reserved 1179648K
  class space    used 8527K, committed 9152K, reserved 1048576K
}
Event: 21.146 GC heap before
{Heap before GC invocations=525 (full 18):
 PSYoungGen      total 9728K, used 9365K [0x00000000eab00000, 0x00000000eb600000, 0x0000000100000000)
  eden space 8192K, 100% used [0x00000000eab00000,0x00000000eb300000,0x00000000eb300000)
  from space 1536K, 76% used [0x00000000eb480000,0x00000000eb5a5658,0x00000000eb600000)
  to   space 1536K, 0% used [0x00000000eb300000,0x00000000eb300000,0x00000000eb480000)
 ParOldGen       total 271872K, used 265252K [0x00000000c0000000, 0x00000000d0980000, 0x00000000eab00000)
  object space 271872K, 97% used [0x00000000c0000000,0x00000000d0309370,0x00000000d0980000)
 Metaspace       used 83575K, committed 84992K, reserved 1179648K
  class space    used 8527K, committed 9152K, reserved 1048576K
}
Event: 21.149 GC heap after
{Heap after GC invocations=525 (full 18):
 PSYoungGen      total 9728K, used 1460K [0x00000000eab00000, 0x00000000eb780000, 0x0000000100000000)
  eden space 8192K, 0% used [0x00000000eab00000,0x00000000eab00000,0x00000000eb300000)
  from space 1536K, 95% used [0x00000000eb300000,0x00000000eb46d200,0x00000000eb480000)
  to   space 1536K, 0% used [0x00000000eb600000,0x00000000eb600000,0x00000000eb780000)
 ParOldGen       total 271872K, used 266153K [0x00000000c0000000, 0x00000000d0980000, 0x00000000eab00000)
  object space 271872K, 97% used [0x00000000c0000000,0x00000000d03ea5b8,0x00000000d0980000)
 Metaspace       used 83575K, committed 84992K, reserved 1179648K
  class space    used 8527K, committed 9152K, reserved 1048576K
}
Event: 21.171 GC heap before
{Heap before GC invocations=526 (full 18):
 PSYoungGen      total 9728K, used 9652K [0x00000000eab00000, 0x00000000eb780000, 0x0000000100000000)
  eden space 8192K, 100% used [0x00000000eab00000,0x00000000eb300000,0x00000000eb300000)
  from space 1536K, 95% used [0x00000000eb300000,0x00000000eb46d200,0x00000000eb480000)
  to   space 1536K, 0% used [0x00000000eb600000,0x00000000eb600000,0x00000000eb780000)
 ParOldGen       total 271872K, used 266153K [0x00000000c0000000, 0x00000000d0980000, 0x00000000eab00000)
  object space 271872K, 97% used [0x00000000c0000000,0x00000000d03ea5b8,0x00000000d0980000)
 Metaspace       used 83575K, committed 84992K, reserved 1179648K
  class space    used 8527K, committed 9152K, reserved 1048576K
}
Event: 21.174 GC heap after
{Heap after GC invocations=526 (full 18):
 PSYoungGen      total 11264K, used 1392K [0x00000000eab00000, 0x00000000eb780000, 0x0000000100000000)
  eden space 9728K, 0% used [0x00000000eab00000,0x00000000eab00000,0x00000000eb480000)
  from space 1536K, 90% used [0x00000000eb600000,0x00000000eb75c010,0x00000000eb780000)
  to   space 1536K, 0% used [0x00000000eb480000,0x00000000eb480000,0x00000000eb600000)
 ParOldGen       total 271872K, used 267407K [0x00000000c0000000, 0x00000000d0980000, 0x00000000eab00000)
  object space 271872K, 98% used [0x00000000c0000000,0x00000000d0523e00,0x00000000d0980000)
 Metaspace       used 83575K, committed 84992K, reserved 1179648K
  class space    used 8527K, committed 9152K, reserved 1048576K
}

Dll operation events (11 events):
Event: 0.011 Loaded shared library c:\Users\leope\.vscode\extensions\redhat.java-1.37.0-win32-x64\jre\17.0.13-win32-x86_64\bin\java.dll
Event: 0.127 Loaded shared library c:\Users\leope\.vscode\extensions\redhat.java-1.37.0-win32-x64\jre\17.0.13-win32-x86_64\bin\zip.dll
Event: 0.131 Loaded shared library C:\Users\leope\.vscode\extensions\redhat.java-1.37.0-win32-x64\jre\17.0.13-win32-x86_64\bin\instrument.dll
Event: 0.142 Loaded shared library C:\Users\leope\.vscode\extensions\redhat.java-1.37.0-win32-x64\jre\17.0.13-win32-x86_64\bin\net.dll
Event: 0.143 Loaded shared library C:\Users\leope\.vscode\extensions\redhat.java-1.37.0-win32-x64\jre\17.0.13-win32-x86_64\bin\nio.dll
Event: 0.151 Loaded shared library C:\Users\leope\.vscode\extensions\redhat.java-1.37.0-win32-x64\jre\17.0.13-win32-x86_64\bin\zip.dll
Event: 0.165 Loaded shared library C:\Users\leope\.vscode\extensions\redhat.java-1.37.0-win32-x64\jre\17.0.13-win32-x86_64\bin\jimage.dll
Event: 0.223 Loaded shared library c:\Users\leope\.vscode\extensions\redhat.java-1.37.0-win32-x64\jre\17.0.13-win32-x86_64\bin\verify.dll
Event: 0.981 Loaded shared library C:\Users\leope\AppData\Roaming\Code\User\globalStorage\redhat.java\1.37.0\config_win\org.eclipse.equinox.launcher\org.eclipse.equinox.launcher.win32.win32.x86_64_1.2.1100.v20240722-2106\eclipse_11904.dll
Event: 2.500 Loaded shared library C:\Users\leope\AppData\Local\Temp\jna-102859403\jna14043820247040156888.dll
Event: 19.227 Loaded shared library C:\Users\leope\.vscode\extensions\redhat.java-1.37.0-win32-x64\jre\17.0.13-win32-x86_64\bin\extnet.dll

Deoptimization events (20 events):
Event: 21.134 Thread 0x0000022746baa240 Uncommon trap: trap_request=0xffffff6e fr.pc=0x0000022735459a18 relative=0x0000000000000cd8
Event: 21.134 Thread 0x0000022746baa240 Uncommon trap: reason=loop_limit_check action=maybe_recompile pc=0x0000022735459a18 method=org.eclipse.jdt.internal.compiler.util.HashtableOfObjectToInt.rehash()V @ 50 c2
Event: 21.134 Thread 0x0000022746baa240 DEOPT PACKING pc=0x0000022735459a18 sp=0x000000a017ffe530
Event: 21.134 Thread 0x0000022746baa240 DEOPT UNPACKING pc=0x00000227347166a3 sp=0x000000a017ffe490 mode 2
Event: 21.165 Thread 0x0000022746baa240 Uncommon trap: trap_request=0xffffffbe fr.pc=0x00000227353b7990 relative=0x0000000000000170
Event: 21.165 Thread 0x0000022746baa240 Uncommon trap: reason=profile_predicate action=maybe_recompile pc=0x00000227353b7990 method=java.util.HashMap.keysToArray([Ljava/lang/Object;)[Ljava/lang/Object; @ 36 c2
Event: 21.165 Thread 0x0000022746baa240 DEOPT PACKING pc=0x00000227353b7990 sp=0x000000a017ffdef0
Event: 21.165 Thread 0x0000022746baa240 DEOPT UNPACKING pc=0x00000227347166a3 sp=0x000000a017ffde60 mode 2
Event: 21.165 Thread 0x0000022746baa240 Uncommon trap: trap_request=0xffffffbe fr.pc=0x00000227353b7990 relative=0x0000000000000170
Event: 21.165 Thread 0x0000022746baa240 Uncommon trap: reason=profile_predicate action=maybe_recompile pc=0x00000227353b7990 method=java.util.HashMap.keysToArray([Ljava/lang/Object;)[Ljava/lang/Object; @ 36 c2
Event: 21.166 Thread 0x0000022746baa240 DEOPT PACKING pc=0x00000227353b7990 sp=0x000000a017ffdef0
Event: 21.166 Thread 0x0000022746baa240 DEOPT UNPACKING pc=0x00000227347166a3 sp=0x000000a017ffde60 mode 2
Event: 21.167 Thread 0x0000022746baa240 Uncommon trap: trap_request=0xffffffbe fr.pc=0x00000227353b7990 relative=0x0000000000000170
Event: 21.167 Thread 0x0000022746baa240 Uncommon trap: reason=profile_predicate action=maybe_recompile pc=0x00000227353b7990 method=java.util.HashMap.keysToArray([Ljava/lang/Object;)[Ljava/lang/Object; @ 36 c2
Event: 21.167 Thread 0x0000022746baa240 DEOPT PACKING pc=0x00000227353b7990 sp=0x000000a017ffdef0
Event: 21.167 Thread 0x0000022746baa240 DEOPT UNPACKING pc=0x00000227347166a3 sp=0x000000a017ffde60 mode 2
Event: 21.167 Thread 0x0000022746baa240 Uncommon trap: trap_request=0xffffffbe fr.pc=0x00000227353b7990 relative=0x0000000000000170
Event: 21.167 Thread 0x0000022746baa240 Uncommon trap: reason=profile_predicate action=maybe_recompile pc=0x00000227353b7990 method=java.util.HashMap.keysToArray([Ljava/lang/Object;)[Ljava/lang/Object; @ 36 c2
Event: 21.167 Thread 0x0000022746baa240 DEOPT PACKING pc=0x00000227353b7990 sp=0x000000a017ffdef0
Event: 21.167 Thread 0x0000022746baa240 DEOPT UNPACKING pc=0x00000227347166a3 sp=0x000000a017ffde60 mode 2

Classes loaded (20 events):
Event: 19.631 Loading class java/util/concurrent/CompletableFuture$UniCompose
Event: 19.631 Loading class java/util/concurrent/CompletableFuture$UniCompose done
Event: 19.631 Loading class java/util/concurrent/CompletableFuture$UniRelay
Event: 19.631 Loading class java/util/concurrent/CompletableFuture$UniRelay done
Event: 19.638 Loading class jdk/internal/reflect/UnsafeLongFieldAccessorImpl
Event: 19.638 Loading class jdk/internal/reflect/UnsafeLongFieldAccessorImpl done
Event: 20.191 Loading class java/util/stream/Streams$RangeIntSpliterator
Event: 20.191 Loading class java/util/stream/Streams$RangeIntSpliterator done
Event: 20.191 Loading class java/util/stream/IntPipeline$1
Event: 20.191 Loading class java/util/stream/IntPipeline$1 done
Event: 20.192 Loading class java/util/stream/IntPipeline$1$1
Event: 20.192 Loading class java/util/stream/IntPipeline$1$1 done
Event: 20.196 Loading class java/lang/ProcessHandleImpl$ExitCompletion
Event: 20.196 Loading class java/lang/ProcessHandleImpl$ExitCompletion done
Event: 20.196 Loading class java/lang/ProcessHandleImpl$1
Event: 20.196 Loading class java/lang/ProcessHandleImpl$1 done
Event: 20.197 Loading class java/util/concurrent/CompletableFuture$UniHandle
Event: 20.197 Loading class java/util/concurrent/CompletableFuture$UniHandle done
Event: 20.419 Loading class java/util/concurrent/ScheduledThreadPoolExecutor$DelayedWorkQueue$Itr
Event: 20.420 Loading class java/util/concurrent/ScheduledThreadPoolExecutor$DelayedWorkQueue$Itr done

Classes unloaded (15 events):
Event: 3.310 Thread 0x0000022743646600 Unloading class 0x0000000100254000 'java/lang/invoke/LambdaForm$MH+0x0000000100254000'
Event: 3.310 Thread 0x0000022743646600 Unloading class 0x0000000100253c00 'java/lang/invoke/LambdaForm$MH+0x0000000100253c00'
Event: 3.310 Thread 0x0000022743646600 Unloading class 0x0000000100253800 'java/lang/invoke/LambdaForm$MH+0x0000000100253800'
Event: 3.310 Thread 0x0000022743646600 Unloading class 0x0000000100253400 'java/lang/invoke/LambdaForm$MH+0x0000000100253400'
Event: 3.310 Thread 0x0000022743646600 Unloading class 0x0000000100253000 'java/lang/invoke/LambdaForm$BMH+0x0000000100253000'
Event: 3.310 Thread 0x0000022743646600 Unloading class 0x0000000100252c00 'java/lang/invoke/LambdaForm$DMH+0x0000000100252c00'
Event: 3.310 Thread 0x0000022743646600 Unloading class 0x0000000100250400 'java/lang/invoke/LambdaForm$DMH+0x0000000100250400'
Event: 8.812 Thread 0x0000022743646600 Unloading class 0x0000000100751400 'java/lang/invoke/LambdaForm$MH+0x0000000100751400'
Event: 8.812 Thread 0x0000022743646600 Unloading class 0x0000000100750c00 'java/lang/invoke/LambdaForm$MH+0x0000000100750c00'
Event: 8.812 Thread 0x0000022743646600 Unloading class 0x0000000100751000 'java/lang/invoke/LambdaForm$MH+0x0000000100751000'
Event: 8.812 Thread 0x0000022743646600 Unloading class 0x0000000100750800 'java/lang/invoke/LambdaForm$MH+0x0000000100750800'
Event: 8.812 Thread 0x0000022743646600 Unloading class 0x0000000100749400 'java/lang/invoke/LambdaForm$DMH+0x0000000100749400'
Event: 8.812 Thread 0x0000022743646600 Unloading class 0x0000000100749800 'java/lang/invoke/LambdaForm$DMH+0x0000000100749800'
Event: 8.812 Thread 0x0000022743646600 Unloading class 0x0000000100750000 'java/lang/invoke/LambdaForm$DMH+0x0000000100750000'
Event: 8.812 Thread 0x0000022743646600 Unloading class 0x0000000100749c00 'java/lang/invoke/LambdaForm$DMH+0x0000000100749c00'

Classes redefined (0 events):
No events

Internal exceptions (20 events):
Event: 18.985 Thread 0x0000022747f319d0 Exception <a 'sun/nio/fs/WindowsException'{0x00000000eac5ab40}> (0x00000000eac5ab40) 
thrown [s\src\hotspot\share\prims\jni.cpp, line 516]
Event: 18.985 Thread 0x0000022747f319d0 Exception <a 'sun/nio/fs/WindowsException'{0x00000000eac5b440}> (0x00000000eac5b440) 
thrown [s\src\hotspot\share\prims\jni.cpp, line 516]
Event: 18.986 Thread 0x0000022747f319d0 Exception <a 'sun/nio/fs/WindowsException'{0x00000000eac5c408}> (0x00000000eac5c408) 
thrown [s\src\hotspot\share\prims\jni.cpp, line 516]
Event: 18.986 Thread 0x0000022747f319d0 Exception <a 'sun/nio/fs/WindowsException'{0x00000000eac5cf60}> (0x00000000eac5cf60) 
thrown [s\src\hotspot\share\prims\jni.cpp, line 516]
Event: 18.986 Thread 0x0000022747f319d0 Exception <a 'sun/nio/fs/WindowsException'{0x00000000eac5e9b8}> (0x00000000eac5e9b8) 
thrown [s\src\hotspot\share\prims\jni.cpp, line 516]
Event: 18.987 Thread 0x0000022747f319d0 Exception <a 'sun/nio/fs/WindowsException'{0x00000000eac60758}> (0x00000000eac60758) 
thrown [s\src\hotspot\share\prims\jni.cpp, line 516]
Event: 18.992 Thread 0x0000022747f319d0 Exception <a 'sun/nio/fs/WindowsException'{0x00000000eacb71f8}> (0x00000000eacb71f8) 
thrown [s\src\hotspot\share\prims\jni.cpp, line 516]
Event: 18.992 Thread 0x0000022747f319d0 Exception <a 'sun/nio/fs/WindowsException'{0x00000000eacb7ad8}> (0x00000000eacb7ad8) 
thrown [s\src\hotspot\share\prims\jni.cpp, line 516]
Event: 19.030 Thread 0x0000022747b82ba0 Exception <a 'sun/nio/fs/WindowsException'{0x00000000eab9e380}> (0x00000000eab9e380) 
thrown [s\src\hotspot\share\prims\jni.cpp, line 516]
Event: 19.031 Thread 0x0000022747b82ba0 Exception <a 'sun/nio/fs/WindowsException'{0x00000000eabf4e08}> (0x00000000eabf4e08) 
thrown [s\src\hotspot\share\prims\jni.cpp, line 516]
Event: 19.267 Thread 0x0000022747f36fe0 Exception <a 'java/io/FileNotFoundException'{0x00000000eac82560}> (0x00000000eac82560) 
thrown [s\src\hotspot\share\prims\jni.cpp, line 516]
Event: 19.407 Thread 0x0000022746bab170 Implicit null exception at 0x00000227353cfb41 to 0x00000227353d393c
Event: 19.509 Thread 0x0000022747f36fe0 Exception <a 'java/lang/NoSuchMethodError'{0x00000000eab6a210}: 'java.lang.Object java.lang.invoke.DirectMethodHandle$Holder.invokeVirtual(java.lang.Object, java.lang.Object, java.lang.Object, java.lang.Object)'> (0x00000000eab6a210) 
thrown [s\src\hotspot\share\interpreter\linkResolver.cpp, line 759]
Event: 19.566 Thread 0x0000022747f34250 Exception <a 'java/lang/NoSuchMethodError'{0x00000000eab11678}: 'java.lang.Object java.lang.invoke.DirectMethodHandle$Holder.invokeStatic(java.lang.Object, long, java.lang.Object, java.lang.Object)'> (0x00000000eab11678) 
thrown [s\src\hotspot\share\interpreter\linkResolver.cpp, line 759]
Event: 19.566 Thread 0x0000022747f34250 Exception <a 'java/lang/NoSuchMethodError'{0x00000000eab64478}: 'java.lang.Object java.lang.invoke.DirectMethodHandle$Holder.newInvokeSpecial(java.lang.Object, long)'> (0x00000000eab64478) 
thrown [s\src\hotspot\share\interpreter\linkResolver.cpp, line 759]
Event: 19.602 Thread 0x0000022747f34250 Exception <a 'sun/nio/fs/WindowsException'{0x00000000ead39738}> (0x00000000ead39738) 
thrown [s\src\hotspot\share\prims\jni.cpp, line 516]
Event: 19.602 Thread 0x0000022747f34250 Exception <a 'sun/nio/fs/WindowsException'{0x00000000ead39a08}> (0x00000000ead39a08) 
thrown [s\src\hotspot\share\prims\jni.cpp, line 516]
Event: 19.602 Thread 0x0000022747f34250 Exception <a 'sun/nio/fs/WindowsException'{0x00000000ead9ebe8}> (0x00000000ead9ebe8) 
thrown [s\src\hotspot\share\prims\jni.cpp, line 516]
Event: 19.603 Thread 0x0000022747f34250 Exception <a 'sun/nio/fs/WindowsException'{0x00000000ead9eeb8}> (0x00000000ead9eeb8) 
thrown [s\src\hotspot\share\prims\jni.cpp, line 516]
Event: 19.630 Thread 0x0000022747f34250 Exception <a 'java/lang/NoSuchMethodError'{0x00000000eab589f0}: 'void java.lang.invoke.DirectMethodHandle$Holder.invokeStatic(java.lang.Object, java.lang.Object, java.lang.Object, java.lang.Object, java.lang.Object, java.lang.Object, java.lang.Object)'> (0x00000000eab589f0) 
thrown [s\src\hotspot\share\interpreter\linkResolver.cpp, line 759]

VM Operations (20 events):
Event: 21.020 Executing VM operation: ParallelGCFailedAllocation
Event: 21.022 Executing VM operation: ParallelGCFailedAllocation done
Event: 21.037 Executing VM operation: ParallelGCFailedAllocation
Event: 21.039 Executing VM operation: ParallelGCFailedAllocation done
Event: 21.055 Executing VM operation: ParallelGCFailedAllocation
Event: 21.058 Executing VM operation: ParallelGCFailedAllocation done
Event: 21.068 Executing VM operation: ParallelGCFailedAllocation
Event: 21.070 Executing VM operation: ParallelGCFailedAllocation done
Event: 21.078 Executing VM operation: ParallelGCFailedAllocation
Event: 21.080 Executing VM operation: ParallelGCFailedAllocation done
Event: 21.089 Executing VM operation: ParallelGCFailedAllocation
Event: 21.092 Executing VM operation: ParallelGCFailedAllocation done
Event: 21.097 Executing VM operation: HandshakeAllThreads
Event: 21.097 Executing VM operation: HandshakeAllThreads done
Event: 21.109 Executing VM operation: ParallelGCFailedAllocation
Event: 21.111 Executing VM operation: ParallelGCFailedAllocation done
Event: 21.146 Executing VM operation: ParallelGCFailedAllocation
Event: 21.149 Executing VM operation: ParallelGCFailedAllocation done
Event: 21.171 Executing VM operation: ParallelGCFailedAllocation
Event: 21.174 Executing VM operation: ParallelGCFailedAllocation done

Memory protections (0 events):
No events

Nmethod flushes (20 events):
Event: 21.156 Thread 0x000002274368a8e0 flushing  nmethod 0x000002272ed02210
Event: 21.156 Thread 0x000002274368a8e0 flushing  nmethod 0x000002272ed03210
Event: 21.156 Thread 0x000002274368a8e0 flushing  nmethod 0x000002272ed05390
Event: 21.156 Thread 0x000002274368a8e0 flushing  nmethod 0x000002272ed14910
Event: 21.156 Thread 0x000002274368a8e0 flushing  nmethod 0x000002272ed28110
Event: 21.156 Thread 0x000002274368a8e0 flushing  nmethod 0x000002272ed30d10
Event: 21.156 Thread 0x000002274368a8e0 flushing  nmethod 0x000002272ed31410
Event: 21.156 Thread 0x000002274368a8e0 flushing  nmethod 0x000002272ed32410
Event: 21.156 Thread 0x000002274368a8e0 flushing  nmethod 0x000002272ed66810
Event: 21.156 Thread 0x000002274368a8e0 flushing  nmethod 0x000002272ed6e490
Event: 21.156 Thread 0x000002274368a8e0 flushing  nmethod 0x000002272ed78a90
Event: 21.156 Thread 0x000002274368a8e0 flushing  nmethod 0x000002272ed7d110
Event: 21.156 Thread 0x000002274368a8e0 flushing  nmethod 0x000002272ed7e290
Event: 21.156 Thread 0x000002274368a8e0 flushing  nmethod 0x000002272ed7eb90
Event: 21.156 Thread 0x000002274368a8e0 flushing  nmethod 0x000002272ed82390
Event: 21.156 Thread 0x000002274368a8e0 flushing  nmethod 0x000002272ed83190
Event: 21.156 Thread 0x000002274368a8e0 flushing  nmethod 0x000002272ed85f10
Event: 21.156 Thread 0x000002274368a8e0 flushing  nmethod 0x000002272ed86a90
Event: 21.157 Thread 0x000002274368a8e0 flushing  nmethod 0x000002272ed9b190
Event: 21.157 Thread 0x000002274368a8e0 flushing  nmethod 0x000002272ee2e810

Events (20 events):
Event: 18.856 Thread 0x0000022747f38930 Thread added: 0x0000022747f32e10
Event: 18.860 Thread 0x0000022747f32e10 Thread added: 0x0000022747f33320
Event: 18.861 Thread 0x0000022747f33320 Thread added: 0x0000022747f35690
Event: 18.861 Thread 0x0000022747f35690 Thread added: 0x0000022747f365c0
Event: 18.862 Thread 0x0000022747f365c0 Thread added: 0x0000022747f360b0
Event: 19.153 Thread 0x00000227580cb6a0 Thread added: 0x0000022745bb13c0
Event: 19.230 Thread 0x0000022747f319d0 Thread added: 0x0000022747f34760
Event: 19.234 Thread 0x0000022747f34760 Thread added: 0x0000022747f36fe0
Event: 19.419 Thread 0x0000022747f36fe0 Thread added: 0x0000022747f33830
Event: 19.427 Thread 0x0000022747f36fe0 Thread added: 0x0000022747f33d40
Event: 19.561 Thread 0x0000022747f36fe0 Thread added: 0x0000022747f34250
Event: 19.627 Thread 0x0000022747f34250 Thread added: 0x0000022747f34c70
Event: 19.635 Thread 0x0000022747f36fe0 Thread added: 0x0000022747b82690
Event: 19.636 Thread 0x0000022747f34c70 Thread exited: 0x0000022747f34c70
Event: 20.196 Thread 0x0000022747b82690 Thread added: 0x00000227537c89a0
Event: 20.198 Thread 0x0000022747b82690 Thread exited: 0x0000022747b82690
Event: 20.343 Thread 0x0000022745bb0e70 Thread exited: 0x0000022745bb0e70
Event: 20.810 Thread 0x0000022745bb13c0 Thread exited: 0x0000022745bb13c0
Event: 21.077 Thread 0x00000227580c86d0 Thread added: 0x00000227580ca6b0
Event: 21.078 Thread 0x00000227580c86d0 Thread added: 0x00000227580c96c0


Dynamic libraries:
0x00007ff6d4e10000 - 0x00007ff6d4e1e000 	c:\Users\leope\.vscode\extensions\redhat.java-1.37.0-win32-x64\jre\17.0.13-win32-x86_64\bin\java.exe
0x00007ff850e50000 - 0x00007ff851067000 	C:\Windows\SYSTEM32\ntdll.dll
0x00007ff84fce0000 - 0x00007ff84fda4000 	C:\Windows\System32\KERNEL32.DLL
0x00007ff84e360000 - 0x00007ff84e719000 	C:\Windows\System32\KERNELBASE.dll
0x00007ff84e810000 - 0x00007ff84e921000 	C:\Windows\System32\ucrtbase.dll
0x00007ff849050000 - 0x00007ff849067000 	c:\Users\leope\.vscode\extensions\redhat.java-1.37.0-win32-x64\jre\17.0.13-win32-x86_64\bin\jli.dll
0x00007ff8465e0000 - 0x00007ff8465fe000 	c:\Users\leope\.vscode\extensions\redhat.java-1.37.0-win32-x64\jre\17.0.13-win32-x86_64\bin\VCRUNTIME140.dll
0x00007ff84f220000 - 0x00007ff84f3ce000 	C:\Windows\System32\USER32.dll
0x00007ff82e0d0000 - 0x00007ff82e362000 	C:\Windows\WinSxS\amd64_microsoft.windows.common-controls_6595b64144ccf1df_6.0.22621.4391_none_2715d37f73803e96\COMCTL32.dll
0x00007ff84eb10000 - 0x00007ff84eb36000 	C:\Windows\System32\win32u.dll
0x00007ff84eb70000 - 0x00007ff84eb99000 	C:\Windows\System32\GDI32.dll
0x00007ff850620000 - 0x00007ff8506c7000 	C:\Windows\System32\msvcrt.dll
0x00007ff84e9f0000 - 0x00007ff84eb0b000 	C:\Windows\System32\gdi32full.dll
0x00007ff84e150000 - 0x00007ff84e1ea000 	C:\Windows\System32\msvcp_win.dll
0x00007ff8502c0000 - 0x00007ff8502f1000 	C:\Windows\System32\IMM32.DLL
0x00007ff847e50000 - 0x00007ff847e5c000 	c:\Users\leope\.vscode\extensions\redhat.java-1.37.0-win32-x64\jre\17.0.13-win32-x86_64\bin\vcruntime140_1.dll
0x00007ff828290000 - 0x00007ff82831d000 	c:\Users\leope\.vscode\extensions\redhat.java-1.37.0-win32-x64\jre\17.0.13-win32-x86_64\bin\msvcp140.dll
0x00007fffe7ad0000 - 0x00007fffe873b000 	c:\Users\leope\.vscode\extensions\redhat.java-1.37.0-win32-x64\jre\17.0.13-win32-x86_64\bin\server\jvm.dll
0x00007ff84fea0000 - 0x00007ff84ff52000 	C:\Windows\System32\ADVAPI32.dll
0x00007ff84f0b0000 - 0x00007ff84f157000 	C:\Windows\System32\sechost.dll
0x00007ff84eb40000 - 0x00007ff84eb68000 	C:\Windows\System32\bcrypt.dll
0x00007ff84ff70000 - 0x00007ff850084000 	C:\Windows\System32\RPCRT4.dll
0x00007ff84f030000 - 0x00007ff84f0a1000 	C:\Windows\System32\WS2_32.dll
0x00007ff84cfa0000 - 0x00007ff84cfed000 	C:\Windows\SYSTEM32\POWRPROF.dll
0x00007ff848f70000 - 0x00007ff848fa4000 	C:\Windows\SYSTEM32\WINMM.dll
0x00007ff848f40000 - 0x00007ff848f4a000 	C:\Windows\SYSTEM32\VERSION.dll
0x00007ff84cf80000 - 0x00007ff84cf93000 	C:\Windows\SYSTEM32\UMPDC.dll
0x00007ff84d1a0000 - 0x00007ff84d1b8000 	C:\Windows\SYSTEM32\kernel.appcore.dll
0x00007ff845f10000 - 0x00007ff845f1a000 	c:\Users\leope\.vscode\extensions\redhat.java-1.37.0-win32-x64\jre\17.0.13-win32-x86_64\bin\jimage.dll
0x00007ff845940000 - 0x00007ff845b72000 	C:\Windows\SYSTEM32\DBGHELP.DLL
0x00007ff84eba0000 - 0x00007ff84ef2f000 	C:\Windows\System32\combase.dll
0x00007ff8501e0000 - 0x00007ff8502b7000 	C:\Windows\System32\OLEAUT32.dll
0x00007ff845870000 - 0x00007ff8458a2000 	C:\Windows\SYSTEM32\dbgcore.DLL
0x00007ff84e720000 - 0x00007ff84e79b000 	C:\Windows\System32\bcryptPrimitives.dll
0x00007ff845ea0000 - 0x00007ff845eae000 	c:\Users\leope\.vscode\extensions\redhat.java-1.37.0-win32-x64\jre\17.0.13-win32-x86_64\bin\instrument.dll
0x00007ff830bf0000 - 0x00007ff830c15000 	c:\Users\leope\.vscode\extensions\redhat.java-1.37.0-win32-x64\jre\17.0.13-win32-x86_64\bin\java.dll
0x00007ff8442c0000 - 0x00007ff8442d8000 	c:\Users\leope\.vscode\extensions\redhat.java-1.37.0-win32-x64\jre\17.0.13-win32-x86_64\bin\zip.dll
0x00007ff84f450000 - 0x00007ff84fcc6000 	C:\Windows\System32\SHELL32.dll
0x00007ff84c040000 - 0x00007ff84c943000 	C:\Windows\SYSTEM32\windows.storage.dll
0x00007ff84bf00000 - 0x00007ff84c03f000 	C:\Windows\SYSTEM32\wintypes.dll
0x00007ff850d10000 - 0x00007ff850e09000 	C:\Windows\System32\SHCORE.dll
0x00007ff84fdb0000 - 0x00007ff84fe0e000 	C:\Windows\System32\shlwapi.dll
0x00007ff84e080000 - 0x00007ff84e0ab000 	C:\Windows\SYSTEM32\profapi.dll
0x00007ff843580000 - 0x00007ff843599000 	C:\Users\leope\.vscode\extensions\redhat.java-1.37.0-win32-x64\jre\17.0.13-win32-x86_64\bin\net.dll
0x00007ff848b30000 - 0x00007ff848c66000 	C:\Windows\SYSTEM32\WINHTTP.dll
0x00007ff84d6b0000 - 0x00007ff84d719000 	C:\Windows\system32\mswsock.dll
0x00007ff836d80000 - 0x00007ff836d96000 	C:\Users\leope\.vscode\extensions\redhat.java-1.37.0-win32-x64\jre\17.0.13-win32-x86_64\bin\nio.dll
0x00007ff8448a0000 - 0x00007ff8448b0000 	c:\Users\leope\.vscode\extensions\redhat.java-1.37.0-win32-x64\jre\17.0.13-win32-x86_64\bin\verify.dll
0x00007ff82e890000 - 0x00007ff82e8d5000 	C:\Users\leope\AppData\Roaming\Code\User\globalStorage\redhat.java\1.37.0\config_win\org.eclipse.equinox.launcher\org.eclipse.equinox.launcher.win32.win32.x86_64_1.2.1100.v20240722-2106\eclipse_11904.dll
0x00007ff8506e0000 - 0x00007ff850885000 	C:\Windows\System32\ole32.dll
0x00007ff84da00000 - 0x00007ff84da1b000 	C:\Windows\SYSTEM32\CRYPTSP.dll
0x00007ff84d1c0000 - 0x00007ff84d1f5000 	C:\Windows\system32\rsaenh.dll
0x00007ff84d750000 - 0x00007ff84d778000 	C:\Windows\SYSTEM32\USERENV.dll
0x00007ff84d9e0000 - 0x00007ff84d9ec000 	C:\Windows\SYSTEM32\CRYPTBASE.dll
0x00007ff84cc30000 - 0x00007ff84cc5d000 	C:\Windows\SYSTEM32\IPHLPAPI.DLL
0x00007ff8506d0000 - 0x00007ff8506d9000 	C:\Windows\System32\NSI.dll
0x00007ff849630000 - 0x00007ff849649000 	C:\Windows\SYSTEM32\dhcpcsvc6.DLL
0x00007ff848f50000 - 0x00007ff848f6f000 	C:\Windows\SYSTEM32\dhcpcsvc.DLL
0x00007ff84cca0000 - 0x00007ff84cda2000 	C:\Windows\SYSTEM32\DNSAPI.dll
0x00007ff830f70000 - 0x00007ff830fb9000 	C:\Users\leope\AppData\Local\Temp\jna-102859403\jna14043820247040156888.dll
0x00007ff84ff60000 - 0x00007ff84ff68000 	C:\Windows\System32\PSAPI.DLL
0x00007ff84d350000 - 0x00007ff84d384000 	C:\Windows\SYSTEM32\ntmarta.dll
0x00007ff844c00000 - 0x00007ff844c09000 	C:\Users\leope\.vscode\extensions\redhat.java-1.37.0-win32-x64\jre\17.0.13-win32-x86_64\bin\extnet.dll

dbghelp: loaded successfully - version: 4.0.5 - missing functions: none
symbol engine: initialized successfully - sym options: 0x614 - pdb path: .;c:\Users\leope\.vscode\extensions\redhat.java-1.37.0-win32-x64\jre\17.0.13-win32-x86_64\bin;C:\Windows\SYSTEM32;C:\Windows\WinSxS\amd64_microsoft.windows.common-controls_6595b64144ccf1df_6.0.22621.4391_none_2715d37f73803e96;c:\Users\leope\.vscode\extensions\redhat.java-1.37.0-win32-x64\jre\17.0.13-win32-x86_64\bin\server;C:\Users\leope\AppData\Roaming\Code\User\globalStorage\redhat.java\1.37.0\config_win\org.eclipse.equinox.launcher\org.eclipse.equinox.launcher.win32.win32.x86_64_1.2.1100.v20240722-2106;C:\Users\leope\AppData\Local\Temp\jna-102859403

VM Arguments:
jvm_args: --add-modules=ALL-SYSTEM --add-opens=java.base/java.util=ALL-UNNAMED --add-opens=java.base/java.lang=ALL-UNNAMED --add-opens=java.base/sun.nio.fs=ALL-UNNAMED -Declipse.application=org.eclipse.jdt.ls.core.id1 -Dosgi.bundles.defaultStartLevel=4 -Declipse.product=org.eclipse.jdt.ls.core.product -Djava.import.generatesMetadataFilesAtProjectRoot=false -DDetectVMInstallationsJob.disabled=true -Dfile.encoding=utf8 -XX:+UseParallelGC -XX:GCTimeRatio=4 -XX:AdaptiveSizePolicyWeight=90 -Dsun.zip.disableMemoryMapping=true -Xmx1G -Xms100m -Xlog:disable -javaagent:c:\Users\leope\.vscode\extensions\redhat.java-1.37.0-win32-x64\lombok\lombok-1.18.34.jar -XX:+HeapDumpOnOutOfMemoryError -XX:HeapDumpPath=c:\Users\leope\AppData\Roaming\Code\User\workspaceStorage\006e3659a58597180b9eff8622a028b8\redhat.java -Daether.dependencyCollector.impl=bf 
java_command: c:\Users\leope\.vscode\extensions\redhat.java-1.37.0-win32-x64\server\plugins\org.eclipse.equinox.launcher_1.6.900.v20240613-2009.jar -configuration c:\Users\leope\AppData\Roaming\Code\User\globalStorage\redhat.java\1.37.0\config_win -data c:\Users\leope\AppData\Roaming\Code\User\workspaceStorage\006e3659a58597180b9eff8622a028b8\redhat.java\jdt_ws --pipe=\\.\pipe\lsp-25ce90b40e20c7b6f654325347ba4cf1-sock
java_class_path (initial): c:\Users\leope\.vscode\extensions\redhat.java-1.37.0-win32-x64\server\plugins\org.eclipse.equinox.launcher_1.6.900.v20240613-2009.jar
Launcher Type: SUN_STANDARD

[Global flags]
    uintx AdaptiveSizePolicyWeight                 = 90                                        {product} {command line}
     intx CICompilerCount                          = 12                                        {product} {ergonomic}
    uintx GCTimeRatio                              = 4                                         {product} {command line}
     bool HeapDumpOnOutOfMemoryError               = true                                   {manageable} {command line}
    ccstr HeapDumpPath                             = c:\Users\leope\AppData\Roaming\Code\User\workspaceStorage\006e3659a58597180b9eff8622a028b8\redhat.java         {manageable} {command line}
   size_t InitialHeapSize                          = 104857600                                 {product} {command line}
   size_t MaxHeapSize                              = 1073741824                                {product} {command line}
   size_t MaxNewSize                               = 357564416                                 {product} {ergonomic}
   size_t MinHeapDeltaBytes                        = 524288                                    {product} {ergonomic}
   size_t MinHeapSize                              = 104857600                                 {product} {command line}
   size_t NewSize                                  = 34603008                                  {product} {ergonomic}
    uintx NonNMethodCodeHeapSize                   = 7602480                                {pd product} {ergonomic}
    uintx NonProfiledCodeHeapSize                  = 122027880                              {pd product} {ergonomic}
   size_t OldSize                                  = 70254592                                  {product} {ergonomic}
    uintx ProfiledCodeHeapSize                     = 122027880                              {pd product} {ergonomic}
    uintx ReservedCodeCacheSize                    = 251658240                              {pd product} {ergonomic}
     bool SegmentedCodeCache                       = true                                      {product} {ergonomic}
   size_t SoftMaxHeapSize                          = 1073741824                             {manageable} {ergonomic}
     bool UseCompressedClassPointers               = true                           {product lp64_product} {ergonomic}
     bool UseCompressedOops                        = true                           {product lp64_product} {ergonomic}
     bool UseLargePagesIndividualAllocation        = false                                  {pd product} {ergonomic}
     bool UseParallelGC                            = true                                      {product} {command line}

Logging:
Log output configuration:
 #0: stdout all=off uptime,level,tags
 #1: stderr all=off uptime,level,tags

Environment Variables:
JAVA_HOME=C:\Program Files\Java\jdk-17
PATH=C:\Program Files\Common Files\Oracle\Java\javapath;C:\Python311\Scripts\;C:\Python311\;C:\Windows\system32;C:\Windows;C:\Windows\System32\Wbem;C:\Windows\System32\WindowsPowerShell\v1.0\;C:\Windows\System32\OpenSSH\;C:\Program Files\NVIDIA Corporation\NVIDIA NvDLISR;C:\Program Files\Docker\Docker\resources\bin;C:\ProgramData\chocolatey\bin;C:\Program Files\Java\jdk-17\bin;C:\Users\leope\AppData\Roaming\nvm;C:\Program Files\nodejs;C:\Program Files\PuTTY\;C:\Program Files\Git\cmd;C:\ProgramData\ComposerSetup\bin;C:\Program Files\nodejs\;C:\Users\leope\scoop\shims;C:\Users\leope\AppData\Local\Microsoft\WindowsApps;C:\Users\leope\AppData\Local\Programs\Microsoft VS Code\bin;C:\Users\leope\AppData\Roaming\nvm;C:\Program Files\nodejs;C:\Dev\flutter\bin;C:\xampp\php;C:\Users\leope\AppData\Roaming\Composer\vendor\bin;C:\Users\leope\AppData\Roaming\npm
USERNAME=leope
OS=Windows_NT
PROCESSOR_IDENTIFIER=AMD64 Family 25 Model 80 Stepping 0, AuthenticAMD
TMP=C:\Users\leope\AppData\Local\Temp
TEMP=C:\Users\leope\AppData\Local\Temp



Periodic native trim disabled


---------------  S Y S T E M  ---------------

OS:
 Windows 11 , 64 bit Build 22621 (10.0.22621.4391)
OS uptime: 19 days 13:14 hours
Hyper-V role detected

CPU: total 16 (initial active 16) (16 cores per cpu, 2 threads per core) family 25 model 80 stepping 0 microcode 0x0, cx8, cmov, fxsr, ht, mmx, 3dnowpref, sse, sse2, sse3, ssse3, sse4a, sse4.1, sse4.2, popcnt, lzcnt, tsc, tscinvbit, avx, avx2, aes, erms, clmul, bmi1, bmi2, adx, sha, fma, vzeroupper, clflush, clflushopt, hv
Processor Information for all 16 processors :
  Max Mhz: 3201, Current Mhz: 3201, Mhz Limit: 3201

Memory: 4k page, system-wide physical 16236M (1321M free)
TotalPageFile size 65388M (AvailPageFile size 0M)
current process WorkingSet (physical memory assigned to process): 662M, peak: 698M
current process commit charge ("private bytes"): 593M, peak: 641M

vm_info: OpenJDK 64-Bit Server VM (17.0.13+11) for windows-amd64 JRE (17.0.13+11), built on Oct 16 2024 00:10:08 by "admin" with MS VC++ 17.7 (VS2022)

END.
