#
# There is insufficient memory for the Java Runtime Environment to continue.
# Native memory allocation (malloc) failed to allocate 1275296 bytes for Chunk::new
# Possible reasons:
#   The system is out of physical RAM or swap space
#   The process is running with CompressedOops enabled, and the Java Heap may be blocking the growth of the native heap
# Possible solutions:
#   Reduce memory load on the system
#   Increase physical memory or swap space
#   Check if swap backing store is full
#   Decrease Java heap size (-Xmx/-Xms)
#   Decrease number of Java threads
#   Decrease Java thread stack sizes (-Xss)
#   Set larger code cache with -XX:ReservedCodeCacheSize=
#   JVM is running with Zero Based Compressed Oops mode in which the Java heap is
#     placed in the first 32GB address space. The Java Heap base address is the
#     maximum limit for the native heap growth. Please use -XX:HeapBaseMinAddress
#     to set the Java Heap base and to place the Java Heap above 32GB virtual address.
# This output file may be truncated or incomplete.
#
#  Out of Memory Error (arena.cpp:189), pid=3468, tid=116644
#
# JRE version: Java(TM) SE Runtime Environment (17.0.9+11) (build 17.0.9+11-LTS-201)
# Java VM: Java HotSpot(TM) 64-Bit Server VM (17.0.9+11-LTS-201, mixed mode, sharing, tiered, compressed oops, compressed class ptrs, g1 gc, windows-amd64)
# No core dump will be written. Minidumps are not enabled by default on client versions of Windows
#

---------------  S U M M A R Y ------------

Command Line: -Dcom.sun.management.jmxremote -Dcom.sun.management.jmxremote.port=54395 -Dcom.sun.management.jmxremote.authenticate=false -Dcom.sun.management.jmxremote.ssl=false -Dspring.jmx.enabled=true -Djava.rmi.server.hostname=localhost -Dspring.application.admin.enabled=true -Dspring.boot.project.name=inmojaen -XX:+ShowCodeDetailsInExceptionMessages -Dmanagement.endpoints.jmx.exposure.include=* com.iesvdc.project.inmojaen.InmojaenApplication

Host: AMD Ryzen 7 5800H with Radeon Graphics         , 16 cores, 15G,  Windows 11 , 64 bit Build 22621 (10.0.22621.4391)
Time: Thu Dec  5 00:19:54 2024 Hora estándar romance elapsed time: 13.511463 seconds (0d 0h 0m 13s)

---------------  T H R E A D  ---------------

Current thread (0x0000018e9b13b040):  JavaThread "C2 CompilerThread0" daemon [_thread_in_native, id=116644, stack(0x00000012fcc00000,0x00000012fcd00000)]


Current CompileTask:
C2:  13511 8272   !   4       org.springframework.aop.aspectj.AspectJExpressionPointcut::getShadowMatch (292 bytes)

Stack: [0x00000012fcc00000,0x00000012fcd00000]
Native frames: (J=compiled Java code, j=interpreted, Vv=VM code, C=native code)
V  [jvm.dll+0x678a4a]
V  [jvm.dll+0x7d9cfd]
V  [jvm.dll+0x7db60e]
V  [jvm.dll+0x7dbc73]
V  [jvm.dll+0x245e1f]
V  [jvm.dll+0xaaafb]
V  [jvm.dll+0xab09c]
V  [jvm.dll+0x2ab7ef]
V  [jvm.dll+0x5812e5]
V  [jvm.dll+0x220c52]
V  [jvm.dll+0x22102f]
V  [jvm.dll+0x219f86]
V  [jvm.dll+0x217459]
V  [jvm.dll+0x1a3bc0]
V  [jvm.dll+0x2272de]
V  [jvm.dll+0x22548b]
V  [jvm.dll+0x78f58c]
V  [jvm.dll+0x78998a]
V  [jvm.dll+0x677875]
C  [ucrtbase.dll+0x29333]
C  [KERNEL32.DLL+0x1259d]
C  [ntdll.dll+0x5af38]


---------------  P R O C E S S  ---------------

Threads class SMR info:
_java_thread_list=0x0000018e9d684ff0, length=39, elements={
0x0000018e55d3f5a0, 0x0000018e55d40420, 0x0000018e9b134720, 0x0000018e9b1362f0,
0x0000018e9b138cc0, 0x0000018e9b139c90, 0x0000018e9b13b040, 0x0000018e9b14c850,
0x0000018e9b170190, 0x0000018e55d27090, 0x0000018e9b2de7a0, 0x0000018e9b8515e0,
0x0000018e9b903f60, 0x0000018e9ba257f0, 0x0000018e9c2a9120, 0x0000018e9c2a9630,
0x0000018e9c2aa050, 0x0000018e9c2a9b40, 0x0000018e9dc91040, 0x0000018e9dc91a60,
0x0000018e9dc91f70, 0x0000018e9dc947f0, 0x0000018e9dc92480, 0x0000018e9dc942e0,
0x0000018e9ecd2670, 0x0000018e9ecd1230, 0x0000018e9ecd1c50, 0x0000018e9eccf8e0,
0x0000018e9ecd0d20, 0x0000018e9ecd3090, 0x0000018e9ecd2b80, 0x0000018e9ecd35a0,
0x0000018e9ecd1740, 0x0000018e9eccd570, 0x0000018e9ecd2160, 0x0000018e9ecd3ab0,
0x0000018e9ecd3fc0, 0x0000018e9ecd44d0, 0x0000018e9d6849f0
}

Java Threads: ( => current thread )
  0x0000018e55d3f5a0 JavaThread "Reference Handler" daemon [_thread_blocked, id=28476, stack(0x00000012fc600000,0x00000012fc700000)]
  0x0000018e55d40420 JavaThread "Finalizer" daemon [_thread_blocked, id=113688, stack(0x00000012fc700000,0x00000012fc800000)]
  0x0000018e9b134720 JavaThread "Signal Dispatcher" daemon [_thread_blocked, id=112784, stack(0x00000012fc800000,0x00000012fc900000)]
  0x0000018e9b1362f0 JavaThread "Attach Listener" daemon [_thread_blocked, id=109968, stack(0x00000012fc900000,0x00000012fca00000)]
  0x0000018e9b138cc0 JavaThread "Service Thread" daemon [_thread_blocked, id=107324, stack(0x00000012fca00000,0x00000012fcb00000)]
  0x0000018e9b139c90 JavaThread "Monitor Deflation Thread" daemon [_thread_blocked, id=116316, stack(0x00000012fcb00000,0x00000012fcc00000)]
=>0x0000018e9b13b040 JavaThread "C2 CompilerThread0" daemon [_thread_in_native, id=116644, stack(0x00000012fcc00000,0x00000012fcd00000)]
  0x0000018e9b14c850 JavaThread "C1 CompilerThread0" daemon [_thread_blocked, id=115636, stack(0x00000012fcd00000,0x00000012fce00000)]
  0x0000018e9b170190 JavaThread "Sweeper thread" daemon [_thread_blocked, id=110804, stack(0x00000012fce00000,0x00000012fcf00000)]
  0x0000018e55d27090 JavaThread "Common-Cleaner" daemon [_thread_blocked, id=113796, stack(0x00000012fcf00000,0x00000012fd000000)]
  0x0000018e9b2de7a0 JavaThread "Notification Thread" daemon [_thread_blocked, id=107068, stack(0x00000012fd000000,0x00000012fd100000)]
  0x0000018e9b8515e0 JavaThread "RMI TCP Accept-0" daemon [_thread_in_native, id=115864, stack(0x00000012fd100000,0x00000012fd200000)]
  0x0000018e9b903f60 JavaThread "RMI TCP Accept-54395" daemon [_thread_in_native, id=116508, stack(0x00000012fd200000,0x00000012fd300000)]
  0x0000018e9ba257f0 JavaThread "RMI TCP Accept-0" daemon [_thread_in_native, id=116380, stack(0x00000012fd300000,0x00000012fd400000)]
  0x0000018e9c2a9120 JavaThread "RMI TCP Connection(1)-127.0.0.1" daemon [_thread_in_native, id=116576, stack(0x00000012fde00000,0x00000012fdf00000)]
  0x0000018e9c2a9630 JavaThread "RMI Scheduler(0)" daemon [_thread_blocked, id=116068, stack(0x00000012fdf00000,0x00000012fe000000)]
  0x0000018e9c2aa050 JavaThread "RMI TCP Connection(2)-127.0.0.1" daemon [_thread_in_native, id=111184, stack(0x00000012fe000000,0x00000012fe100000)]
  0x0000018e9c2a9b40 JavaThread "JMX server connection timeout 33" daemon [_thread_blocked, id=115916, stack(0x00000012fe100000,0x00000012fe200000)]
  0x0000018e9dc91040 JavaThread "Catalina-utility-1" [_thread_blocked, id=112152, stack(0x00000012fe400000,0x00000012fe500000)]
  0x0000018e9dc91a60 JavaThread "Catalina-utility-2" [_thread_blocked, id=115400, stack(0x00000012fea00000,0x00000012feb00000)]
  0x0000018e9dc91f70 JavaThread "container-0" [_thread_blocked, id=114824, stack(0x00000012feb00000,0x00000012fec00000)]
  0x0000018e9dc947f0 JavaThread "mysql-cj-abandoned-connection-cleanup" daemon [_thread_blocked, id=113780, stack(0x00000012fec00000,0x00000012fed00000)]
  0x0000018e9dc92480 JavaThread "HikariPool-1 housekeeper" daemon [_thread_blocked, id=110824, stack(0x00000012fee00000,0x00000012fef00000)]
  0x0000018e9dc942e0 JavaThread "File Watcher" daemon [_thread_blocked, id=28908, stack(0x00000012ff100000,0x00000012ff200000)]
  0x0000018e9ecd2670 JavaThread "Live Reload Server" daemon [_thread_in_native, id=17784, stack(0x00000012ff300000,0x00000012ff400000)]
  0x0000018e9ecd1230 JavaThread "http-nio-8080-exec-1" daemon [_thread_blocked, id=115288, stack(0x00000012ff200000,0x00000012ff300000)]
  0x0000018e9ecd1c50 JavaThread "http-nio-8080-exec-2" daemon [_thread_blocked, id=116116, stack(0x00000012ff400000,0x00000012ff500000)]
  0x0000018e9eccf8e0 JavaThread "http-nio-8080-exec-3" daemon [_thread_blocked, id=114596, stack(0x00000012ff500000,0x00000012ff600000)]
  0x0000018e9ecd0d20 JavaThread "http-nio-8080-exec-4" daemon [_thread_blocked, id=116564, stack(0x00000012ff600000,0x00000012ff700000)]
  0x0000018e9ecd3090 JavaThread "http-nio-8080-exec-5" daemon [_thread_blocked, id=31036, stack(0x00000012ff700000,0x00000012ff800000)]
  0x0000018e9ecd2b80 JavaThread "http-nio-8080-exec-6" daemon [_thread_blocked, id=12608, stack(0x00000012ff800000,0x00000012ff900000)]
  0x0000018e9ecd35a0 JavaThread "http-nio-8080-exec-7" daemon [_thread_blocked, id=115320, stack(0x00000012ff900000,0x00000012ffa00000)]
  0x0000018e9ecd1740 JavaThread "http-nio-8080-exec-8" daemon [_thread_blocked, id=110724, stack(0x00000012ffa00000,0x00000012ffb00000)]
  0x0000018e9eccd570 JavaThread "http-nio-8080-exec-9" daemon [_thread_blocked, id=14084, stack(0x00000012ffb00000,0x00000012ffc00000)]
  0x0000018e9ecd2160 JavaThread "http-nio-8080-exec-10" daemon [_thread_blocked, id=111448, stack(0x00000012ffc00000,0x00000012ffd00000)]
  0x0000018e9ecd3ab0 JavaThread "http-nio-8080-Poller" daemon [_thread_in_native, id=116020, stack(0x00000012ffd00000,0x00000012ffe00000)]
  0x0000018e9ecd3fc0 JavaThread "http-nio-8080-Acceptor" daemon [_thread_in_native, id=102912, stack(0x00000012ffe00000,0x00000012fff00000)]
  0x0000018e9ecd44d0 JavaThread "DestroyJavaVM" [_thread_blocked, id=23880, stack(0x00000012fbf00000,0x00000012fc000000)]
  0x0000018e9d6849f0 JavaThread "C1 CompilerThread1" daemon [_thread_blocked, id=116636, stack(0x00000012fdc00000,0x00000012fdd00000)]

Other Threads:
  0x0000018e55d36970 VMThread "VM Thread" [stack: 0x00000012fc500000,0x00000012fc600000] [id=114316]
  0x0000018e327ac970 WatcherThread [stack: 0x00000012fd400000,0x00000012fd500000] [id=112280]
  0x0000018e3277db00 GCTaskThread "GC Thread#0" [stack: 0x00000012fc000000,0x00000012fc100000] [id=115352]
  0x0000018e9bb186a0 GCTaskThread "GC Thread#1" [stack: 0x00000012fd500000,0x00000012fd600000] [id=98376]
  0x0000018e9c231f10 GCTaskThread "GC Thread#2" [stack: 0x00000012fd600000,0x00000012fd700000] [id=32780]
  0x0000018e9bce9950 GCTaskThread "GC Thread#3" [stack: 0x00000012fd700000,0x00000012fd800000] [id=115668]
  0x0000018e9bcee560 GCTaskThread "GC Thread#4" [stack: 0x00000012fd800000,0x00000012fd900000] [id=113372]
  0x0000018e9bc45970 GCTaskThread "GC Thread#5" [stack: 0x00000012fd900000,0x00000012fda00000] [id=31236]
  0x0000018e9bcce580 GCTaskThread "GC Thread#6" [stack: 0x00000012fda00000,0x00000012fdb00000] [id=107468]
  0x0000018e9c281670 GCTaskThread "GC Thread#7" [stack: 0x00000012fdb00000,0x00000012fdc00000] [id=113940]
  0x0000018e9c3efce0 GCTaskThread "GC Thread#8" [stack: 0x00000012fe200000,0x00000012fe300000] [id=111232]
  0x0000018e9c3effa0 GCTaskThread "GC Thread#9" [stack: 0x00000012fe300000,0x00000012fe400000] [id=112980]
  0x0000018e9c4091a0 GCTaskThread "GC Thread#10" [stack: 0x00000012fe500000,0x00000012fe600000] [id=115076]
  0x0000018e9cd1f010 GCTaskThread "GC Thread#11" [stack: 0x00000012fe600000,0x00000012fe700000] [id=112404]
  0x0000018e9cad2c80 GCTaskThread "GC Thread#12" [stack: 0x00000012fe700000,0x00000012fe800000] [id=23816]
  0x0000018e3278e810 ConcurrentGCThread "G1 Main Marker" [stack: 0x00000012fc100000,0x00000012fc200000] [id=115876]
  0x0000018e3278f230 ConcurrentGCThread "G1 Conc#0" [stack: 0x00000012fc200000,0x00000012fc300000] [id=23440]
  0x0000018e9c40bec0 ConcurrentGCThread "G1 Conc#1" [stack: 0x00000012fe800000,0x00000012fe900000] [id=113704]
  0x0000018e9c968f60 ConcurrentGCThread "G1 Conc#2" [stack: 0x00000012fe900000,0x00000012fea00000] [id=32332]
  0x0000018e55bf31b0 ConcurrentGCThread "G1 Refine#0" [stack: 0x00000012fc300000,0x00000012fc400000] [id=116724]
  0x0000018e55bf4b00 ConcurrentGCThread "G1 Service" [stack: 0x00000012fc400000,0x00000012fc500000] [id=114088]

Threads with active compile tasks:
C2 CompilerThread0    13526 8272   !   4       org.springframework.aop.aspectj.AspectJExpressionPointcut::getShadowMatch (292 bytes)

VM state: not at safepoint (normal execution)

VM Mutex/Monitor currently owned by a thread: None

Heap address: 0x0000000702400000, size: 4060 MB, Compressed Oops mode: Zero based, Oop shift amount: 3

CDS archive(s) mapped at: [0x0000018e56000000-0x0000018e56bd0000-0x0000018e56bd0000), size 12386304, SharedBaseAddress: 0x0000018e56000000, ArchiveRelocationMode: 1.
Compressed class space mapped at: 0x0000018e57000000-0x0000018e97000000, reserved size: 1073741824
Narrow klass base: 0x0000018e56000000, Narrow klass shift: 0, Narrow klass range: 0x100000000

GC Precious Log:
 CPUs: 16 total, 16 available
 Memory: 16236M
 Large Page Support: Disabled
 NUMA Support: Disabled
 Compressed Oops: Enabled (Zero based)
 Heap Region Size: 2M
 Heap Min Capacity: 8M
 Heap Initial Capacity: 254M
 Heap Max Capacity: 4060M
 Pre-touch: Disabled
 Parallel Workers: 13
 Concurrent Workers: 3
 Concurrent Refinement Workers: 13
 Periodic GC: Disabled

Heap:
 garbage-first heap   total 90112K, used 47738K [0x0000000702400000, 0x0000000800000000)
  region size 2048K, 6 young (12288K), 2 survivors (4096K)
 Metaspace       used 79138K, committed 79744K, reserved 1179648K
  class space    used 10649K, committed 10944K, reserved 1048576K

Heap Regions: E=young(eden), S=young(survivor), O=old, HS=humongous(starts), HC=humongous(continues), CS=collection set, F=free, OA=open archive, CA=closed archive, TAMS=top-at-mark-start (previous, next)
|   0|0x0000000702400000, 0x0000000702600000, 0x0000000702600000|100%| O|  |TAMS 0x0000000702600000, 0x0000000702400000| Untracked 
|   1|0x0000000702600000, 0x0000000702800000, 0x0000000702800000|100%| O|  |TAMS 0x0000000702800000, 0x0000000702600000| Untracked 
|   2|0x0000000702800000, 0x0000000702a00000, 0x0000000702a00000|100%| O|  |TAMS 0x0000000702a00000, 0x0000000702800000| Untracked 
|   3|0x0000000702a00000, 0x0000000702c00000, 0x0000000702c00000|100%| O|  |TAMS 0x0000000702c00000, 0x0000000702a00000| Untracked 
|   4|0x0000000702c00000, 0x0000000702e00000, 0x0000000702e00000|100%| O|  |TAMS 0x0000000702e00000, 0x0000000702c00000| Untracked 
|   5|0x0000000702e00000, 0x0000000703000000, 0x0000000703000000|100%| O|  |TAMS 0x0000000703000000, 0x0000000702e00000| Untracked 
|   6|0x0000000703000000, 0x0000000703200000, 0x0000000703200000|100%| O|  |TAMS 0x0000000703200000, 0x0000000703000000| Untracked 
|   7|0x0000000703200000, 0x0000000703400000, 0x0000000703400000|100%| O|  |TAMS 0x0000000703400000, 0x0000000703200000| Untracked 
|   8|0x0000000703400000, 0x0000000703600000, 0x0000000703600000|100%| O|  |TAMS 0x0000000703600000, 0x0000000703400000| Untracked 
|   9|0x0000000703600000, 0x00000007036f0800, 0x0000000703800000| 46%| O|  |TAMS 0x00000007036f0800, 0x0000000703600000| Untracked 
|  10|0x0000000703800000, 0x0000000703a00000, 0x0000000703a00000|100%| O|  |TAMS 0x0000000703a00000, 0x0000000703800000| Untracked 
|  11|0x0000000703a00000, 0x0000000703c00000, 0x0000000703c00000|100%| O|  |TAMS 0x0000000703a74000, 0x0000000703a00000| Untracked 
|  12|0x0000000703c00000, 0x0000000703e00000, 0x0000000703e00000|100%| O|  |TAMS 0x0000000703c00000, 0x0000000703c00000| Untracked 
|  13|0x0000000703e00000, 0x0000000704000000, 0x0000000704000000|100%| O|  |TAMS 0x0000000703e00000, 0x0000000703e00000| Untracked 
|  14|0x0000000704000000, 0x0000000704200000, 0x0000000704200000|100%| O|  |TAMS 0x0000000704000000, 0x0000000704000000| Untracked 
|  15|0x0000000704200000, 0x0000000704400000, 0x0000000704400000|100%| O|  |TAMS 0x0000000704200000, 0x0000000704200000| Untracked 
|  16|0x0000000704400000, 0x0000000704600000, 0x0000000704600000|100%| O|  |TAMS 0x0000000704400000, 0x0000000704400000| Untracked 
|  17|0x0000000704600000, 0x0000000704800000, 0x0000000704800000|100%| O|  |TAMS 0x0000000704600000, 0x0000000704600000| Untracked 
|  18|0x0000000704800000, 0x00000007049ae000, 0x0000000704a00000| 83%| O|  |TAMS 0x0000000704800000, 0x0000000704800000| Untracked 
|  19|0x0000000704a00000, 0x0000000704a00000, 0x0000000704c00000|  0%| F|  |TAMS 0x0000000704a00000, 0x0000000704a00000| Untracked 
|  20|0x0000000704c00000, 0x0000000704c00000, 0x0000000704e00000|  0%| F|  |TAMS 0x0000000704c00000, 0x0000000704c00000| Untracked 
|  21|0x0000000704e00000, 0x0000000704e00000, 0x0000000705000000|  0%| F|  |TAMS 0x0000000704e00000, 0x0000000704e00000| Untracked 
|  22|0x0000000705000000, 0x0000000705000000, 0x0000000705200000|  0%| F|  |TAMS 0x0000000705000000, 0x0000000705000000| Untracked 
|  23|0x0000000705200000, 0x0000000705200000, 0x0000000705400000|  0%| F|  |TAMS 0x0000000705200000, 0x0000000705200000| Untracked 
|  24|0x0000000705400000, 0x0000000705400000, 0x0000000705600000|  0%| F|  |TAMS 0x0000000705400000, 0x0000000705400000| Untracked 
|  25|0x0000000705600000, 0x0000000705600000, 0x0000000705800000|  0%| F|  |TAMS 0x0000000705600000, 0x0000000705600000| Untracked 
|  26|0x0000000705800000, 0x0000000705800000, 0x0000000705a00000|  0%| F|  |TAMS 0x0000000705800000, 0x0000000705800000| Untracked 
|  27|0x0000000705a00000, 0x0000000705c00000, 0x0000000705c00000|100%| S|CS|TAMS 0x0000000705a00000, 0x0000000705a00000| Complete 
|  28|0x0000000705c00000, 0x0000000705c00000, 0x0000000705e00000|  0%| F|  |TAMS 0x0000000705c00000, 0x0000000705c00000| Untracked 
|  29|0x0000000705e00000, 0x0000000706000000, 0x0000000706000000|100%| S|CS|TAMS 0x0000000705e00000, 0x0000000705e00000| Complete 
|  30|0x0000000706000000, 0x0000000706000000, 0x0000000706200000|  0%| F|  |TAMS 0x0000000706000000, 0x0000000706000000| Untracked 
|  31|0x0000000706200000, 0x0000000706200000, 0x0000000706400000|  0%| F|  |TAMS 0x0000000706200000, 0x0000000706200000| Untracked 
|  32|0x0000000706400000, 0x0000000706400000, 0x0000000706600000|  0%| F|  |TAMS 0x0000000706400000, 0x0000000706400000| Untracked 
|  33|0x0000000706600000, 0x0000000706600000, 0x0000000706800000|  0%| F|  |TAMS 0x0000000706600000, 0x0000000706600000| Untracked 
|  34|0x0000000706800000, 0x0000000706800000, 0x0000000706a00000|  0%| F|  |TAMS 0x0000000706800000, 0x0000000706800000| Untracked 
|  35|0x0000000706a00000, 0x0000000706a00000, 0x0000000706c00000|  0%| F|  |TAMS 0x0000000706a00000, 0x0000000706a00000| Untracked 
|  36|0x0000000706c00000, 0x0000000706c00000, 0x0000000706e00000|  0%| F|  |TAMS 0x0000000706c00000, 0x0000000706c00000| Untracked 
|  37|0x0000000706e00000, 0x0000000706e00000, 0x0000000707000000|  0%| F|  |TAMS 0x0000000706e00000, 0x0000000706e00000| Untracked 
|  38|0x0000000707000000, 0x0000000707000000, 0x0000000707200000|  0%| F|  |TAMS 0x0000000707000000, 0x0000000707000000| Untracked 
|  39|0x0000000707200000, 0x0000000707200000, 0x0000000707400000|  0%| F|  |TAMS 0x0000000707200000, 0x0000000707200000| Untracked 
|  40|0x0000000707400000, 0x000000070755d070, 0x0000000707600000| 68%| E|  |TAMS 0x0000000707400000, 0x0000000707400000| Complete 
|  41|0x0000000707600000, 0x0000000707800000, 0x0000000707800000|100%| E|CS|TAMS 0x0000000707600000, 0x0000000707600000| Complete 
|  42|0x0000000707800000, 0x0000000707a00000, 0x0000000707a00000|100%| E|CS|TAMS 0x0000000707800000, 0x0000000707800000| Complete 
| 126|0x0000000712000000, 0x0000000712200000, 0x0000000712200000|100%| E|CS|TAMS 0x0000000712000000, 0x0000000712000000| Complete 

Card table byte_map: [0x0000018e4a010000,0x0000018e4a800000] _byte_map_base: 0x0000018e467fe000

Marking Bits (Prev, Next): (CMBitMap*) 0x0000018e3277e160, (CMBitMap*) 0x0000018e3277e120
 Prev Bits: [0x0000018e4ef60000, 0x0000018e52ed0000)
 Next Bits: [0x0000018e4aff0000, 0x0000018e4ef60000)

Polling page: 0x0000018e30650000

Metaspace:

Usage:
  Non-class:     66.88 MB used.
      Class:     10.40 MB used.
       Both:     77.28 MB used.

Virtual space:
  Non-class space:      128.00 MB reserved,      67.19 MB ( 52%) committed,  2 nodes.
      Class space:        1.00 GB reserved,      10.69 MB (  1%) committed,  1 nodes.
             Both:        1.12 GB reserved,      77.88 MB (  7%) committed. 

Chunk freelists:
   Non-Class:  11.94 MB
       Class:  5.26 MB
        Both:  17.20 MB

MaxMetaspaceSize: unlimited
CompressedClassSpaceSize: 1.00 GB
Initial GC threshold: 21.00 MB
Current GC threshold: 98.38 MB
CDS: on
MetaspaceReclaimPolicy: balanced
 - commit_granule_bytes: 65536.
 - commit_granule_words: 8192.
 - virtual_space_node_default_size: 8388608.
 - enlarge_chunks_in_place: 1.
 - new_chunks_are_fully_committed: 0.
 - uncommit_free_chunks: 1.
 - use_allocation_guard: 0.
 - handle_deallocations: 1.


Internal statistics:

num_allocs_failed_limit: 9.
num_arena_births: 996.
num_arena_deaths: 0.
num_vsnodes_births: 3.
num_vsnodes_deaths: 0.
num_space_committed: 1246.
num_space_uncommitted: 0.
num_chunks_returned_to_freelist: 9.
num_chunks_taken_from_freelist: 3837.
num_chunk_merges: 6.
num_chunk_splits: 2678.
num_chunks_enlarged: 2011.
num_inconsistent_stats: 0.

CodeHeap 'non-profiled nmethods': size=119168Kb used=4496Kb max_used=4496Kb free=114671Kb
 bounds [0x0000018e41b30000, 0x0000018e41fa0000, 0x0000018e48f90000]
CodeHeap 'profiled nmethods': size=119104Kb used=15241Kb max_used=15241Kb free=103862Kb
 bounds [0x0000018e39f90000, 0x0000018e3ae80000, 0x0000018e413e0000]
CodeHeap 'non-nmethods': size=7488Kb used=1946Kb max_used=2005Kb free=5541Kb
 bounds [0x0000018e413e0000, 0x0000018e41650000, 0x0000018e41b30000]
 total_blobs=8701 nmethods=7982 adapters=629
 compilation: enabled
              stopped_count=0, restarted_count=0
 full_count=0

Compilation events (20 events):
Event: 13.400 Thread 0x0000018e9b13b040 nmethod 8754 0x0000018e41f89e90 code [0x0000018e41f8a1a0, 0x0000018e41f8c408]
Event: 13.400 Thread 0x0000018e9b13b040 8469       4       java.lang.StringConcatHelper::stringOf (20 bytes)
Event: 13.400 Thread 0x0000018e9b13b040 nmethod 8469 0x0000018e41f8d490 code [0x0000018e41f8d600, 0x0000018e41f8d698]
Event: 13.400 Thread 0x0000018e9b13b040 8996       4       org.springframework.util.ConcurrentReferenceHashMap$Segment::restructureIfNecessary (56 bytes)
Event: 13.404 Thread 0x0000018e9b13b040 nmethod 8996 0x0000018e41f8d790 code [0x0000018e41f8d920, 0x0000018e41f8df68]
Event: 13.404 Thread 0x0000018e9b13b040 8657       4       java.io.ObjectOutputStream$HandleTable::lookup (56 bytes)
Event: 13.406 Thread 0x0000018e9b13b040 nmethod 8657 0x0000018e41f8e190 code [0x0000018e41f8e320, 0x0000018e41f8e528]
Event: 13.406 Thread 0x0000018e9b13b040 8653       4       java.io.ObjectOutputStream$BlockDataOutputStream::getUTFLength (124 bytes)
Event: 13.412 Thread 0x0000018e9b13b040 nmethod 8653 0x0000018e41f8e710 code [0x0000018e41f8e8a0, 0x0000018e41f8eef8]
Event: 13.412 Thread 0x0000018e9b13b040 8654       4       java.io.ObjectOutputStream$BlockDataOutputStream::writeBytes (144 bytes)
Event: 13.418 Thread 0x0000018e9b13b040 nmethod 8654 0x0000018e41f8f390 code [0x0000018e41f8f520, 0x0000018e41f8fc58]
Event: 13.418 Thread 0x0000018e9b13b040 8461 %     4       jdk.internal.org.objectweb.asm.ClassReader::readUtf @ 18 (161 bytes)
Event: 13.425 Thread 0x0000018e9b13b040 nmethod 8461% 0x0000018e41f90110 code [0x0000018e41f902c0, 0x0000018e41f90cd8]
Event: 13.425 Thread 0x0000018e9b13b040 8484       4       jdk.internal.org.objectweb.asm.Frame::accept (264 bytes)
Event: 13.434 Thread 0x0000018e9b13b040 nmethod 8484 0x0000018e41f91110 code [0x0000018e41f912e0, 0x0000018e41f91fa8]
Event: 13.434 Thread 0x0000018e9b13b040 8652       4       java.io.ObjectOutputStream$BlockDataOutputStream::drain (45 bytes)
Event: 13.439 Thread 0x0000018e9b13b040 nmethod 8652 0x0000018e41f92610 code [0x0000018e41f927e0, 0x0000018e41f933d8]
Event: 13.439 Thread 0x0000018e9b13b040 8658  s    4       java.io.BufferedOutputStream::write (67 bytes)
Event: 13.441 Thread 0x0000018e9b13b040 nmethod 8658 0x0000018e41f93990 code [0x0000018e41f93b20, 0x0000018e41f940c8]
Event: 13.441 Thread 0x0000018e9b13b040 8272   !   4       org.springframework.aop.aspectj.AspectJExpressionPointcut::getShadowMatch (292 bytes)

GC Heap History (20 events):
Event: 3.149 GC heap before
{Heap before GC invocations=10 (full 0):
 garbage-first heap   total 55296K, used 33171K [0x0000000702400000, 0x0000000800000000)
  region size 2048K, 9 young (18432K), 2 survivors (4096K)
 Metaspace       used 35534K, committed 35968K, reserved 1114112K
  class space    used 4461K, committed 4672K, reserved 1048576K
}
Event: 3.152 GC heap after
{Heap after GC invocations=11 (full 0):
 garbage-first heap   total 157696K, used 22576K [0x0000000702400000, 0x0000000800000000)
  region size 2048K, 2 young (4096K), 2 survivors (4096K)
 Metaspace       used 35534K, committed 35968K, reserved 1114112K
  class space    used 4461K, committed 4672K, reserved 1048576K
}
Event: 3.898 GC heap before
{Heap before GC invocations=12 (full 0):
 garbage-first heap   total 90112K, used 71728K [0x0000000702400000, 0x0000000800000000)
  region size 2048K, 26 young (53248K), 2 survivors (4096K)
 Metaspace       used 41867K, committed 42368K, reserved 1114112K
  class space    used 5375K, committed 5632K, reserved 1048576K
}
Event: 3.900 GC heap after
{Heap after GC invocations=13 (full 0):
 garbage-first heap   total 90112K, used 24513K [0x0000000702400000, 0x0000000800000000)
  region size 2048K, 3 young (6144K), 3 survivors (6144K)
 Metaspace       used 41867K, committed 42368K, reserved 1114112K
  class space    used 5375K, committed 5632K, reserved 1048576K
}
Event: 5.083 GC heap before
{Heap before GC invocations=13 (full 0):
 garbage-first heap   total 90112K, used 67521K [0x0000000702400000, 0x0000000800000000)
  region size 2048K, 24 young (49152K), 3 survivors (6144K)
 Metaspace       used 54358K, committed 54848K, reserved 1114112K
  class space    used 7074K, committed 7296K, reserved 1048576K
}
Event: 5.088 GC heap after
{Heap after GC invocations=14 (full 0):
 garbage-first heap   total 90112K, used 28050K [0x0000000702400000, 0x0000000800000000)
  region size 2048K, 3 young (6144K), 3 survivors (6144K)
 Metaspace       used 54358K, committed 54848K, reserved 1114112K
  class space    used 7074K, committed 7296K, reserved 1048576K
}
Event: 5.447 GC heap before
{Heap before GC invocations=14 (full 0):
 garbage-first heap   total 90112K, used 48530K [0x0000000702400000, 0x0000000800000000)
  region size 2048K, 14 young (28672K), 3 survivors (6144K)
 Metaspace       used 59658K, committed 60096K, reserved 1114112K
  class space    used 7774K, committed 8000K, reserved 1048576K
}
Event: 5.450 GC heap after
{Heap after GC invocations=15 (full 0):
 garbage-first heap   total 90112K, used 29935K [0x0000000702400000, 0x0000000800000000)
  region size 2048K, 1 young (2048K), 1 survivors (2048K)
 Metaspace       used 59658K, committed 60096K, reserved 1114112K
  class space    used 7774K, committed 8000K, reserved 1048576K
}
Event: 6.541 GC heap before
{Heap before GC invocations=16 (full 0):
 garbage-first heap   total 90112K, used 64751K [0x0000000702400000, 0x0000000800000000)
  region size 2048K, 19 young (38912K), 1 survivors (2048K)
 Metaspace       used 66476K, committed 67008K, reserved 1114112K
  class space    used 8911K, committed 9152K, reserved 1048576K
}
Event: 6.543 GC heap after
{Heap after GC invocations=17 (full 0):
 garbage-first heap   total 90112K, used 30810K [0x0000000702400000, 0x0000000800000000)
  region size 2048K, 2 young (4096K), 2 survivors (4096K)
 Metaspace       used 66476K, committed 67008K, reserved 1114112K
  class space    used 8911K, committed 9152K, reserved 1048576K
}
Event: 8.721 GC heap before
{Heap before GC invocations=17 (full 0):
 garbage-first heap   total 90112K, used 65626K [0x0000000702400000, 0x0000000800000000)
  region size 2048K, 20 young (40960K), 2 survivors (4096K)
 Metaspace       used 69913K, committed 70528K, reserved 1114112K
  class space    used 9318K, committed 9600K, reserved 1048576K
}
Event: 8.725 GC heap after
{Heap after GC invocations=18 (full 0):
 garbage-first heap   total 90112K, used 33395K [0x0000000702400000, 0x0000000800000000)
  region size 2048K, 3 young (6144K), 3 survivors (6144K)
 Metaspace       used 69913K, committed 70528K, reserved 1114112K
  class space    used 9318K, committed 9600K, reserved 1048576K
}
Event: 9.219 GC heap before
{Heap before GC invocations=18 (full 0):
 garbage-first heap   total 90112K, used 66163K [0x0000000702400000, 0x0000000800000000)
  region size 2048K, 20 young (40960K), 3 survivors (6144K)
 Metaspace       used 72858K, committed 73472K, reserved 1114112K
  class space    used 9740K, committed 10048K, reserved 1048576K
}
Event: 9.223 GC heap after
{Heap after GC invocations=19 (full 0):
 garbage-first heap   total 90112K, used 36019K [0x0000000702400000, 0x0000000800000000)
  region size 2048K, 3 young (6144K), 3 survivors (6144K)
 Metaspace       used 72858K, committed 73472K, reserved 1114112K
  class space    used 9740K, committed 10048K, reserved 1048576K
}
Event: 9.595 GC heap before
{Heap before GC invocations=19 (full 0):
 garbage-first heap   total 90112K, used 68787K [0x0000000702400000, 0x0000000800000000)
  region size 2048K, 19 young (38912K), 3 survivors (6144K)
 Metaspace       used 74406K, committed 75072K, reserved 1114112K
  class space    used 9980K, committed 10304K, reserved 1048576K
}
Event: 9.599 GC heap after
{Heap after GC invocations=20 (full 0):
 garbage-first heap   total 90112K, used 38005K [0x0000000702400000, 0x0000000800000000)
  region size 2048K, 3 young (6144K), 3 survivors (6144K)
 Metaspace       used 74406K, committed 75072K, reserved 1114112K
  class space    used 9980K, committed 10304K, reserved 1048576K
}
Event: 9.929 GC heap before
{Heap before GC invocations=20 (full 0):
 garbage-first heap   total 90112K, used 68725K [0x0000000702400000, 0x0000000800000000)
  region size 2048K, 18 young (36864K), 3 survivors (6144K)
 Metaspace       used 76085K, committed 76672K, reserved 1179648K
  class space    used 10208K, committed 10496K, reserved 1048576K
}
Event: 9.932 GC heap after
{Heap after GC invocations=21 (full 0):
 garbage-first heap   total 90112K, used 40084K [0x0000000702400000, 0x0000000800000000)
  region size 2048K, 3 young (6144K), 3 survivors (6144K)
 Metaspace       used 76085K, committed 76672K, reserved 1179648K
  class space    used 10208K, committed 10496K, reserved 1048576K
}
Event: 12.847 GC heap before
{Heap before GC invocations=21 (full 0):
 garbage-first heap   total 90112K, used 66708K [0x0000000702400000, 0x0000000800000000)
  region size 2048K, 17 young (34816K), 3 survivors (6144K)
 Metaspace       used 78528K, committed 79104K, reserved 1179648K
  class space    used 10578K, committed 10880K, reserved 1048576K
}
Event: 12.852 GC heap after
{Heap after GC invocations=22 (full 0):
 garbage-first heap   total 90112K, used 41594K [0x0000000702400000, 0x0000000800000000)
  region size 2048K, 2 young (4096K), 2 survivors (4096K)
 Metaspace       used 78528K, committed 79104K, reserved 1179648K
  class space    used 10578K, committed 10880K, reserved 1048576K
}

Deoptimization events (20 events):
Event: 10.136 Thread 0x0000018e9bbd5740 Uncommon trap: trap_request=0xffffff54 fr.pc=0x0000018e41c2b418 relative=0x0000000000000358
Event: 10.136 Thread 0x0000018e9bbd5740 Uncommon trap: reason=speculate_null_assert action=make_not_entrant pc=0x0000018e41c2b418 method=org.springframework.util.ConcurrentReferenceHashMap$Segment.restructureIfNecessary(Z)V @ 41 c2
Event: 10.136 Thread 0x0000018e9bbd5740 DEOPT PACKING pc=0x0000018e41c2b418 sp=0x00000012fddfe230
Event: 10.136 Thread 0x0000018e9bbd5740 DEOPT UNPACKING pc=0x0000018e414323a3 sp=0x00000012fddfe1f8 mode 2
Event: 10.172 Thread 0x0000018e9bbd5740 Uncommon trap: trap_request=0xffffff45 fr.pc=0x0000018e41c2188c relative=0x00000000000000ec
Event: 10.172 Thread 0x0000018e9bbd5740 Uncommon trap: reason=unstable_if action=reinterpret pc=0x0000018e41c2188c method=java.util.ArrayList.indexOfRange(Ljava/lang/Object;II)I @ 7 c2
Event: 10.172 Thread 0x0000018e9bbd5740 DEOPT PACKING pc=0x0000018e41c2188c sp=0x00000012fddfdf80
Event: 10.172 Thread 0x0000018e9bbd5740 DEOPT UNPACKING pc=0x0000018e414323a3 sp=0x00000012fddfdf00 mode 2
Event: 10.178 Thread 0x0000018e9bbd5740 DEOPT PACKING pc=0x0000018e3ad99fd6 sp=0x00000012fddfe030
Event: 10.178 Thread 0x0000018e9bbd5740 DEOPT UNPACKING pc=0x0000018e41432b43 sp=0x00000012fddfd508 mode 0
Event: 10.179 Thread 0x0000018e9bbd5740 DEOPT PACKING pc=0x0000018e3ad99fd6 sp=0x00000012fddfdfe0
Event: 10.179 Thread 0x0000018e9bbd5740 DEOPT UNPACKING pc=0x0000018e41432b43 sp=0x00000012fddfd4a8 mode 0
Event: 12.171 Thread 0x0000018e9dc91040 Uncommon trap: trap_request=0xffffff45 fr.pc=0x0000018e41c2c108 relative=0x0000000000000188
Event: 12.171 Thread 0x0000018e9dc91040 Uncommon trap: reason=unstable_if action=reinterpret pc=0x0000018e41c2c108 method=java.util.concurrent.locks.ReentrantLock$Sync.lock()V @ 4 c2
Event: 12.171 Thread 0x0000018e9dc91040 DEOPT PACKING pc=0x0000018e41c2c108 sp=0x00000012fe4ff020
Event: 12.171 Thread 0x0000018e9dc91040 DEOPT UNPACKING pc=0x0000018e414323a3 sp=0x00000012fe4fef70 mode 2
Event: 12.942 Thread 0x0000018e9c2aa050 DEOPT PACKING pc=0x0000018e3a75a9e0 sp=0x00000012fe0fc9f0
Event: 12.942 Thread 0x0000018e9c2aa050 DEOPT UNPACKING pc=0x0000018e41432b43 sp=0x00000012fe0fbf90 mode 0
Event: 12.991 Thread 0x0000018e9c2aa050 DEOPT PACKING pc=0x0000018e3adda044 sp=0x00000012fe0fc430
Event: 12.992 Thread 0x0000018e9c2aa050 DEOPT UNPACKING pc=0x0000018e41432b43 sp=0x00000012fe0fb8e0 mode 0

Classes unloaded (0 events):
No events

Classes redefined (0 events):
No events

Internal exceptions (20 events):
Event: 13.035 Thread 0x0000018e9c2aa050 Exception <a 'java/lang/ClassNotFoundException'{0x00000007076d10e0}: org/springframework/context/support/LiveBeansView> (0x00000007076d10e0) 
thrown [s\open\src\hotspot\share\classfile\systemDictionary.cpp, line 256]
Event: 13.035 Thread 0x0000018e9c2aa050 Exception <a 'java/lang/ClassNotFoundException'{0x00000007076d14a0}: org/springframework/boot/actuate/endpoint/jmx/EndpointMBean> (0x00000007076d14a0) 
thrown [s\open\src\hotspot\share\classfile\systemDictionary.cpp, line 256]
Event: 13.035 Thread 0x0000018e9c2aa050 Exception <a 'java/lang/ClassNotFoundException'{0x00000007076d1860}: org/springframework/boot/actuate/endpoint/jmx/DataEndpointMBean> (0x00000007076d1860) 
thrown [s\open\src\hotspot\share\classfile\systemDictionary.cpp, line 256]
Event: 13.035 Thread 0x0000018e9c2aa050 Exception <a 'java/lang/ClassNotFoundException'{0x00000007076d1c18}: org/springframework/context/support/LiveBeansView> (0x00000007076d1c18) 
thrown [s\open\src\hotspot\share\classfile\systemDictionary.cpp, line 256]
Event: 13.035 Thread 0x0000018e9c2aa050 Exception <a 'java/lang/ClassNotFoundException'{0x00000007076d1fc8}: org/springframework/boot/actuate/endpoint/jmx/EndpointMBean> (0x00000007076d1fc8) 
thrown [s\open\src\hotspot\share\classfile\systemDictionary.cpp, line 256]
Event: 13.035 Thread 0x0000018e9c2aa050 Exception <a 'java/lang/ClassNotFoundException'{0x00000007076d2378}: org/springframework/boot/actuate/endpoint/jmx/DataEndpointMBean> (0x00000007076d2378) 
thrown [s\open\src\hotspot\share\classfile\systemDictionary.cpp, line 256]
Event: 13.035 Thread 0x0000018e9c2aa050 Exception <a 'java/lang/ClassNotFoundException'{0x00000007076d2720}: org/springframework/context/support/LiveBeansView> (0x00000007076d2720) 
thrown [s\open\src\hotspot\share\classfile\systemDictionary.cpp, line 256]
Event: 13.036 Thread 0x0000018e9c2aa050 Exception <a 'java/lang/ClassNotFoundException'{0x000000070771f2a0}: org/springframework/boot/actuate/endpoint/jmx/EndpointMBean> (0x000000070771f2a0) 
thrown [s\open\src\hotspot\share\classfile\systemDictionary.cpp, line 256]
Event: 13.037 Thread 0x0000018e9c2aa050 Exception <a 'java/lang/ClassNotFoundException'{0x0000000707768a70}: org/springframework/boot/actuate/endpoint/jmx/DataEndpointMBean> (0x0000000707768a70) 
thrown [s\open\src\hotspot\share\classfile\systemDictionary.cpp, line 256]
Event: 13.039 Thread 0x0000018e9c2aa050 Exception <a 'java/lang/ClassNotFoundException'{0x00000007077b2468}: org/springframework/context/support/LiveBeansView> (0x00000007077b2468) 
thrown [s\open\src\hotspot\share\classfile\systemDictionary.cpp, line 256]
Event: 13.040 Thread 0x0000018e9c2aa050 Exception <a 'java/lang/ClassNotFoundException'{0x00000007077b59b0}: org/springframework/boot/actuate/endpoint/jmx/EndpointMBean> (0x00000007077b59b0) 
thrown [s\open\src\hotspot\share\classfile\systemDictionary.cpp, line 256]
Event: 13.040 Thread 0x0000018e9c2aa050 Exception <a 'java/lang/ClassNotFoundException'{0x00000007077b5d80}: org/springframework/boot/actuate/endpoint/jmx/DataEndpointMBean> (0x00000007077b5d80) 
thrown [s\open\src\hotspot\share\classfile\systemDictionary.cpp, line 256]
Event: 13.040 Thread 0x0000018e9c2aa050 Exception <a 'java/lang/ClassNotFoundException'{0x00000007077b6148}: org/springframework/context/support/LiveBeansView> (0x00000007077b6148) 
thrown [s\open\src\hotspot\share\classfile\systemDictionary.cpp, line 256]
Event: 13.040 Thread 0x0000018e9c2aa050 Exception <a 'java/lang/ClassNotFoundException'{0x00000007077b6500}: org/springframework/boot/actuate/endpoint/jmx/EndpointMBean> (0x00000007077b6500) 
thrown [s\open\src\hotspot\share\classfile\systemDictionary.cpp, line 256]
Event: 13.040 Thread 0x0000018e9c2aa050 Exception <a 'java/lang/ClassNotFoundException'{0x00000007077b68b8}: org/springframework/boot/actuate/endpoint/jmx/DataEndpointMBean> (0x00000007077b68b8) 
thrown [s\open\src\hotspot\share\classfile\systemDictionary.cpp, line 256]
Event: 13.040 Thread 0x0000018e9c2aa050 Exception <a 'java/lang/ClassNotFoundException'{0x00000007077b6c68}: org/springframework/context/support/LiveBeansView> (0x00000007077b6c68) 
thrown [s\open\src\hotspot\share\classfile\systemDictionary.cpp, line 256]
Event: 13.040 Thread 0x0000018e9c2aa050 Exception <a 'java/lang/ClassNotFoundException'{0x00000007077b7020}: org/springframework/boot/actuate/endpoint/jmx/EndpointMBean> (0x00000007077b7020) 
thrown [s\open\src\hotspot\share\classfile\systemDictionary.cpp, line 256]
Event: 13.040 Thread 0x0000018e9c2aa050 Exception <a 'java/lang/ClassNotFoundException'{0x00000007077b73d8}: org/springframework/boot/actuate/endpoint/jmx/DataEndpointMBean> (0x00000007077b73d8) 
thrown [s\open\src\hotspot\share\classfile\systemDictionary.cpp, line 256]
Event: 13.040 Thread 0x0000018e9c2aa050 Exception <a 'java/lang/ClassNotFoundException'{0x00000007077b7788}: org/springframework/context/support/LiveBeansView> (0x00000007077b7788) 
thrown [s\open\src\hotspot\share\classfile\systemDictionary.cpp, line 256]
Event: 13.046 Thread 0x0000018e9c2aa050 Exception <a 'java/lang/NoSuchMethodError'{0x00000007077dc7a8}: 'double java.lang.invoke.DirectMethodHandle$Holder.invokeInterface(java.lang.Object, java.lang.Object)'> (0x00000007077dc7a8) 
thrown [s\open\src\hotspot\share\interpreter\linkResolver.cpp, line 759]

VM Operations (20 events):
Event: 10.134 Executing VM operation: HandshakeAllThreads
Event: 10.134 Executing VM operation: HandshakeAllThreads done
Event: 10.136 Executing VM operation: HandshakeAllThreads
Event: 10.136 Executing VM operation: HandshakeAllThreads done
Event: 10.185 Executing VM operation: HandshakeAllThreads
Event: 10.186 Executing VM operation: HandshakeAllThreads done
Event: 11.189 Executing VM operation: Cleanup
Event: 11.189 Executing VM operation: Cleanup done
Event: 12.202 Executing VM operation: Cleanup
Event: 12.202 Executing VM operation: Cleanup done
Event: 12.209 Executing VM operation: HandshakeAllThreads
Event: 12.209 Executing VM operation: HandshakeAllThreads done
Event: 12.793 Executing VM operation: HandshakeAllThreads
Event: 12.793 Executing VM operation: HandshakeAllThreads done
Event: 12.847 Executing VM operation: G1CollectForAllocation
Event: 12.852 Executing VM operation: G1CollectForAllocation done
Event: 12.963 Executing VM operation: HandshakeAllThreads
Event: 12.963 Executing VM operation: HandshakeAllThreads done
Event: 12.991 Executing VM operation: HandshakeAllThreads
Event: 12.991 Executing VM operation: HandshakeAllThreads done

Events (20 events):
Event: 12.210 Thread 0x0000018e9b170190 flushing nmethod 0x0000018e3a053690
Event: 12.210 Thread 0x0000018e9b170190 flushing nmethod 0x0000018e3a06c110
Event: 12.210 Thread 0x0000018e9b170190 flushing nmethod 0x0000018e3a06f390
Event: 12.210 Thread 0x0000018e9b170190 flushing nmethod 0x0000018e3a06f790
Event: 12.211 Thread 0x0000018e9b170190 flushing nmethod 0x0000018e3a177410
Event: 12.769 loading class javax/management/remote/rmi/RMIConnectionImpl$7
Event: 12.769 loading class javax/management/remote/rmi/RMIConnectionImpl$7 done
Event: 12.769 loading class com/sun/jmx/remote/util/OrderClassLoaders
Event: 12.769 loading class com/sun/jmx/remote/util/OrderClassLoaders done
Event: 12.804 loading class org/w3c/dom/Node
Event: 12.804 loading class org/w3c/dom/Node done
Event: 12.804 loading class org/w3c/dom/Document
Event: 12.805 loading class org/w3c/dom/Document done
Event: 12.830 Thread 0x0000018e9d6849f0 Thread added: 0x0000018e9d6849f0
Event: 12.988 loading class jdk/internal/vm/annotation/ForceInline
Event: 12.988 loading class jdk/internal/vm/annotation/ForceInline done
Event: 13.020 loading class sun/reflect/misc/MethodUtil
Event: 13.020 loading class sun/reflect/misc/MethodUtil done
Event: 13.021 loading class sun/reflect/misc/MethodUtil$1
Event: 13.021 loading class sun/reflect/misc/MethodUtil$1 done


Dynamic libraries:
0x00007ff7e9cc0000 - 0x00007ff7e9cd0000 	C:\Program Files\Java\jdk-17\bin\java.exe
0x00007ff850e50000 - 0x00007ff851067000 	C:\Windows\SYSTEM32\ntdll.dll
0x00007ff84fce0000 - 0x00007ff84fda4000 	C:\Windows\System32\KERNEL32.DLL
0x00007ff84e360000 - 0x00007ff84e719000 	C:\Windows\System32\KERNELBASE.dll
0x00007ff84e810000 - 0x00007ff84e921000 	C:\Windows\System32\ucrtbase.dll
0x00007ff843ac0000 - 0x00007ff843ad9000 	C:\Program Files\Java\jdk-17\bin\jli.dll
0x00007ff843aa0000 - 0x00007ff843abb000 	C:\Program Files\Java\jdk-17\bin\VCRUNTIME140.dll
0x00007ff84fea0000 - 0x00007ff84ff52000 	C:\Windows\System32\ADVAPI32.dll
0x00007ff850620000 - 0x00007ff8506c7000 	C:\Windows\System32\msvcrt.dll
0x00007ff84f0b0000 - 0x00007ff84f157000 	C:\Windows\System32\sechost.dll
0x00007ff84eb40000 - 0x00007ff84eb68000 	C:\Windows\System32\bcrypt.dll
0x00007ff84ff70000 - 0x00007ff850084000 	C:\Windows\System32\RPCRT4.dll
0x00007ff84f220000 - 0x00007ff84f3ce000 	C:\Windows\System32\USER32.dll
0x00007ff84eb10000 - 0x00007ff84eb36000 	C:\Windows\System32\win32u.dll
0x00007ff82e0d0000 - 0x00007ff82e362000 	C:\Windows\WinSxS\amd64_microsoft.windows.common-controls_6595b64144ccf1df_6.0.22621.4391_none_2715d37f73803e96\COMCTL32.dll
0x00007ff84eb70000 - 0x00007ff84eb99000 	C:\Windows\System32\GDI32.dll
0x00007ff84e9f0000 - 0x00007ff84eb0b000 	C:\Windows\System32\gdi32full.dll
0x00007ff84e150000 - 0x00007ff84e1ea000 	C:\Windows\System32\msvcp_win.dll
0x00007ff848f40000 - 0x00007ff848f4a000 	C:\Windows\SYSTEM32\VERSION.dll
0x00007ff8502c0000 - 0x00007ff8502f1000 	C:\Windows\System32\IMM32.DLL
0x00007ff8490a0000 - 0x00007ff8490ac000 	C:\Program Files\Java\jdk-17\bin\vcruntime140_1.dll
0x00007ff827cc0000 - 0x00007ff827d4e000 	C:\Program Files\Java\jdk-17\bin\msvcp140.dll
0x00007fffeb8d0000 - 0x00007fffec4b1000 	C:\Program Files\Java\jdk-17\bin\server\jvm.dll
0x00007ff84ff60000 - 0x00007ff84ff68000 	C:\Windows\System32\PSAPI.DLL
0x00007ff848f70000 - 0x00007ff848fa4000 	C:\Windows\SYSTEM32\WINMM.dll
0x00007ff848180000 - 0x00007ff848189000 	C:\Windows\SYSTEM32\WSOCK32.dll
0x00007ff84f030000 - 0x00007ff84f0a1000 	C:\Windows\System32\WS2_32.dll
0x00007ff84d1a0000 - 0x00007ff84d1b8000 	C:\Windows\SYSTEM32\kernel.appcore.dll
0x00007ff8465d0000 - 0x00007ff8465da000 	C:\Program Files\Java\jdk-17\bin\jimage.dll
0x00007ff845940000 - 0x00007ff845b72000 	C:\Windows\SYSTEM32\DBGHELP.DLL
0x00007ff84eba0000 - 0x00007ff84ef2f000 	C:\Windows\System32\combase.dll
0x00007ff8501e0000 - 0x00007ff8502b7000 	C:\Windows\System32\OLEAUT32.dll
0x00007ff845870000 - 0x00007ff8458a2000 	C:\Windows\SYSTEM32\dbgcore.DLL
0x00007ff84e720000 - 0x00007ff84e79b000 	C:\Windows\System32\bcryptPrimitives.dll
0x00007ff843920000 - 0x00007ff843945000 	C:\Program Files\Java\jdk-17\bin\java.dll
0x00007ff8278c0000 - 0x00007ff827997000 	C:\Program Files\Java\jdk-17\bin\jsvml.dll
0x00007ff84f450000 - 0x00007ff84fcc6000 	C:\Windows\System32\SHELL32.dll
0x00007ff84c040000 - 0x00007ff84c943000 	C:\Windows\SYSTEM32\windows.storage.dll
0x00007ff84bf00000 - 0x00007ff84c03f000 	C:\Windows\SYSTEM32\wintypes.dll
0x00007ff850d10000 - 0x00007ff850e09000 	C:\Windows\System32\SHCORE.dll
0x00007ff84fdb0000 - 0x00007ff84fe0e000 	C:\Windows\System32\shlwapi.dll
0x00007ff84e080000 - 0x00007ff84e0ab000 	C:\Windows\SYSTEM32\profapi.dll
0x00007ff843850000 - 0x00007ff843869000 	C:\Program Files\Java\jdk-17\bin\net.dll
0x00007ff848b30000 - 0x00007ff848c66000 	C:\Windows\SYSTEM32\WINHTTP.dll
0x00007ff84d6b0000 - 0x00007ff84d719000 	C:\Windows\system32\mswsock.dll
0x00007ff843830000 - 0x00007ff843846000 	C:\Program Files\Java\jdk-17\bin\nio.dll
0x00007ff83c640000 - 0x00007ff83c658000 	C:\Program Files\Java\jdk-17\bin\zip.dll
0x00007ff846040000 - 0x00007ff84604a000 	C:\Program Files\Java\jdk-17\bin\management.dll
0x00007ff844ae0000 - 0x00007ff844aeb000 	C:\Program Files\Java\jdk-17\bin\management_ext.dll
0x00007ff844cf0000 - 0x00007ff844d07000 	C:\Windows\system32\napinsp.dll
0x00007ff844cd0000 - 0x00007ff844ceb000 	C:\Windows\system32\pnrpnsp.dll
0x00007ff84cca0000 - 0x00007ff84cda2000 	C:\Windows\SYSTEM32\DNSAPI.dll
0x00007ff84cc30000 - 0x00007ff84cc5d000 	C:\Windows\SYSTEM32\IPHLPAPI.DLL
0x00007ff8506d0000 - 0x00007ff8506d9000 	C:\Windows\System32\NSI.dll
0x00007ff844cb0000 - 0x00007ff844cc1000 	C:\Windows\System32\winrnr.dll
0x00007ff848250000 - 0x00007ff848265000 	C:\Windows\system32\wshbth.dll
0x00007ff800ce0000 - 0x00007ff800d07000 	C:\Windows\system32\nlansp_c.dll
0x00007ff849460000 - 0x00007ff84946a000 	C:\Windows\System32\rasadhlp.dll
0x00007ff846800000 - 0x00007ff846883000 	C:\Windows\System32\fwpuclnt.dll
0x00007ff84da00000 - 0x00007ff84da1b000 	C:\Windows\SYSTEM32\CRYPTSP.dll
0x00007ff84d1c0000 - 0x00007ff84d1f5000 	C:\Windows\system32\rsaenh.dll
0x00007ff84d750000 - 0x00007ff84d778000 	C:\Windows\SYSTEM32\USERENV.dll
0x00007ff84d9e0000 - 0x00007ff84d9ec000 	C:\Windows\SYSTEM32\CRYPTBASE.dll
0x00007ff849630000 - 0x00007ff849649000 	C:\Windows\SYSTEM32\dhcpcsvc6.DLL
0x00007ff848f50000 - 0x00007ff848f6f000 	C:\Windows\SYSTEM32\dhcpcsvc.DLL
0x00007ff8448b0000 - 0x00007ff8448be000 	C:\Program Files\Java\jdk-17\bin\sunmscapi.dll
0x00007ff84e1f0000 - 0x00007ff84e356000 	C:\Windows\System32\CRYPT32.dll
0x00007ff84db10000 - 0x00007ff84db3d000 	C:\Windows\SYSTEM32\ncrypt.dll
0x00007ff84dad0000 - 0x00007ff84db07000 	C:\Windows\SYSTEM32\NTASN1.dll
0x00007ff843910000 - 0x00007ff843920000 	C:\Program Files\Java\jdk-17\bin\verify.dll
0x00007ff844d50000 - 0x00007ff844d58000 	C:\Windows\system32\wshunix.dll

dbghelp: loaded successfully - version: 4.0.5 - missing functions: none
symbol engine: initialized successfully - sym options: 0x614 - pdb path: .;C:\Program Files\Java\jdk-17\bin;C:\Windows\SYSTEM32;C:\Windows\WinSxS\amd64_microsoft.windows.common-controls_6595b64144ccf1df_6.0.22621.4391_none_2715d37f73803e96;C:\Program Files\Java\jdk-17\bin\server

VM Arguments:
jvm_args: -Dcom.sun.management.jmxremote -Dcom.sun.management.jmxremote.port=54395 -Dcom.sun.management.jmxremote.authenticate=false -Dcom.sun.management.jmxremote.ssl=false -Dspring.jmx.enabled=true -Djava.rmi.server.hostname=localhost -Dspring.application.admin.enabled=true -Dspring.boot.project.name=inmojaen -XX:+ShowCodeDetailsInExceptionMessages -Dmanagement.endpoints.jmx.exposure.include=* 
java_command: com.iesvdc.project.inmojaen.InmojaenApplication
java_class_path (initial): C:\Users\leope\Desktop\Proyectos\inmojaen\inmojaen\target\classes;C:\Users\leope\.m2\repository\org\springframework\boot\spring-boot-starter-actuator\3.3.3\spring-boot-starter-actuator-3.3.3.jar;C:\Users\leope\.m2\repository\org\springframework\boot\spring-boot-starter\3.3.3\spring-boot-starter-3.3.3.jar;C:\Users\leope\.m2\repository\org\springframework\boot\spring-boot-starter-logging\3.3.3\spring-boot-starter-logging-3.3.3.jar;C:\Users\leope\.m2\repository\ch\qos\logback\logback-classic\1.5.7\logback-classic-1.5.7.jar;C:\Users\leope\.m2\repository\ch\qos\logback\logback-core\1.5.7\logback-core-1.5.7.jar;C:\Users\leope\.m2\repository\org\apache\logging\log4j\log4j-to-slf4j\2.23.1\log4j-to-slf4j-2.23.1.jar;C:\Users\leope\.m2\repository\org\apache\logging\log4j\log4j-api\2.23.1\log4j-api-2.23.1.jar;C:\Users\leope\.m2\repository\org\slf4j\jul-to-slf4j\2.0.16\jul-to-slf4j-2.0.16.jar;C:\Users\leope\.m2\repository\jakarta\annotation\jakarta.annotation-api\2.1.1\jakarta.annotation-api-2.1.1.jar;C:\Users\leope\.m2\repository\org\yaml\snakeyaml\2.2\snakeyaml-2.2.jar;C:\Users\leope\.m2\repository\org\springframework\boot\spring-boot-actuator-autoconfigure\3.3.3\spring-boot-actuator-autoconfigure-3.3.3.jar;C:\Users\leope\.m2\repository\org\springframework\boot\spring-boot-actuator\3.3.3\spring-boot-actuator-3.3.3.jar;C:\Users\leope\.m2\repository\com\fasterxml\jackson\core\jackson-databind\2.17.2\jackson-databind-2.17.2.jar;C:\Users\leope\.m2\repository\com\fasterxml\jackson\core\jackson-annotations\2.17.2\jackson-annotations-2.17.2.jar;C:\Users\leope\.m2\repository\com\fasterxml\jackson\core\jackson-core\2.17.2\jackson-core-2.17.2.jar;C:\Users\leope\.m2\repository\com\fasterxml\jackson\datatype\jackson-datatype-jsr310\2.17.2\jackson-datatype-jsr310-2.17.2.jar;C:\Users\leope\.m2\repository\io\micrometer\micrometer-observation\1.13.3\micrometer-observation-1.13.3.jar;C:\Users\leope\.m2\repository\io\micrometer\micrometer-commons\1.13.3\micrometer-c
Launcher Type: SUN_STANDARD

[Global flags]
     intx CICompilerCount                          = 12                                        {product} {ergonomic}
     uint ConcGCThreads                            = 3                                         {product} {ergonomic}
     uint G1ConcRefinementThreads                  = 13                                        {product} {ergonomic}
   size_t G1HeapRegionSize                         = 2097152                                   {product} {ergonomic}
    uintx GCDrainStackTargetSize                   = 64                                        {product} {ergonomic}
   size_t InitialHeapSize                          = 266338304                                 {product} {ergonomic}
     bool ManagementServer                         = true                                      {product} {command line}
   size_t MarkStackSize                            = 4194304                                   {product} {ergonomic}
   size_t MaxHeapSize                              = 4257218560                                {product} {ergonomic}
   size_t MaxNewSize                               = 2554331136                                {product} {ergonomic}
   size_t MinHeapDeltaBytes                        = 2097152                                   {product} {ergonomic}
   size_t MinHeapSize                              = 8388608                                   {product} {ergonomic}
    uintx NonNMethodCodeHeapSize                   = 7602480                                {pd product} {ergonomic}
    uintx NonProfiledCodeHeapSize                  = 122027880                              {pd product} {ergonomic}
    uintx ProfiledCodeHeapSize                     = 122027880                              {pd product} {ergonomic}
    uintx ReservedCodeCacheSize                    = 251658240                              {pd product} {ergonomic}
     bool SegmentedCodeCache                       = true                                      {product} {ergonomic}
     bool ShowCodeDetailsInExceptionMessages       = true                                   {manageable} {command line}
   size_t SoftMaxHeapSize                          = 4257218560                             {manageable} {ergonomic}
     bool UseCompressedClassPointers               = true                           {product lp64_product} {ergonomic}
     bool UseCompressedOops                        = true                           {product lp64_product} {ergonomic}
     bool UseG1GC                                  = true                                      {product} {ergonomic}
     bool UseLargePagesIndividualAllocation        = false                                  {pd product} {ergonomic}

Logging:
Log output configuration:
 #0: stdout all=warning uptime,level,tags
 #1: stderr all=off uptime,level,tags

Environment Variables:
JAVA_HOME=C:\Program Files\Java\jdk-17
PATH=C:\Program Files\Common Files\Oracle\Java\javapath;C:\Python311\Scripts\;C:\Python311\;C:\Windows\system32;C:\Windows;C:\Windows\System32\Wbem;C:\Windows\System32\WindowsPowerShell\v1.0\;C:\Windows\System32\OpenSSH\;C:\Program Files\NVIDIA Corporation\NVIDIA NvDLISR;C:\Program Files\Docker\Docker\resources\bin;C:\ProgramData\chocolatey\bin;C:\Program Files\Java\jdk-17\bin;C:\Users\leope\AppData\Roaming\nvm;C:\Program Files\nodejs;C:\Program Files\PuTTY\;C:\Program Files\Git\cmd;C:\ProgramData\ComposerSetup\bin;C:\Program Files\nodejs\;C:\Users\leope\scoop\shims;C:\Users\leope\AppData\Local\Microsoft\WindowsApps;C:\Users\leope\AppData\Local\Programs\Microsoft VS Code\bin;C:\Users\leope\AppData\Roaming\nvm;C:\Program Files\nodejs;C:\Dev\flutter\bin;C:\xampp\php;C:\Users\leope\AppData\Roaming\Composer\vendor\bin;C:\Users\leope\AppData\Roaming\npm
USERNAME=leope
LANG=es_ES.UTF-8
OS=Windows_NT
PROCESSOR_IDENTIFIER=AMD64 Family 25 Model 80 Stepping 0, AuthenticAMD



---------------  S Y S T E M  ---------------

OS:
 Windows 11 , 64 bit Build 22621 (10.0.22621.4391)
OS uptime: 19 days 13:11 hours
Hyper-V role detected

CPU: total 16 (initial active 16) (16 cores per cpu, 2 threads per core) family 25 model 80 stepping 0 microcode 0x0, cx8, cmov, fxsr, ht, mmx, 3dnowpref, sse, sse2, sse3, ssse3, sse4a, sse4.1, sse4.2, popcnt, lzcnt, tsc, tscinvbit, avx, avx2, aes, erms, clmul, bmi1, bmi2, adx, sha, fma, vzeroupper, clflush, clflushopt, hv

Memory: 4k page, system-wide physical 16236M (208M free)
TotalPageFile size 65388M (AvailPageFile size 12M)
current process WorkingSet (physical memory assigned to process): 309M, peak: 317M
current process commit charge ("private bytes"): 358M, peak: 399M

vm_info: Java HotSpot(TM) 64-Bit Server VM (17.0.9+11-LTS-201) for windows-amd64 JRE (17.0.9+11-LTS-201), built on Oct 10 2023 23:16:06 by "mach5one" with MS VC++ 17.1 (VS2022)

END.
