#
# There is insufficient memory for the Java Runtime Environment to continue.
# Native memory allocation (malloc) failed to allocate 849216 bytes for Chunk::new
# Possible reasons:
#   The system is out of physical RAM or swap space
#   The process is running with CompressedOops enabled, and the Java Heap may be blocking the growth of the native heap
# Possible solutions:
#   Reduce memory load on the system
#   Increase physical memory or swap space
#   Check if swap backing store is full
#   Decrease Java heap size (-Xmx/-Xms)
#   Decrease number of Java threads
#   Decrease Java thread stack sizes (-Xss)
#   Set larger code cache with -XX:ReservedCodeCacheSize=
#   JVM is running with Zero Based Compressed Oops mode in which the Java heap is
#     placed in the first 32GB address space. The Java Heap base address is the
#     maximum limit for the native heap growth. Please use -XX:HeapBaseMinAddress
#     to set the Java Heap base and to place the Java Heap above 32GB virtual address.
# This output file may be truncated or incomplete.
#
#  Out of Memory Error (arena.cpp:189), pid=31124, tid=113780
#
# JRE version: Java(TM) SE Runtime Environment (17.0.9+11) (build 17.0.9+11-LTS-201)
# Java VM: Java HotSpot(TM) 64-Bit Server VM (17.0.9+11-LTS-201, mixed mode, sharing, tiered, compressed oops, compressed class ptrs, g1 gc, windows-amd64)
# No core dump will be written. Minidumps are not enabled by default on client versions of Windows
#

---------------  S U M M A R Y ------------

Command Line: -Dcom.sun.management.jmxremote -Dcom.sun.management.jmxremote.port=54395 -Dcom.sun.management.jmxremote.authenticate=false -Dcom.sun.management.jmxremote.ssl=false -Dspring.jmx.enabled=true -Djava.rmi.server.hostname=localhost -Dspring.application.admin.enabled=true -Dspring.boot.project.name=inmojaen -XX:+ShowCodeDetailsInExceptionMessages -Dmanagement.endpoints.jmx.exposure.include=* com.iesvdc.project.inmojaen.InmojaenApplication

Host: AMD Ryzen 7 5800H with Radeon Graphics         , 16 cores, 15G,  Windows 11 , 64 bit Build 22621 (10.0.22621.4391)
Time: Thu Dec  5 00:21:14 2024 Hora estándar romance elapsed time: 0.984245 seconds (0d 0h 0m 0s)

---------------  T H R E A D  ---------------

Current thread (0x00000164c11d5c70):  JavaThread "C2 CompilerThread0" daemon [_thread_in_native, id=113780, stack(0x0000004976b00000,0x0000004976c00000)]


Current CompileTask:
C2:    984 2182       4       jdk.internal.org.objectweb.asm.Frame::execute (2305 bytes)

Stack: [0x0000004976b00000,0x0000004976c00000]
Native frames: (J=compiled Java code, j=interpreted, Vv=VM code, C=native code)
V  [jvm.dll+0x678a4a]
V  [jvm.dll+0x7d9cfd]
V  [jvm.dll+0x7db60e]
V  [jvm.dll+0x7dbc73]
V  [jvm.dll+0x245e1f]
V  [jvm.dll+0xaaafb]
V  [jvm.dll+0xab09c]
V  [jvm.dll+0x2ab7ef]
V  [jvm.dll+0x5812e5]
V  [jvm.dll+0x220c52]
V  [jvm.dll+0x22102f]
V  [jvm.dll+0x219f86]
V  [jvm.dll+0x217459]
V  [jvm.dll+0x1a3bc0]
V  [jvm.dll+0x2272de]
V  [jvm.dll+0x22548b]
V  [jvm.dll+0x78f58c]
V  [jvm.dll+0x78998a]
V  [jvm.dll+0x677875]
C  [ucrtbase.dll+0x29333]
C  [KERNEL32.DLL+0x1259d]
C  [ntdll.dll+0x5af38]


---------------  P R O C E S S  ---------------

Threads class SMR info:
_java_thread_list=0x00000165075bf180, length=22, elements={
0x000001649d8f88f0, 0x00000164c0e50ba0, 0x00000164c0e51930, 0x00000164c11c5c10,
0x00000164c11c76f0, 0x00000164c11c9fd0, 0x00000164c11ca8a0, 0x00000164c11d5c70,
0x00000164c11e21c0, 0x00000164c11f66e0, 0x00000164c0e37e50, 0x00000164c1378de0,
0x00000164c18ad880, 0x00000164c18afa60, 0x00000164c1985dc0, 0x00000164c1db3f90,
0x00000164c1db4470, 0x000001650743fb90, 0x000001650743f170, 0x0000016507440ac0,
0x00000165074400a0, 0x000001650743f680
}

Java Threads: ( => current thread )
  0x000001649d8f88f0 JavaThread "main" [_thread_blocked, id=115968, stack(0x0000004975e00000,0x0000004975f00000)]
  0x00000164c0e50ba0 JavaThread "Reference Handler" daemon [_thread_blocked, id=112460, stack(0x0000004976500000,0x0000004976600000)]
  0x00000164c0e51930 JavaThread "Finalizer" daemon [_thread_blocked, id=31144, stack(0x0000004976600000,0x0000004976700000)]
  0x00000164c11c5c10 JavaThread "Signal Dispatcher" daemon [_thread_blocked, id=111104, stack(0x0000004976700000,0x0000004976800000)]
  0x00000164c11c76f0 JavaThread "Attach Listener" daemon [_thread_blocked, id=115260, stack(0x0000004976800000,0x0000004976900000)]
  0x00000164c11c9fd0 JavaThread "Service Thread" daemon [_thread_blocked, id=115936, stack(0x0000004976900000,0x0000004976a00000)]
  0x00000164c11ca8a0 JavaThread "Monitor Deflation Thread" daemon [_thread_blocked, id=114548, stack(0x0000004976a00000,0x0000004976b00000)]
=>0x00000164c11d5c70 JavaThread "C2 CompilerThread0" daemon [_thread_in_native, id=113780, stack(0x0000004976b00000,0x0000004976c00000)]
  0x00000164c11e21c0 JavaThread "C1 CompilerThread0" daemon [_thread_blocked, id=114596, stack(0x0000004976c00000,0x0000004976d00000)]
  0x00000164c11f66e0 JavaThread "Sweeper thread" daemon [_thread_blocked, id=31036, stack(0x0000004976d00000,0x0000004976e00000)]
  0x00000164c0e37e50 JavaThread "Common-Cleaner" daemon [_thread_blocked, id=102912, stack(0x0000004976e00000,0x0000004976f00000)]
  0x00000164c1378de0 JavaThread "Notification Thread" daemon [_thread_blocked, id=110204, stack(0x0000004976f00000,0x0000004977000000)]
  0x00000164c18ad880 JavaThread "RMI TCP Accept-0" daemon [_thread_in_native, id=28908, stack(0x0000004977000000,0x0000004977100000)]
  0x00000164c18afa60 JavaThread "RMI TCP Accept-54395" daemon [_thread_in_native, id=115928, stack(0x0000004977100000,0x0000004977200000)]
  0x00000164c1985dc0 JavaThread "RMI TCP Accept-0" daemon [_thread_in_native, id=115036, stack(0x0000004977200000,0x0000004977300000)]
  0x00000164c1db3f90 JavaThread "Thread-0" [_thread_blocked, id=116592, stack(0x0000004977b00000,0x0000004977c00000)]
  0x00000164c1db4470 JavaThread "restartedMain" [_thread_blocked, id=107596, stack(0x0000004977c00000,0x0000004977d00000)]
  0x000001650743fb90 JavaThread "RMI TCP Connection(1)-127.0.0.1" daemon [_thread_in_native, id=9816, stack(0x0000004977d00000,0x0000004977e00000)]
  0x000001650743f170 JavaThread "RMI Scheduler(0)" daemon [_thread_blocked, id=116000, stack(0x0000004977e00000,0x0000004977f00000)]
  0x0000016507440ac0 JavaThread "RMI TCP Connection(2)-127.0.0.1" daemon [_thread_in_native, id=116304, stack(0x0000004977f00000,0x0000004978000000)]
  0x00000165074400a0 JavaThread "JMX server connection timeout 33" daemon [_thread_blocked, id=115956, stack(0x0000004978000000,0x0000004978100000)]
  0x000001650743f680 JavaThread "background-preinit" [_thread_in_native, id=113244, stack(0x0000004978300000,0x0000004978400000)]

Other Threads:
  0x00000164c0e48060 VMThread "VM Thread" [stack: 0x0000004976400000,0x0000004976500000] [id=5240]
  0x000001649d8f9630 WatcherThread [stack: 0x0000004977300000,0x0000004977400000] [id=107468]
  0x000001649d96d2a0 GCTaskThread "GC Thread#0" [stack: 0x0000004975f00000,0x0000004976000000] [id=29556]
  0x00000164c1da9ca0 GCTaskThread "GC Thread#1" [stack: 0x0000004977400000,0x0000004977500000] [id=116500]
  0x00000165073a5490 GCTaskThread "GC Thread#2" [stack: 0x0000004977500000,0x0000004977600000] [id=115984]
  0x00000165073504d0 GCTaskThread "GC Thread#3" [stack: 0x0000004977600000,0x0000004977700000] [id=115652]
  0x0000016507350790 GCTaskThread "GC Thread#4" [stack: 0x0000004977700000,0x0000004977800000] [id=30432]
  0x00000165073a5960 GCTaskThread "GC Thread#5" [stack: 0x0000004977800000,0x0000004977900000] [id=115732]
  0x000001650739e4f0 GCTaskThread "GC Thread#6" [stack: 0x0000004977900000,0x0000004977a00000] [id=96704]
  0x000001650739cc30 GCTaskThread "GC Thread#7" [stack: 0x0000004977a00000,0x0000004977b00000] [id=106476]
  0x000001650739d470 GCTaskThread "GC Thread#8" [stack: 0x0000004978100000,0x0000004978200000] [id=112412]
  0x000001650739e230 GCTaskThread "GC Thread#9" [stack: 0x0000004978200000,0x0000004978300000] [id=113912]
  0x000001649d97eed0 ConcurrentGCThread "G1 Main Marker" [stack: 0x0000004976000000,0x0000004976100000] [id=23652]
  0x000001649d97ff90 ConcurrentGCThread "G1 Conc#0" [stack: 0x0000004976100000,0x0000004976200000] [id=116600]
  0x000001649d9ae9b0 ConcurrentGCThread "G1 Refine#0" [stack: 0x0000004976200000,0x0000004976300000] [id=115536]
  0x00000164c0cfec10 ConcurrentGCThread "G1 Service" [stack: 0x0000004976300000,0x0000004976400000] [id=97584]

Threads with active compile tasks:
C2 CompilerThread0     1005 2182       4       jdk.internal.org.objectweb.asm.Frame::execute (2305 bytes)

VM state: not at safepoint (normal execution)

VM Mutex/Monitor currently owned by a thread: None

Heap address: 0x0000000702400000, size: 4060 MB, Compressed Oops mode: Zero based, Oop shift amount: 3

CDS archive(s) mapped at: [0x00000164c2000000-0x00000164c2bd0000-0x00000164c2bd0000), size 12386304, SharedBaseAddress: 0x00000164c2000000, ArchiveRelocationMode: 1.
Compressed class space mapped at: 0x00000164c3000000-0x0000016503000000, reserved size: 1073741824
Narrow klass base: 0x00000164c2000000, Narrow klass shift: 0, Narrow klass range: 0x100000000

GC Precious Log:
 CPUs: 16 total, 16 available
 Memory: 16236M
 Large Page Support: Disabled
 NUMA Support: Disabled
 Compressed Oops: Enabled (Zero based)
 Heap Region Size: 2M
 Heap Min Capacity: 8M
 Heap Initial Capacity: 254M
 Heap Max Capacity: 4060M
 Pre-touch: Disabled
 Parallel Workers: 13
 Concurrent Workers: 3
 Concurrent Refinement Workers: 13
 Periodic GC: Disabled

Heap:
 garbage-first heap   total 260096K, used 25925K [0x0000000702400000, 0x0000000800000000)
  region size 2048K, 11 young (22528K), 1 survivors (2048K)
 Metaspace       used 17013K, committed 17344K, reserved 1114112K
  class space    used 2060K, committed 2240K, reserved 1048576K

Heap Regions: E=young(eden), S=young(survivor), O=old, HS=humongous(starts), HC=humongous(continues), CS=collection set, F=free, OA=open archive, CA=closed archive, TAMS=top-at-mark-start (previous, next)
|   0|0x0000000702400000, 0x0000000702600000, 0x0000000702600000|100%| O|  |TAMS 0x0000000702400000, 0x0000000702400000| Untracked 
|   1|0x0000000702600000, 0x0000000702800000, 0x0000000702800000|100%| O|  |TAMS 0x0000000702600000, 0x0000000702600000| Untracked 
|   2|0x0000000702800000, 0x0000000702a00000, 0x0000000702a00000|100%| O|  |TAMS 0x0000000702800000, 0x0000000702800000| Untracked 
|   3|0x0000000702a00000, 0x0000000702ba4c00, 0x0000000702c00000| 82%| O|  |TAMS 0x0000000702a00000, 0x0000000702a00000| Untracked 
|   4|0x0000000702c00000, 0x0000000702c00000, 0x0000000702e00000|  0%| F|  |TAMS 0x0000000702c00000, 0x0000000702c00000| Untracked 
|   5|0x0000000702e00000, 0x0000000702e00000, 0x0000000703000000|  0%| F|  |TAMS 0x0000000702e00000, 0x0000000702e00000| Untracked 
|   6|0x0000000703000000, 0x0000000703000000, 0x0000000703200000|  0%| F|  |TAMS 0x0000000703000000, 0x0000000703000000| Untracked 
|   7|0x0000000703200000, 0x0000000703200000, 0x0000000703400000|  0%| F|  |TAMS 0x0000000703200000, 0x0000000703200000| Untracked 
|   8|0x0000000703400000, 0x0000000703400000, 0x0000000703600000|  0%| F|  |TAMS 0x0000000703400000, 0x0000000703400000| Untracked 
|   9|0x0000000703600000, 0x0000000703600000, 0x0000000703800000|  0%| F|  |TAMS 0x0000000703600000, 0x0000000703600000| Untracked 
|  10|0x0000000703800000, 0x0000000703800000, 0x0000000703a00000|  0%| F|  |TAMS 0x0000000703800000, 0x0000000703800000| Untracked 
|  11|0x0000000703a00000, 0x0000000703a00000, 0x0000000703c00000|  0%| F|  |TAMS 0x0000000703a00000, 0x0000000703a00000| Untracked 
|  12|0x0000000703c00000, 0x0000000703c00000, 0x0000000703e00000|  0%| F|  |TAMS 0x0000000703c00000, 0x0000000703c00000| Untracked 
|  13|0x0000000703e00000, 0x0000000703e00000, 0x0000000704000000|  0%| F|  |TAMS 0x0000000703e00000, 0x0000000703e00000| Untracked 
|  14|0x0000000704000000, 0x0000000704000000, 0x0000000704200000|  0%| F|  |TAMS 0x0000000704000000, 0x0000000704000000| Untracked 
|  15|0x0000000704200000, 0x0000000704200000, 0x0000000704400000|  0%| F|  |TAMS 0x0000000704200000, 0x0000000704200000| Untracked 
|  16|0x0000000704400000, 0x0000000704400000, 0x0000000704600000|  0%| F|  |TAMS 0x0000000704400000, 0x0000000704400000| Untracked 
|  17|0x0000000704600000, 0x0000000704600000, 0x0000000704800000|  0%| F|  |TAMS 0x0000000704600000, 0x0000000704600000| Untracked 
|  18|0x0000000704800000, 0x0000000704800000, 0x0000000704a00000|  0%| F|  |TAMS 0x0000000704800000, 0x0000000704800000| Untracked 
|  19|0x0000000704a00000, 0x0000000704a00000, 0x0000000704c00000|  0%| F|  |TAMS 0x0000000704a00000, 0x0000000704a00000| Untracked 
|  20|0x0000000704c00000, 0x0000000704c00000, 0x0000000704e00000|  0%| F|  |TAMS 0x0000000704c00000, 0x0000000704c00000| Untracked 
|  21|0x0000000704e00000, 0x0000000704e00000, 0x0000000705000000|  0%| F|  |TAMS 0x0000000704e00000, 0x0000000704e00000| Untracked 
|  22|0x0000000705000000, 0x0000000705000000, 0x0000000705200000|  0%| F|  |TAMS 0x0000000705000000, 0x0000000705000000| Untracked 
|  23|0x0000000705200000, 0x0000000705200000, 0x0000000705400000|  0%| F|  |TAMS 0x0000000705200000, 0x0000000705200000| Untracked 
|  24|0x0000000705400000, 0x0000000705400000, 0x0000000705600000|  0%| F|  |TAMS 0x0000000705400000, 0x0000000705400000| Untracked 
|  25|0x0000000705600000, 0x0000000705600000, 0x0000000705800000|  0%| F|  |TAMS 0x0000000705600000, 0x0000000705600000| Untracked 
|  26|0x0000000705800000, 0x0000000705800000, 0x0000000705a00000|  0%| F|  |TAMS 0x0000000705800000, 0x0000000705800000| Untracked 
|  27|0x0000000705a00000, 0x0000000705a00000, 0x0000000705c00000|  0%| F|  |TAMS 0x0000000705a00000, 0x0000000705a00000| Untracked 
|  28|0x0000000705c00000, 0x0000000705c00000, 0x0000000705e00000|  0%| F|  |TAMS 0x0000000705c00000, 0x0000000705c00000| Untracked 
|  29|0x0000000705e00000, 0x0000000705e00000, 0x0000000706000000|  0%| F|  |TAMS 0x0000000705e00000, 0x0000000705e00000| Untracked 
|  30|0x0000000706000000, 0x0000000706000000, 0x0000000706200000|  0%| F|  |TAMS 0x0000000706000000, 0x0000000706000000| Untracked 
|  31|0x0000000706200000, 0x0000000706200000, 0x0000000706400000|  0%| F|  |TAMS 0x0000000706200000, 0x0000000706200000| Untracked 
|  32|0x0000000706400000, 0x0000000706400000, 0x0000000706600000|  0%| F|  |TAMS 0x0000000706400000, 0x0000000706400000| Untracked 
|  33|0x0000000706600000, 0x0000000706600000, 0x0000000706800000|  0%| F|  |TAMS 0x0000000706600000, 0x0000000706600000| Untracked 
|  34|0x0000000706800000, 0x0000000706800000, 0x0000000706a00000|  0%| F|  |TAMS 0x0000000706800000, 0x0000000706800000| Untracked 
|  35|0x0000000706a00000, 0x0000000706a00000, 0x0000000706c00000|  0%| F|  |TAMS 0x0000000706a00000, 0x0000000706a00000| Untracked 
|  36|0x0000000706c00000, 0x0000000706c00000, 0x0000000706e00000|  0%| F|  |TAMS 0x0000000706c00000, 0x0000000706c00000| Untracked 
|  37|0x0000000706e00000, 0x0000000706e00000, 0x0000000707000000|  0%| F|  |TAMS 0x0000000706e00000, 0x0000000706e00000| Untracked 
|  38|0x0000000707000000, 0x0000000707000000, 0x0000000707200000|  0%| F|  |TAMS 0x0000000707000000, 0x0000000707000000| Untracked 
|  39|0x0000000707200000, 0x0000000707200000, 0x0000000707400000|  0%| F|  |TAMS 0x0000000707200000, 0x0000000707200000| Untracked 
|  40|0x0000000707400000, 0x0000000707400000, 0x0000000707600000|  0%| F|  |TAMS 0x0000000707400000, 0x0000000707400000| Untracked 
|  41|0x0000000707600000, 0x0000000707600000, 0x0000000707800000|  0%| F|  |TAMS 0x0000000707600000, 0x0000000707600000| Untracked 
|  42|0x0000000707800000, 0x0000000707800000, 0x0000000707a00000|  0%| F|  |TAMS 0x0000000707800000, 0x0000000707800000| Untracked 
|  43|0x0000000707a00000, 0x0000000707a00000, 0x0000000707c00000|  0%| F|  |TAMS 0x0000000707a00000, 0x0000000707a00000| Untracked 
|  44|0x0000000707c00000, 0x0000000707c00000, 0x0000000707e00000|  0%| F|  |TAMS 0x0000000707c00000, 0x0000000707c00000| Untracked 
|  45|0x0000000707e00000, 0x0000000707e00000, 0x0000000708000000|  0%| F|  |TAMS 0x0000000707e00000, 0x0000000707e00000| Untracked 
|  46|0x0000000708000000, 0x0000000708000000, 0x0000000708200000|  0%| F|  |TAMS 0x0000000708000000, 0x0000000708000000| Untracked 
|  47|0x0000000708200000, 0x0000000708200000, 0x0000000708400000|  0%| F|  |TAMS 0x0000000708200000, 0x0000000708200000| Untracked 
|  48|0x0000000708400000, 0x0000000708400000, 0x0000000708600000|  0%| F|  |TAMS 0x0000000708400000, 0x0000000708400000| Untracked 
|  49|0x0000000708600000, 0x0000000708600000, 0x0000000708800000|  0%| F|  |TAMS 0x0000000708600000, 0x0000000708600000| Untracked 
|  50|0x0000000708800000, 0x0000000708800000, 0x0000000708a00000|  0%| F|  |TAMS 0x0000000708800000, 0x0000000708800000| Untracked 
|  51|0x0000000708a00000, 0x0000000708a00000, 0x0000000708c00000|  0%| F|  |TAMS 0x0000000708a00000, 0x0000000708a00000| Untracked 
|  52|0x0000000708c00000, 0x0000000708c00000, 0x0000000708e00000|  0%| F|  |TAMS 0x0000000708c00000, 0x0000000708c00000| Untracked 
|  53|0x0000000708e00000, 0x0000000708e00000, 0x0000000709000000|  0%| F|  |TAMS 0x0000000708e00000, 0x0000000708e00000| Untracked 
|  54|0x0000000709000000, 0x0000000709000000, 0x0000000709200000|  0%| F|  |TAMS 0x0000000709000000, 0x0000000709000000| Untracked 
|  55|0x0000000709200000, 0x0000000709200000, 0x0000000709400000|  0%| F|  |TAMS 0x0000000709200000, 0x0000000709200000| Untracked 
|  56|0x0000000709400000, 0x0000000709400000, 0x0000000709600000|  0%| F|  |TAMS 0x0000000709400000, 0x0000000709400000| Untracked 
|  57|0x0000000709600000, 0x0000000709600000, 0x0000000709800000|  0%| F|  |TAMS 0x0000000709600000, 0x0000000709600000| Untracked 
|  58|0x0000000709800000, 0x0000000709800000, 0x0000000709a00000|  0%| F|  |TAMS 0x0000000709800000, 0x0000000709800000| Untracked 
|  59|0x0000000709a00000, 0x0000000709a00000, 0x0000000709c00000|  0%| F|  |TAMS 0x0000000709a00000, 0x0000000709a00000| Untracked 
|  60|0x0000000709c00000, 0x0000000709c00000, 0x0000000709e00000|  0%| F|  |TAMS 0x0000000709c00000, 0x0000000709c00000| Untracked 
|  61|0x0000000709e00000, 0x0000000709e00000, 0x000000070a000000|  0%| F|  |TAMS 0x0000000709e00000, 0x0000000709e00000| Untracked 
|  62|0x000000070a000000, 0x000000070a000000, 0x000000070a200000|  0%| F|  |TAMS 0x000000070a000000, 0x000000070a000000| Untracked 
|  63|0x000000070a200000, 0x000000070a200000, 0x000000070a400000|  0%| F|  |TAMS 0x000000070a200000, 0x000000070a200000| Untracked 
|  64|0x000000070a400000, 0x000000070a400000, 0x000000070a600000|  0%| F|  |TAMS 0x000000070a400000, 0x000000070a400000| Untracked 
|  65|0x000000070a600000, 0x000000070a600000, 0x000000070a800000|  0%| F|  |TAMS 0x000000070a600000, 0x000000070a600000| Untracked 
|  66|0x000000070a800000, 0x000000070a800000, 0x000000070aa00000|  0%| F|  |TAMS 0x000000070a800000, 0x000000070a800000| Untracked 
|  67|0x000000070aa00000, 0x000000070aa00000, 0x000000070ac00000|  0%| F|  |TAMS 0x000000070aa00000, 0x000000070aa00000| Untracked 
|  68|0x000000070ac00000, 0x000000070ac00000, 0x000000070ae00000|  0%| F|  |TAMS 0x000000070ac00000, 0x000000070ac00000| Untracked 
|  69|0x000000070ae00000, 0x000000070ae00000, 0x000000070b000000|  0%| F|  |TAMS 0x000000070ae00000, 0x000000070ae00000| Untracked 
|  70|0x000000070b000000, 0x000000070b000000, 0x000000070b200000|  0%| F|  |TAMS 0x000000070b000000, 0x000000070b000000| Untracked 
|  71|0x000000070b200000, 0x000000070b200000, 0x000000070b400000|  0%| F|  |TAMS 0x000000070b200000, 0x000000070b200000| Untracked 
|  72|0x000000070b400000, 0x000000070b400000, 0x000000070b600000|  0%| F|  |TAMS 0x000000070b400000, 0x000000070b400000| Untracked 
|  73|0x000000070b600000, 0x000000070b600000, 0x000000070b800000|  0%| F|  |TAMS 0x000000070b600000, 0x000000070b600000| Untracked 
|  74|0x000000070b800000, 0x000000070b800000, 0x000000070ba00000|  0%| F|  |TAMS 0x000000070b800000, 0x000000070b800000| Untracked 
|  75|0x000000070ba00000, 0x000000070ba00000, 0x000000070bc00000|  0%| F|  |TAMS 0x000000070ba00000, 0x000000070ba00000| Untracked 
|  76|0x000000070bc00000, 0x000000070bc00000, 0x000000070be00000|  0%| F|  |TAMS 0x000000070bc00000, 0x000000070bc00000| Untracked 
|  77|0x000000070be00000, 0x000000070be00000, 0x000000070c000000|  0%| F|  |TAMS 0x000000070be00000, 0x000000070be00000| Untracked 
|  78|0x000000070c000000, 0x000000070c000000, 0x000000070c200000|  0%| F|  |TAMS 0x000000070c000000, 0x000000070c000000| Untracked 
|  79|0x000000070c200000, 0x000000070c200000, 0x000000070c400000|  0%| F|  |TAMS 0x000000070c200000, 0x000000070c200000| Untracked 
|  80|0x000000070c400000, 0x000000070c400000, 0x000000070c600000|  0%| F|  |TAMS 0x000000070c400000, 0x000000070c400000| Untracked 
|  81|0x000000070c600000, 0x000000070c600000, 0x000000070c800000|  0%| F|  |TAMS 0x000000070c600000, 0x000000070c600000| Untracked 
|  82|0x000000070c800000, 0x000000070c800000, 0x000000070ca00000|  0%| F|  |TAMS 0x000000070c800000, 0x000000070c800000| Untracked 
|  83|0x000000070ca00000, 0x000000070ca00000, 0x000000070cc00000|  0%| F|  |TAMS 0x000000070ca00000, 0x000000070ca00000| Untracked 
|  84|0x000000070cc00000, 0x000000070cc00000, 0x000000070ce00000|  0%| F|  |TAMS 0x000000070cc00000, 0x000000070cc00000| Untracked 
|  85|0x000000070ce00000, 0x000000070ce00000, 0x000000070d000000|  0%| F|  |TAMS 0x000000070ce00000, 0x000000070ce00000| Untracked 
|  86|0x000000070d000000, 0x000000070d000000, 0x000000070d200000|  0%| F|  |TAMS 0x000000070d000000, 0x000000070d000000| Untracked 
|  87|0x000000070d200000, 0x000000070d200000, 0x000000070d400000|  0%| F|  |TAMS 0x000000070d200000, 0x000000070d200000| Untracked 
|  88|0x000000070d400000, 0x000000070d400000, 0x000000070d600000|  0%| F|  |TAMS 0x000000070d400000, 0x000000070d400000| Untracked 
|  89|0x000000070d600000, 0x000000070d600000, 0x000000070d800000|  0%| F|  |TAMS 0x000000070d600000, 0x000000070d600000| Untracked 
|  90|0x000000070d800000, 0x000000070d800000, 0x000000070da00000|  0%| F|  |TAMS 0x000000070d800000, 0x000000070d800000| Untracked 
|  91|0x000000070da00000, 0x000000070da00000, 0x000000070dc00000|  0%| F|  |TAMS 0x000000070da00000, 0x000000070da00000| Untracked 
|  92|0x000000070dc00000, 0x000000070dc00000, 0x000000070de00000|  0%| F|  |TAMS 0x000000070dc00000, 0x000000070dc00000| Untracked 
|  93|0x000000070de00000, 0x000000070de00000, 0x000000070e000000|  0%| F|  |TAMS 0x000000070de00000, 0x000000070de00000| Untracked 
|  94|0x000000070e000000, 0x000000070e000000, 0x000000070e200000|  0%| F|  |TAMS 0x000000070e000000, 0x000000070e000000| Untracked 
|  95|0x000000070e200000, 0x000000070e200000, 0x000000070e400000|  0%| F|  |TAMS 0x000000070e200000, 0x000000070e200000| Untracked 
|  96|0x000000070e400000, 0x000000070e400000, 0x000000070e600000|  0%| F|  |TAMS 0x000000070e400000, 0x000000070e400000| Untracked 
|  97|0x000000070e600000, 0x000000070e600000, 0x000000070e800000|  0%| F|  |TAMS 0x000000070e600000, 0x000000070e600000| Untracked 
|  98|0x000000070e800000, 0x000000070e800000, 0x000000070ea00000|  0%| F|  |TAMS 0x000000070e800000, 0x000000070e800000| Untracked 
|  99|0x000000070ea00000, 0x000000070ea00000, 0x000000070ec00000|  0%| F|  |TAMS 0x000000070ea00000, 0x000000070ea00000| Untracked 
| 100|0x000000070ec00000, 0x000000070ec00000, 0x000000070ee00000|  0%| F|  |TAMS 0x000000070ec00000, 0x000000070ec00000| Untracked 
| 101|0x000000070ee00000, 0x000000070ee00000, 0x000000070f000000|  0%| F|  |TAMS 0x000000070ee00000, 0x000000070ee00000| Untracked 
| 102|0x000000070f000000, 0x000000070f000000, 0x000000070f200000|  0%| F|  |TAMS 0x000000070f000000, 0x000000070f000000| Untracked 
| 103|0x000000070f200000, 0x000000070f200000, 0x000000070f400000|  0%| F|  |TAMS 0x000000070f200000, 0x000000070f200000| Untracked 
| 104|0x000000070f400000, 0x000000070f400000, 0x000000070f600000|  0%| F|  |TAMS 0x000000070f400000, 0x000000070f400000| Untracked 
| 105|0x000000070f600000, 0x000000070f600000, 0x000000070f800000|  0%| F|  |TAMS 0x000000070f600000, 0x000000070f600000| Untracked 
| 106|0x000000070f800000, 0x000000070f800000, 0x000000070fa00000|  0%| F|  |TAMS 0x000000070f800000, 0x000000070f800000| Untracked 
| 107|0x000000070fa00000, 0x000000070fa00000, 0x000000070fc00000|  0%| F|  |TAMS 0x000000070fa00000, 0x000000070fa00000| Untracked 
| 108|0x000000070fc00000, 0x000000070fc00000, 0x000000070fe00000|  0%| F|  |TAMS 0x000000070fc00000, 0x000000070fc00000| Untracked 
| 109|0x000000070fe00000, 0x000000070fe00000, 0x0000000710000000|  0%| F|  |TAMS 0x000000070fe00000, 0x000000070fe00000| Untracked 
| 110|0x0000000710000000, 0x0000000710000000, 0x0000000710200000|  0%| F|  |TAMS 0x0000000710000000, 0x0000000710000000| Untracked 
| 111|0x0000000710200000, 0x0000000710200000, 0x0000000710400000|  0%| F|  |TAMS 0x0000000710200000, 0x0000000710200000| Untracked 
| 112|0x0000000710400000, 0x0000000710400000, 0x0000000710600000|  0%| F|  |TAMS 0x0000000710400000, 0x0000000710400000| Untracked 
| 113|0x0000000710600000, 0x00000007107aca28, 0x0000000710800000| 83%| S|CS|TAMS 0x0000000710600000, 0x0000000710600000| Complete 
| 114|0x0000000710800000, 0x0000000710800000, 0x0000000710a00000|  0%| F|  |TAMS 0x0000000710800000, 0x0000000710800000| Untracked 
| 115|0x0000000710a00000, 0x0000000710a00000, 0x0000000710c00000|  0%| F|  |TAMS 0x0000000710a00000, 0x0000000710a00000| Untracked 
| 116|0x0000000710c00000, 0x0000000710c00000, 0x0000000710e00000|  0%| F|  |TAMS 0x0000000710c00000, 0x0000000710c00000| Untracked 
| 117|0x0000000710e00000, 0x0000000710f96378, 0x0000000711000000| 79%| E|  |TAMS 0x0000000710e00000, 0x0000000710e00000| Complete 
| 118|0x0000000711000000, 0x0000000711200000, 0x0000000711200000|100%| E|CS|TAMS 0x0000000711000000, 0x0000000711000000| Complete 
| 119|0x0000000711200000, 0x0000000711400000, 0x0000000711400000|100%| E|CS|TAMS 0x0000000711200000, 0x0000000711200000| Complete 
| 120|0x0000000711400000, 0x0000000711600000, 0x0000000711600000|100%| E|CS|TAMS 0x0000000711400000, 0x0000000711400000| Complete 
| 121|0x0000000711600000, 0x0000000711800000, 0x0000000711800000|100%| E|CS|TAMS 0x0000000711600000, 0x0000000711600000| Complete 
| 122|0x0000000711800000, 0x0000000711a00000, 0x0000000711a00000|100%| E|CS|TAMS 0x0000000711800000, 0x0000000711800000| Complete 
| 123|0x0000000711a00000, 0x0000000711c00000, 0x0000000711c00000|100%| E|CS|TAMS 0x0000000711a00000, 0x0000000711a00000| Complete 
| 124|0x0000000711c00000, 0x0000000711e00000, 0x0000000711e00000|100%| E|CS|TAMS 0x0000000711c00000, 0x0000000711c00000| Complete 
| 125|0x0000000711e00000, 0x0000000712000000, 0x0000000712000000|100%| E|  |TAMS 0x0000000711e00000, 0x0000000711e00000| Complete 
| 126|0x0000000712000000, 0x0000000712200000, 0x0000000712200000|100%| E|CS|TAMS 0x0000000712000000, 0x0000000712000000| Complete 

Card table byte_map: [0x00000164b51f0000,0x00000164b59e0000] _byte_map_base: 0x00000164b19de000

Marking Bits (Prev, Next): (CMBitMap*) 0x000001649d96d7d0, (CMBitMap*) 0x000001649d96d810
 Prev Bits: [0x00000164b61d0000, 0x00000164ba140000)
 Next Bits: [0x00000164ba140000, 0x00000164be0b0000)

Polling page: 0x000001649b8d0000

Metaspace:

Usage:
  Non-class:     14.67 MB used.
      Class:      2.02 MB used.
       Both:     16.69 MB used.

Virtual space:
  Non-class space:       64.00 MB reserved,      14.81 MB ( 23%) committed,  1 nodes.
      Class space:        1.00 GB reserved,       2.19 MB ( <1%) committed,  1 nodes.
             Both:        1.06 GB reserved,      17.00 MB (  2%) committed. 

Chunk freelists:
   Non-Class:  1.06 MB
       Class:  13.84 MB
        Both:  14.91 MB

MaxMetaspaceSize: unlimited
CompressedClassSpaceSize: 1.00 GB
Initial GC threshold: 21.00 MB
Current GC threshold: 21.00 MB
CDS: on
MetaspaceReclaimPolicy: balanced
 - commit_granule_bytes: 65536.
 - commit_granule_words: 8192.
 - virtual_space_node_default_size: 8388608.
 - enlarge_chunks_in_place: 1.
 - new_chunks_are_fully_committed: 0.
 - uncommit_free_chunks: 1.
 - use_allocation_guard: 0.
 - handle_deallocations: 1.


Internal statistics:

num_allocs_failed_limit: 0.
num_arena_births: 302.
num_arena_deaths: 0.
num_vsnodes_births: 2.
num_vsnodes_deaths: 0.
num_space_committed: 272.
num_space_uncommitted: 0.
num_chunks_returned_to_freelist: 0.
num_chunks_taken_from_freelist: 768.
num_chunk_merges: 0.
num_chunk_splits: 506.
num_chunks_enlarged: 357.
num_inconsistent_stats: 0.

CodeHeap 'non-profiled nmethods': size=119168Kb used=729Kb max_used=729Kb free=118438Kb
 bounds [0x00000164acd20000, 0x00000164acf90000, 0x00000164b4180000]
CodeHeap 'profiled nmethods': size=119104Kb used=4621Kb max_used=4621Kb free=114482Kb
 bounds [0x00000164a5180000, 0x00000164a5610000, 0x00000164ac5d0000]
CodeHeap 'non-nmethods': size=7488Kb used=1216Kb max_used=1216Kb free=6271Kb
 bounds [0x00000164ac5d0000, 0x00000164ac840000, 0x00000164acd20000]
 total_blobs=2852 nmethods=2337 adapters=427
 compilation: enabled
              stopped_count=0, restarted_count=0
 full_count=0

Compilation events (20 events):
Event: 0.976 Thread 0x00000164c11e21c0 nmethod 2324 0x00000164a55f6b10 code [0x00000164a55f6e20, 0x00000164a55f7f48]
Event: 0.977 Thread 0x00000164c11e21c0 2325       3       org.springframework.util.ConcurrentReferenceHashMap$ReferenceManager::createReference (43 bytes)
Event: 0.978 Thread 0x00000164c11e21c0 nmethod 2325 0x00000164a55f8490 code [0x00000164a55f8680, 0x00000164a55f8c28]
Event: 0.978 Thread 0x00000164c11e21c0 2332       3       java.util.ArrayList::indexOfRange (71 bytes)
Event: 0.978 Thread 0x00000164c11e21c0 nmethod 2332 0x00000164a55f8e10 code [0x00000164a55f8fe0, 0x00000164a55f94a8]
Event: 0.978 Thread 0x00000164c11e21c0 2330       3       java.util.ArrayList::contains (14 bytes)
Event: 0.978 Thread 0x00000164c11e21c0 nmethod 2330 0x00000164a55f9690 code [0x00000164a55f9840, 0x00000164a55f9b48]
Event: 0.978 Thread 0x00000164c11e21c0 2331       3       java.util.ArrayList::indexOf (11 bytes)
Event: 0.978 Thread 0x00000164c11e21c0 nmethod 2331 0x00000164a55f9c10 code [0x00000164a55f9da0, 0x00000164a55f9f68]
Event: 0.978 Thread 0x00000164c11e21c0 2329       3       java.lang.reflect.Method::hashCode (19 bytes)
Event: 0.978 Thread 0x00000164c11e21c0 nmethod 2329 0x00000164a55fa010 code [0x00000164a55fa1e0, 0x00000164a55fa4a8]
Event: 0.979 Thread 0x00000164c11e21c0 2327       3       java.util.Collections$EmptyMap::values (4 bytes)
Event: 0.979 Thread 0x00000164c11e21c0 nmethod 2327 0x00000164a55fa610 code [0x00000164a55fa7a0, 0x00000164a55fa918]
Event: 0.979 Thread 0x00000164c11e21c0 2328       3       java.util.Collections$EmptySet::toArray (11 bytes)
Event: 0.979 Thread 0x00000164c11e21c0 nmethod 2328 0x00000164a55faa10 code [0x00000164a55fabc0, 0x00000164a55faed8]
Event: 0.979 Thread 0x00000164c11e21c0 2333       1       org.springframework.core.annotation.AnnotationTypeMapping::getAttributes (5 bytes)
Event: 0.979 Thread 0x00000164c11e21c0 nmethod 2333 0x00000164acdd5590 code [0x00000164acdd5720, 0x00000164acdd57f8]
Event: 0.979 Thread 0x00000164c11e21c0 2326       3       org.springframework.util.ConcurrentReferenceHashMap$SoftEntryReference::<init> (18 bytes)
Event: 0.979 Thread 0x00000164c11e21c0 nmethod 2326 0x00000164a55fb010 code [0x00000164a55fb1c0, 0x00000164a55fb578]
Event: 0.981 Thread 0x00000164c11e21c0 2334       1       org.springframework.core.annotation.AnnotationTypeMapping::getAnnotationType (5 bytes)

GC Heap History (4 events):
Event: 0.565 GC heap before
{Heap before GC invocations=0 (full 0):
 garbage-first heap   total 260096K, used 20480K [0x0000000702400000, 0x0000000800000000)
  region size 2048K, 11 young (22528K), 0 survivors (0K)
 Metaspace       used 7507K, committed 7680K, reserved 1114112K
  class space    used 854K, committed 960K, reserved 1048576K
}
Event: 0.569 GC heap after
{Heap after GC invocations=1 (full 0):
 garbage-first heap   total 260096K, used 8053K [0x0000000702400000, 0x0000000800000000)
  region size 2048K, 2 young (4096K), 2 survivors (4096K)
 Metaspace       used 7507K, committed 7680K, reserved 1114112K
  class space    used 854K, committed 960K, reserved 1048576K
}
Event: 0.853 GC heap before
{Heap before GC invocations=1 (full 0):
 garbage-first heap   total 260096K, used 30581K [0x0000000702400000, 0x0000000800000000)
  region size 2048K, 13 young (26624K), 2 survivors (4096K)
 Metaspace       used 11936K, committed 12224K, reserved 1114112K
  class space    used 1443K, committed 1600K, reserved 1048576K
}
Event: 0.856 GC heap after
{Heap after GC invocations=2 (full 0):
 garbage-first heap   total 260096K, used 9541K [0x0000000702400000, 0x0000000800000000)
  region size 2048K, 1 young (2048K), 1 survivors (2048K)
 Metaspace       used 11936K, committed 12224K, reserved 1114112K
  class space    used 1443K, committed 1600K, reserved 1048576K
}

Deoptimization events (20 events):
Event: 0.914 Thread 0x00000164c1db4470 Uncommon trap: trap_request=0xffffffde fr.pc=0x00000164acdcb340 relative=0x0000000000000480
Event: 0.914 Thread 0x00000164c1db4470 Uncommon trap: reason=class_check action=maybe_recompile pc=0x00000164acdcb340 method=java.util.AbstractCollection.toArray([Ljava/lang/Object;)[Ljava/lang/Object; @ 26 c2
Event: 0.914 Thread 0x00000164c1db4470 DEOPT PACKING pc=0x00000164acdcb340 sp=0x0000004977cfda90
Event: 0.914 Thread 0x00000164c1db4470 DEOPT UNPACKING pc=0x00000164ac6223a3 sp=0x0000004977cfda60 mode 2
Event: 0.956 Thread 0x000001650743f680 Uncommon trap: trap_request=0xffffff45 fr.pc=0x00000164acd3c4b4 relative=0x0000000000000414
Event: 0.956 Thread 0x000001650743f680 Uncommon trap: reason=unstable_if action=reinterpret pc=0x00000164acd3c4b4 method=java.lang.StringLatin1.canEncode(I)Z @ 4 c2
Event: 0.956 Thread 0x000001650743f680 DEOPT PACKING pc=0x00000164acd3c4b4 sp=0x00000049783fde60
Event: 0.956 Thread 0x000001650743f680 DEOPT UNPACKING pc=0x00000164ac6223a3 sp=0x00000049783fdd88 mode 2
Event: 0.956 Thread 0x000001650743f680 Uncommon trap: trap_request=0xffffff45 fr.pc=0x00000164acd3d314 relative=0x00000000000003f4
Event: 0.956 Thread 0x000001650743f680 Uncommon trap: reason=unstable_if action=reinterpret pc=0x00000164acd3d314 method=java.lang.AbstractStringBuilder.isLatin1()Z @ 10 c2
Event: 0.956 Thread 0x000001650743f680 DEOPT PACKING pc=0x00000164acd3d314 sp=0x00000049783fde80
Event: 0.956 Thread 0x000001650743f680 DEOPT UNPACKING pc=0x00000164ac6223a3 sp=0x00000049783fde00 mode 2
Event: 0.956 Thread 0x000001650743f680 Uncommon trap: trap_request=0xffffff45 fr.pc=0x00000164acd6c25c relative=0x000000000000005c
Event: 0.956 Thread 0x000001650743f680 Uncommon trap: reason=unstable_if action=reinterpret pc=0x00000164acd6c25c method=java.lang.AbstractStringBuilder.isLatin1()Z @ 10 c2
Event: 0.956 Thread 0x000001650743f680 DEOPT PACKING pc=0x00000164acd6c25c sp=0x00000049783fde60
Event: 0.956 Thread 0x000001650743f680 DEOPT UNPACKING pc=0x00000164ac6223a3 sp=0x00000049783fddf0 mode 2
Event: 0.965 Thread 0x00000164c1db4470 Uncommon trap: trap_request=0xffffff45 fr.pc=0x00000164acd8d17c relative=0x00000000000002dc
Event: 0.965 Thread 0x00000164c1db4470 Uncommon trap: reason=unstable_if action=reinterpret pc=0x00000164acd8d17c method=jdk.internal.org.objectweb.asm.SymbolTable.put(Ljdk/internal/org/objectweb/asm/SymbolTable$Entry;)Ljdk/internal/org/objectweb/asm/SymbolTable$Entry; @ 13 c2
Event: 0.965 Thread 0x00000164c1db4470 DEOPT PACKING pc=0x00000164acd8d17c sp=0x0000004977cfcd70
Event: 0.965 Thread 0x00000164c1db4470 DEOPT UNPACKING pc=0x00000164ac6223a3 sp=0x0000004977cfccf0 mode 2

Classes unloaded (0 events):
No events

Classes redefined (0 events):
No events

Internal exceptions (20 events):
Event: 0.787 Thread 0x0000016507440ac0 Exception <a 'java/lang/ClassNotFoundException'{0x0000000710e13440}: org/springframework/context/support/LiveBeansView> (0x0000000710e13440) 
thrown [s\open\src\hotspot\share\classfile\systemDictionary.cpp, line 256]
Event: 0.787 Thread 0x0000016507440ac0 Exception <a 'java/lang/ClassNotFoundException'{0x0000000710e137f0}: org/springframework/context/support/LiveBeansView> (0x0000000710e137f0) 
thrown [s\open\src\hotspot\share\classfile\systemDictionary.cpp, line 256]
Event: 0.792 Thread 0x0000016507440ac0 Exception <a 'java/lang/reflect/InvocationTargetException'{0x0000000710e596e0}> (0x0000000710e596e0) 
thrown [s\open\src\hotspot\share\runtime\reflection.cpp, line 1121]
Event: 0.795 Thread 0x0000016507440ac0 Exception <a 'java/lang/NoSuchMethodError'{0x0000000710ea4350}: static [Ljava/lang/StackTraceElement;.<clinit>()V> (0x0000000710ea4350) 
thrown [s\open\src\hotspot\share\prims\jni.cpp, line 1107]
Event: 0.799 Thread 0x00000164c1db4470 Exception <a 'java/lang/NoSuchMethodError'{0x0000000710efc900}: 'java.lang.Object java.lang.invoke.DirectMethodHandle$Holder.invokeSpecial(java.lang.Object, java.lang.Object, java.lang.Object, int, java.lang.Object)'> (0x0000000710efc900) 
thrown [s\open\src\hotspot\share\interpreter\linkResolver.cpp, line 759]
Event: 0.799 Thread 0x00000164c1db4470 Exception <a 'java/lang/NoSuchMethodError'{0x0000000710f04e68}: 'java.lang.Object java.lang.invoke.DirectMethodHandle$Holder.newInvokeSpecial(java.lang.Object, java.lang.Object, java.lang.Object, int, java.lang.Object)'> (0x0000000710f04e68) 
thrown [s\open\src\hotspot\share\interpreter\linkResolver.cpp, line 759]
Event: 0.800 Thread 0x00000164c1db4470 Exception <a 'java/lang/NoSuchMethodError'{0x0000000710f0ca98}: 'java.lang.Object java.lang.invoke.Invokers$Holder.linkToTargetMethod(java.lang.Object, java.lang.Object, int, java.lang.Object, java.lang.Object)'> (0x0000000710f0ca98) 
thrown [s\open\src\hotspot\share\interpreter\linkResolver.cpp, line 759]
Event: 0.801 Thread 0x00000164c1db4470 Exception <a 'java/lang/NoSuchMethodError'{0x0000000710f1be58}: 'java.lang.Object java.lang.invoke.DirectMethodHandle$Holder.newInvokeSpecial(java.lang.Object, int, java.lang.Object)'> (0x0000000710f1be58) 
thrown [s\open\src\hotspot\share\interpreter\linkResolver.cpp, line 759]
Event: 0.801 Thread 0x00000164c1db4470 Exception <a 'java/lang/NoSuchMethodError'{0x0000000710f1fe28}: 'int java.lang.invoke.DirectMethodHandle$Holder.invokeSpecialIFC(java.lang.Object, java.lang.Object, java.lang.Object, java.lang.Object)'> (0x0000000710f1fe28) 
thrown [s\open\src\hotspot\share\interpreter\linkResolver.cpp, line 759]
Event: 0.814 Thread 0x00000164c1db4470 Exception <a 'java/lang/NoSuchMethodError'{0x0000000710c13d80}: 'void java.lang.invoke.DirectMethodHandle$Holder.invokeInterface(java.lang.Object, java.lang.Object, java.lang.Object)'> (0x0000000710c13d80) 
thrown [s\open\src\hotspot\share\interpreter\linkResolver.cpp, line 759]
Event: 0.830 Thread 0x00000164c1db4470 Exception <a 'java/lang/NoSuchMethodError'{0x0000000710ccad78}: 'void java.lang.invoke.DirectMethodHandle$Holder.invokeStaticInit(java.lang.Object, java.lang.Object, java.lang.Object)'> (0x0000000710ccad78) 
thrown [s\open\src\hotspot\share\interpreter\linkResolver.cpp, line 759]
Event: 0.835 Thread 0x00000164c1db4470 Exception <a 'java/lang/NoSuchMethodError'{0x0000000710d159d8}: 'java.lang.Object java.lang.invoke.DirectMethodHandle$Holder.invokeVirtual(java.lang.Object, java.lang.Object, java.lang.Object)'> (0x0000000710d159d8) 
thrown [s\open\src\hotspot\share\interpreter\linkResolver.cpp, line 759]
Event: 0.838 Thread 0x00000164c1db4470 Exception <a 'java/lang/NoSuchMethodError'{0x0000000710d31630}: 'java.lang.Object java.lang.invoke.DirectMethodHandle$Holder.invokeStatic(java.lang.Object, java.lang.Object, long, java.lang.Object)'> (0x0000000710d31630) 
thrown [s\open\src\hotspot\share\interpreter\linkResolver.cpp, line 759]
Event: 0.839 Thread 0x00000164c1db4470 Exception <a 'java/lang/NoSuchMethodError'{0x0000000710d350c8}: 'java.lang.Object java.lang.invoke.DirectMethodHandle$Holder.invokeStaticInit(java.lang.Object, java.lang.Object, long, java.lang.Object)'> (0x0000000710d350c8) 
thrown [s\open\src\hotspot\share\interpreter\linkResolver.cpp, line 759]
Event: 0.839 Thread 0x00000164c1db4470 Exception <a 'java/lang/NoSuchMethodError'{0x0000000710d3b6d8}: 'java.lang.Object java.lang.invoke.DirectMethodHandle$Holder.newInvokeSpecial(java.lang.Object, java.lang.Object, long)'> (0x0000000710d3b6d8) 
thrown [s\open\src\hotspot\share\interpreter\linkResolver.cpp, line 759]
Event: 0.847 Thread 0x00000164c1db4470 Exception <a 'java/lang/NoSuchMethodError'{0x0000000710d9fc20}: 'void java.lang.invoke.DirectMethodHandle$Holder.invokeVirtual(java.lang.Object, java.lang.Object, java.lang.Object, java.lang.Object)'> (0x0000000710d9fc20) 
thrown [s\open\src\hotspot\share\interpreter\linkResolver.cpp, line 759]
Event: 0.875 Thread 0x00000164c1db4470 Exception <a 'java/lang/NoSuchMethodError'{0x000000071216ae40}: 'void java.lang.invoke.DirectMethodHandle$Holder.invokeSpecial(java.lang.Object, java.lang.Object, java.lang.Object)'> (0x000000071216ae40) 
thrown [s\open\src\hotspot\share\interpreter\linkResolver.cpp, line 759]
Event: 0.878 Thread 0x00000164c1db4470 Exception <a 'java/lang/IncompatibleClassChangeError'{0x000000071219f990}: Found class java.lang.Object, but interface was expected> (0x000000071219f990) 
thrown [s\open\src\hotspot\share\interpreter\linkResolver.cpp, line 826]
Event: 0.878 Thread 0x000001650743f680 Exception <a 'java/lang/NoClassDefFoundError'{0x0000000711e112a8}: jakarta/validation/Validation> (0x0000000711e112a8) 
thrown [s\open\src\hotspot\share\classfile\systemDictionary.cpp, line 245]
Event: 0.943 Thread 0x00000164c1db4470 Exception <a 'java/lang/NoSuchMethodError'{0x000000071171db30}: 'java.lang.Object java.lang.invoke.DirectMethodHandle$Holder.invokeStatic(java.lang.Object, int, java.lang.Object)'> (0x000000071171db30) 
thrown [s\open\src\hotspot\share\interpreter\linkResolver.cpp, line 759]

VM Operations (20 events):
Event: 0.481 Executing VM operation: HandshakeAllThreads
Event: 0.481 Executing VM operation: HandshakeAllThreads done
Event: 0.552 Executing VM operation: ICBufferFull
Event: 0.552 Executing VM operation: ICBufferFull done
Event: 0.565 Executing VM operation: G1CollectForAllocation
Event: 0.569 Executing VM operation: G1CollectForAllocation done
Event: 0.655 Executing VM operation: HandshakeAllThreads
Event: 0.655 Executing VM operation: HandshakeAllThreads done
Event: 0.764 Executing VM operation: HandshakeAllThreads
Event: 0.764 Executing VM operation: HandshakeAllThreads done
Event: 0.782 Executing VM operation: HandshakeAllThreads
Event: 0.782 Executing VM operation: HandshakeAllThreads done
Event: 0.791 Executing VM operation: ICBufferFull
Event: 0.792 Executing VM operation: ICBufferFull done
Event: 0.852 Executing VM operation: G1CollectForAllocation
Event: 0.856 Executing VM operation: G1CollectForAllocation done
Event: 0.873 Executing VM operation: HandshakeAllThreads
Event: 0.873 Executing VM operation: HandshakeAllThreads done
Event: 0.873 Executing VM operation: HandshakeAllThreads
Event: 0.873 Executing VM operation: HandshakeAllThreads done

Events (20 events):
Event: 0.942 loading class java/time/temporal/TemporalAdjusters
Event: 0.943 loading class java/time/temporal/TemporalAdjusters done
Event: 0.943 loading class java/time/zone/ZoneOffsetTransitionRule$1
Event: 0.943 loading class java/time/zone/ZoneOffsetTransitionRule$1 done
Event: 0.943 loading class java/time/ZonedDateTime$1
Event: 0.943 loading class java/time/ZonedDateTime$1 done
Event: 0.949 loading class org/xml/sax/ErrorHandler
Event: 0.949 loading class org/xml/sax/ErrorHandler done
Event: 0.949 loading class org/xml/sax/SAXParseException
Event: 0.949 loading class org/xml/sax/SAXParseException done
Event: 0.952 loading class java/io/CharConversionException
Event: 0.952 loading class java/io/CharConversionException done
Event: 0.955 loading class sun/text/resources/cldr/FormatData_en
Event: 0.955 loading class sun/text/resources/cldr/FormatData_en done
Event: 0.955 loading class sun/text/resources/cldr/FormatData_en_US
Event: 0.955 loading class sun/text/resources/cldr/FormatData_en_US done
Event: 0.962 loading class java/io/CharArrayReader
Event: 0.962 loading class java/io/CharArrayReader done
Event: 0.963 loading class java/lang/annotation/Repeatable
Event: 0.963 loading class java/lang/annotation/Repeatable done


Dynamic libraries:
0x00007ff6728e0000 - 0x00007ff6728f0000 	C:\Program Files\Java\jdk-17\bin\java.exe
0x00007ff850e50000 - 0x00007ff851067000 	C:\Windows\SYSTEM32\ntdll.dll
0x00007ff84fce0000 - 0x00007ff84fda4000 	C:\Windows\System32\KERNEL32.DLL
0x00007ff84e360000 - 0x00007ff84e719000 	C:\Windows\System32\KERNELBASE.dll
0x00007ff84e810000 - 0x00007ff84e921000 	C:\Windows\System32\ucrtbase.dll
0x00007ff843ac0000 - 0x00007ff843ad9000 	C:\Program Files\Java\jdk-17\bin\jli.dll
0x00007ff843aa0000 - 0x00007ff843abb000 	C:\Program Files\Java\jdk-17\bin\VCRUNTIME140.dll
0x00007ff84fea0000 - 0x00007ff84ff52000 	C:\Windows\System32\ADVAPI32.dll
0x00007ff850620000 - 0x00007ff8506c7000 	C:\Windows\System32\msvcrt.dll
0x00007ff84f0b0000 - 0x00007ff84f157000 	C:\Windows\System32\sechost.dll
0x00007ff84eb40000 - 0x00007ff84eb68000 	C:\Windows\System32\bcrypt.dll
0x00007ff84ff70000 - 0x00007ff850084000 	C:\Windows\System32\RPCRT4.dll
0x00007ff84f220000 - 0x00007ff84f3ce000 	C:\Windows\System32\USER32.dll
0x00007ff84eb10000 - 0x00007ff84eb36000 	C:\Windows\System32\win32u.dll
0x00007ff82e0d0000 - 0x00007ff82e362000 	C:\Windows\WinSxS\amd64_microsoft.windows.common-controls_6595b64144ccf1df_6.0.22621.4391_none_2715d37f73803e96\COMCTL32.dll
0x00007ff84eb70000 - 0x00007ff84eb99000 	C:\Windows\System32\GDI32.dll
0x00007ff84e9f0000 - 0x00007ff84eb0b000 	C:\Windows\System32\gdi32full.dll
0x00007ff84e150000 - 0x00007ff84e1ea000 	C:\Windows\System32\msvcp_win.dll
0x00007ff848f40000 - 0x00007ff848f4a000 	C:\Windows\SYSTEM32\VERSION.dll
0x00007ff8502c0000 - 0x00007ff8502f1000 	C:\Windows\System32\IMM32.DLL
0x00007ff84a2e0000 - 0x00007ff84a2ec000 	C:\Program Files\Java\jdk-17\bin\vcruntime140_1.dll
0x00007ff82ef10000 - 0x00007ff82ef9e000 	C:\Program Files\Java\jdk-17\bin\msvcp140.dll
0x00007fffeb8d0000 - 0x00007fffec4b1000 	C:\Program Files\Java\jdk-17\bin\server\jvm.dll
0x00007ff84ff60000 - 0x00007ff84ff68000 	C:\Windows\System32\PSAPI.DLL
0x00007ff848f70000 - 0x00007ff848fa4000 	C:\Windows\SYSTEM32\WINMM.dll
0x00007ff8490a0000 - 0x00007ff8490a9000 	C:\Windows\SYSTEM32\WSOCK32.dll
0x00007ff84f030000 - 0x00007ff84f0a1000 	C:\Windows\System32\WS2_32.dll
0x00007ff84d1a0000 - 0x00007ff84d1b8000 	C:\Windows\SYSTEM32\kernel.appcore.dll
0x00007ff848180000 - 0x00007ff84818a000 	C:\Program Files\Java\jdk-17\bin\jimage.dll
0x00007ff845940000 - 0x00007ff845b72000 	C:\Windows\SYSTEM32\DBGHELP.DLL
0x00007ff84eba0000 - 0x00007ff84ef2f000 	C:\Windows\System32\combase.dll
0x00007ff8501e0000 - 0x00007ff8502b7000 	C:\Windows\System32\OLEAUT32.dll
0x00007ff845870000 - 0x00007ff8458a2000 	C:\Windows\SYSTEM32\dbgcore.DLL
0x00007ff84e720000 - 0x00007ff84e79b000 	C:\Windows\System32\bcryptPrimitives.dll
0x00007ff843970000 - 0x00007ff843995000 	C:\Program Files\Java\jdk-17\bin\java.dll
0x00007ff827d90000 - 0x00007ff827e67000 	C:\Program Files\Java\jdk-17\bin\jsvml.dll
0x00007ff84f450000 - 0x00007ff84fcc6000 	C:\Windows\System32\SHELL32.dll
0x00007ff84c040000 - 0x00007ff84c943000 	C:\Windows\SYSTEM32\windows.storage.dll
0x00007ff84bf00000 - 0x00007ff84c03f000 	C:\Windows\SYSTEM32\wintypes.dll
0x00007ff850d10000 - 0x00007ff850e09000 	C:\Windows\System32\SHCORE.dll
0x00007ff84fdb0000 - 0x00007ff84fe0e000 	C:\Windows\System32\shlwapi.dll
0x00007ff84e080000 - 0x00007ff84e0ab000 	C:\Windows\SYSTEM32\profapi.dll
0x00007ff843930000 - 0x00007ff843949000 	C:\Program Files\Java\jdk-17\bin\net.dll
0x00007ff848b30000 - 0x00007ff848c66000 	C:\Windows\SYSTEM32\WINHTTP.dll
0x00007ff84d6b0000 - 0x00007ff84d719000 	C:\Windows\system32\mswsock.dll
0x00007ff843910000 - 0x00007ff843926000 	C:\Program Files\Java\jdk-17\bin\nio.dll
0x00007ff843850000 - 0x00007ff843868000 	C:\Program Files\Java\jdk-17\bin\zip.dll
0x00007ff8465d0000 - 0x00007ff8465da000 	C:\Program Files\Java\jdk-17\bin\management.dll
0x00007ff846040000 - 0x00007ff84604b000 	C:\Program Files\Java\jdk-17\bin\management_ext.dll
0x00007ff844cf0000 - 0x00007ff844d07000 	C:\Windows\system32\napinsp.dll
0x00007ff844cd0000 - 0x00007ff844ceb000 	C:\Windows\system32\pnrpnsp.dll
0x00007ff84cca0000 - 0x00007ff84cda2000 	C:\Windows\SYSTEM32\DNSAPI.dll
0x00007ff84cc30000 - 0x00007ff84cc5d000 	C:\Windows\SYSTEM32\IPHLPAPI.DLL
0x00007ff8506d0000 - 0x00007ff8506d9000 	C:\Windows\System32\NSI.dll
0x00007ff844cb0000 - 0x00007ff844cc1000 	C:\Windows\System32\winrnr.dll
0x00007ff848250000 - 0x00007ff848265000 	C:\Windows\system32\wshbth.dll
0x00007ff800ce0000 - 0x00007ff800d07000 	C:\Windows\system32\nlansp_c.dll
0x00007ff849460000 - 0x00007ff84946a000 	C:\Windows\System32\rasadhlp.dll
0x00007ff846800000 - 0x00007ff846883000 	C:\Windows\System32\fwpuclnt.dll
0x00007ff84da00000 - 0x00007ff84da1b000 	C:\Windows\SYSTEM32\CRYPTSP.dll
0x00007ff84d1c0000 - 0x00007ff84d1f5000 	C:\Windows\system32\rsaenh.dll
0x00007ff84d750000 - 0x00007ff84d778000 	C:\Windows\SYSTEM32\USERENV.dll
0x00007ff84d9e0000 - 0x00007ff84d9ec000 	C:\Windows\SYSTEM32\CRYPTBASE.dll
0x00007ff849630000 - 0x00007ff849649000 	C:\Windows\SYSTEM32\dhcpcsvc6.DLL
0x00007ff848f50000 - 0x00007ff848f6f000 	C:\Windows\SYSTEM32\dhcpcsvc.DLL

dbghelp: loaded successfully - version: 4.0.5 - missing functions: none
symbol engine: initialized successfully - sym options: 0x614 - pdb path: .;C:\Program Files\Java\jdk-17\bin;C:\Windows\SYSTEM32;C:\Windows\WinSxS\amd64_microsoft.windows.common-controls_6595b64144ccf1df_6.0.22621.4391_none_2715d37f73803e96;C:\Program Files\Java\jdk-17\bin\server

VM Arguments:
jvm_args: -Dcom.sun.management.jmxremote -Dcom.sun.management.jmxremote.port=54395 -Dcom.sun.management.jmxremote.authenticate=false -Dcom.sun.management.jmxremote.ssl=false -Dspring.jmx.enabled=true -Djava.rmi.server.hostname=localhost -Dspring.application.admin.enabled=true -Dspring.boot.project.name=inmojaen -XX:+ShowCodeDetailsInExceptionMessages -Dmanagement.endpoints.jmx.exposure.include=* 
java_command: com.iesvdc.project.inmojaen.InmojaenApplication
java_class_path (initial): C:\Users\leope\Desktop\Proyectos\inmojaen\inmojaen\target\classes;C:\Users\leope\.m2\repository\org\springframework\boot\spring-boot-starter-actuator\3.3.3\spring-boot-starter-actuator-3.3.3.jar;C:\Users\leope\.m2\repository\org\springframework\boot\spring-boot-starter\3.3.3\spring-boot-starter-3.3.3.jar;C:\Users\leope\.m2\repository\org\springframework\boot\spring-boot-starter-logging\3.3.3\spring-boot-starter-logging-3.3.3.jar;C:\Users\leope\.m2\repository\ch\qos\logback\logback-classic\1.5.7\logback-classic-1.5.7.jar;C:\Users\leope\.m2\repository\ch\qos\logback\logback-core\1.5.7\logback-core-1.5.7.jar;C:\Users\leope\.m2\repository\org\apache\logging\log4j\log4j-to-slf4j\2.23.1\log4j-to-slf4j-2.23.1.jar;C:\Users\leope\.m2\repository\org\apache\logging\log4j\log4j-api\2.23.1\log4j-api-2.23.1.jar;C:\Users\leope\.m2\repository\org\slf4j\jul-to-slf4j\2.0.16\jul-to-slf4j-2.0.16.jar;C:\Users\leope\.m2\repository\jakarta\annotation\jakarta.annotation-api\2.1.1\jakarta.annotation-api-2.1.1.jar;C:\Users\leope\.m2\repository\org\yaml\snakeyaml\2.2\snakeyaml-2.2.jar;C:\Users\leope\.m2\repository\org\springframework\boot\spring-boot-actuator-autoconfigure\3.3.3\spring-boot-actuator-autoconfigure-3.3.3.jar;C:\Users\leope\.m2\repository\org\springframework\boot\spring-boot-actuator\3.3.3\spring-boot-actuator-3.3.3.jar;C:\Users\leope\.m2\repository\com\fasterxml\jackson\core\jackson-databind\2.17.2\jackson-databind-2.17.2.jar;C:\Users\leope\.m2\repository\com\fasterxml\jackson\core\jackson-annotations\2.17.2\jackson-annotations-2.17.2.jar;C:\Users\leope\.m2\repository\com\fasterxml\jackson\core\jackson-core\2.17.2\jackson-core-2.17.2.jar;C:\Users\leope\.m2\repository\com\fasterxml\jackson\datatype\jackson-datatype-jsr310\2.17.2\jackson-datatype-jsr310-2.17.2.jar;C:\Users\leope\.m2\repository\io\micrometer\micrometer-observation\1.13.3\micrometer-observation-1.13.3.jar;C:\Users\leope\.m2\repository\io\micrometer\micrometer-commons\1.13.3\micrometer-c
Launcher Type: SUN_STANDARD

[Global flags]
     intx CICompilerCount                          = 12                                        {product} {ergonomic}
     uint ConcGCThreads                            = 3                                         {product} {ergonomic}
     uint G1ConcRefinementThreads                  = 13                                        {product} {ergonomic}
   size_t G1HeapRegionSize                         = 2097152                                   {product} {ergonomic}
    uintx GCDrainStackTargetSize                   = 64                                        {product} {ergonomic}
   size_t InitialHeapSize                          = 266338304                                 {product} {ergonomic}
     bool ManagementServer                         = true                                      {product} {command line}
   size_t MarkStackSize                            = 4194304                                   {product} {ergonomic}
   size_t MaxHeapSize                              = 4257218560                                {product} {ergonomic}
   size_t MaxNewSize                               = 2554331136                                {product} {ergonomic}
   size_t MinHeapDeltaBytes                        = 2097152                                   {product} {ergonomic}
   size_t MinHeapSize                              = 8388608                                   {product} {ergonomic}
    uintx NonNMethodCodeHeapSize                   = 7602480                                {pd product} {ergonomic}
    uintx NonProfiledCodeHeapSize                  = 122027880                              {pd product} {ergonomic}
    uintx ProfiledCodeHeapSize                     = 122027880                              {pd product} {ergonomic}
    uintx ReservedCodeCacheSize                    = 251658240                              {pd product} {ergonomic}
     bool SegmentedCodeCache                       = true                                      {product} {ergonomic}
     bool ShowCodeDetailsInExceptionMessages       = true                                   {manageable} {command line}
   size_t SoftMaxHeapSize                          = 4257218560                             {manageable} {ergonomic}
     bool UseCompressedClassPointers               = true                           {product lp64_product} {ergonomic}
     bool UseCompressedOops                        = true                           {product lp64_product} {ergonomic}
     bool UseG1GC                                  = true                                      {product} {ergonomic}
     bool UseLargePagesIndividualAllocation        = false                                  {pd product} {ergonomic}

Logging:
Log output configuration:
 #0: stdout all=warning uptime,level,tags
 #1: stderr all=off uptime,level,tags

Environment Variables:
JAVA_HOME=C:\Program Files\Java\jdk-17
PATH=C:\Program Files\Common Files\Oracle\Java\javapath;C:\Python311\Scripts\;C:\Python311\;C:\Windows\system32;C:\Windows;C:\Windows\System32\Wbem;C:\Windows\System32\WindowsPowerShell\v1.0\;C:\Windows\System32\OpenSSH\;C:\Program Files\NVIDIA Corporation\NVIDIA NvDLISR;C:\Program Files\Docker\Docker\resources\bin;C:\ProgramData\chocolatey\bin;C:\Program Files\Java\jdk-17\bin;C:\Users\leope\AppData\Roaming\nvm;C:\Program Files\nodejs;C:\Program Files\PuTTY\;C:\Program Files\Git\cmd;C:\ProgramData\ComposerSetup\bin;C:\Program Files\nodejs\;C:\Users\leope\scoop\shims;C:\Users\leope\AppData\Local\Microsoft\WindowsApps;C:\Users\leope\AppData\Local\Programs\Microsoft VS Code\bin;C:\Users\leope\AppData\Roaming\nvm;C:\Program Files\nodejs;C:\Dev\flutter\bin;C:\xampp\php;C:\Users\leope\AppData\Roaming\Composer\vendor\bin;C:\Users\leope\AppData\Roaming\npm
USERNAME=leope
LANG=es_ES.UTF-8
OS=Windows_NT
PROCESSOR_IDENTIFIER=AMD64 Family 25 Model 80 Stepping 0, AuthenticAMD



---------------  S Y S T E M  ---------------

OS:
 Windows 11 , 64 bit Build 22621 (10.0.22621.4391)
OS uptime: 19 days 13:13 hours
Hyper-V role detected

CPU: total 16 (initial active 16) (16 cores per cpu, 2 threads per core) family 25 model 80 stepping 0 microcode 0x0, cx8, cmov, fxsr, ht, mmx, 3dnowpref, sse, sse2, sse3, ssse3, sse4a, sse4.1, sse4.2, popcnt, lzcnt, tsc, tscinvbit, avx, avx2, aes, erms, clmul, bmi1, bmi2, adx, sha, fma, vzeroupper, clflush, clflushopt, hv

Memory: 4k page, system-wide physical 16236M (105M free)
TotalPageFile size 65388M (AvailPageFile size 2M)
current process WorkingSet (physical memory assigned to process): 115M, peak: 115M
current process commit charge ("private bytes"): 392M, peak: 392M

vm_info: Java HotSpot(TM) 64-Bit Server VM (17.0.9+11-LTS-201) for windows-amd64 JRE (17.0.9+11-LTS-201), built on Oct 10 2023 23:16:06 by "mach5one" with MS VC++ 17.1 (VS2022)

END.
