#
# There is insufficient memory for the Java Runtime Environment to continue.
# Native memory allocation (malloc) failed to allocate 794176 bytes for Chunk::new
# Possible reasons:
#   The system is out of physical RAM or swap space
#   The process is running with CompressedOops enabled, and the Java Heap may be blocking the growth of the native heap
# Possible solutions:
#   Reduce memory load on the system
#   Increase physical memory or swap space
#   Check if swap backing store is full
#   Decrease Java heap size (-Xmx/-Xms)
#   Decrease number of Java threads
#   Decrease Java thread stack sizes (-Xss)
#   Set larger code cache with -XX:ReservedCodeCacheSize=
#   JVM is running with Zero Based Compressed Oops mode in which the Java heap is
#     placed in the first 32GB address space. The Java Heap base address is the
#     maximum limit for the native heap growth. Please use -XX:HeapBaseMinAddress
#     to set the Java Heap base and to place the Java Heap above 32GB virtual address.
# This output file may be truncated or incomplete.
#
#  Out of Memory Error (arena.cpp:189), pid=114892, tid=106800
#
# JRE version: Java(TM) SE Runtime Environment (17.0.9+11) (build 17.0.9+11-LTS-201)
# Java VM: Java HotSpot(TM) 64-Bit Server VM (17.0.9+11-LTS-201, mixed mode, sharing, tiered, compressed oops, compressed class ptrs, g1 gc, windows-amd64)
# No core dump will be written. Minidumps are not enabled by default on client versions of Windows
#

---------------  S U M M A R Y ------------

Command Line: -Dcom.sun.management.jmxremote -Dcom.sun.management.jmxremote.port=54395 -Dcom.sun.management.jmxremote.authenticate=false -Dcom.sun.management.jmxremote.ssl=false -Dspring.jmx.enabled=true -Djava.rmi.server.hostname=localhost -Dspring.application.admin.enabled=true -Dspring.boot.project.name=inmojaen -XX:+ShowCodeDetailsInExceptionMessages -Dmanagement.endpoints.jmx.exposure.include=* com.iesvdc.project.inmojaen.InmojaenApplication

Host: AMD Ryzen 7 5800H with Radeon Graphics         , 16 cores, 15G,  Windows 11 , 64 bit Build 22621 (10.0.22621.4391)
Time: Thu Dec  5 00:22:06 2024 Hora estándar romance elapsed time: 1.424688 seconds (0d 0h 0m 1s)

---------------  T H R E A D  ---------------

Current thread (0x000002184500da10):  JavaThread "C2 CompilerThread0" daemon [_thread_in_native, id=106800, stack(0x000000a853000000,0x000000a853100000)]


Current CompileTask:
C2:   1424 2303       4       jdk.internal.org.objectweb.asm.Frame::execute (2305 bytes)

Stack: [0x000000a853000000,0x000000a853100000]
Native frames: (J=compiled Java code, j=interpreted, Vv=VM code, C=native code)
V  [jvm.dll+0x678a4a]
V  [jvm.dll+0x7d9cfd]
V  [jvm.dll+0x7db60e]
V  [jvm.dll+0x7dbc73]
V  [jvm.dll+0x245e1f]
V  [jvm.dll+0xaaafb]
V  [jvm.dll+0xab09c]
V  [jvm.dll+0x2ab7ef]
V  [jvm.dll+0x5812e5]
V  [jvm.dll+0x220c52]
V  [jvm.dll+0x219c3f]
V  [jvm.dll+0x217459]
V  [jvm.dll+0x1a3bc0]
V  [jvm.dll+0x2272de]
V  [jvm.dll+0x22548b]
V  [jvm.dll+0x78f58c]
V  [jvm.dll+0x78998a]
V  [jvm.dll+0x677875]
C  [ucrtbase.dll+0x29333]
C  [KERNEL32.DLL+0x1259d]
C  [ntdll.dll+0x5af38]


---------------  P R O C E S S  ---------------

Threads class SMR info:
_java_thread_list=0x00000218470b91b0, length=27, elements={
0x000002185c5178b0, 0x000002187f961ce0, 0x000002187f964b70, 0x0000021845008500,
0x00000218450090d0, 0x000002184500baa0, 0x000002184500c460, 0x000002184500da10,
0x000002184501c900, 0x000002184501f220, 0x0000021845116cd0, 0x000002184511e440,
0x000002184511ee20, 0x000002184514fbb0, 0x00000218451b9230, 0x0000021845795410,
0x00000218457e4a80, 0x0000021845762050, 0x0000021845b58f00, 0x0000021846141c30,
0x0000021846776240, 0x0000021846792270, 0x0000021846790410, 0x0000021846792c90,
0x0000021846790920, 0x0000021846793bc0, 0x000002184616a570
}

Java Threads: ( => current thread )
  0x000002185c5178b0 JavaThread "main" [_thread_blocked, id=22312, stack(0x000000a852300000,0x000000a852400000)]
  0x000002187f961ce0 JavaThread "Reference Handler" daemon [_thread_blocked, id=33380, stack(0x000000a852a00000,0x000000a852b00000)]
  0x000002187f964b70 JavaThread "Finalizer" daemon [_thread_blocked, id=19740, stack(0x000000a852b00000,0x000000a852c00000)]
  0x0000021845008500 JavaThread "Signal Dispatcher" daemon [_thread_blocked, id=21732, stack(0x000000a852c00000,0x000000a852d00000)]
  0x00000218450090d0 JavaThread "Attach Listener" daemon [_thread_blocked, id=111448, stack(0x000000a852d00000,0x000000a852e00000)]
  0x000002184500baa0 JavaThread "Service Thread" daemon [_thread_blocked, id=114672, stack(0x000000a852e00000,0x000000a852f00000)]
  0x000002184500c460 JavaThread "Monitor Deflation Thread" daemon [_thread_blocked, id=107260, stack(0x000000a852f00000,0x000000a853000000)]
=>0x000002184500da10 JavaThread "C2 CompilerThread0" daemon [_thread_in_native, id=106800, stack(0x000000a853000000,0x000000a853100000)]
  0x000002184501c900 JavaThread "C1 CompilerThread0" daemon [_thread_blocked, id=112324, stack(0x000000a853100000,0x000000a853200000)]
  0x000002184501f220 JavaThread "Sweeper thread" daemon [_thread_blocked, id=105952, stack(0x000000a853200000,0x000000a853300000)]
  0x0000021845116cd0 JavaThread "Common-Cleaner" daemon [_thread_blocked, id=100256, stack(0x000000a853300000,0x000000a853400000)]
  0x000002184511e440 JavaThread "C1 CompilerThread1" daemon [_thread_in_native, id=116604, stack(0x000000a853400000,0x000000a853500000)]
  0x000002184511ee20 JavaThread "C1 CompilerThread2" daemon [_thread_in_vm, id=112992, stack(0x000000a853500000,0x000000a853600000)]
  0x000002184514fbb0 JavaThread "C2 CompilerThread1" daemon [_thread_blocked, id=34680, stack(0x000000a853600000,0x000000a853700000)]
  0x00000218451b9230 JavaThread "Notification Thread" daemon [_thread_blocked, id=12608, stack(0x000000a853700000,0x000000a853800000)]
  0x0000021845795410 JavaThread "RMI TCP Accept-0" daemon [_thread_in_native, id=103784, stack(0x000000a853800000,0x000000a853900000)]
  0x00000218457e4a80 JavaThread "RMI TCP Accept-54395" daemon [_thread_in_native, id=116576, stack(0x000000a853900000,0x000000a853a00000)]
  0x0000021845762050 JavaThread "RMI TCP Accept-0" daemon [_thread_in_native, id=113940, stack(0x000000a853a00000,0x000000a853b00000)]
  0x0000021845b58f00 JavaThread "C2 CompilerThread2" daemon [_thread_in_native, id=115144, stack(0x000000a853c00000,0x000000a853d00000)]
  0x0000021846141c30 JavaThread "Thread-0" [_thread_blocked, id=113264, stack(0x000000a854400000,0x000000a854500000)]
  0x0000021846776240 JavaThread "restartedMain" [_thread_in_vm, id=114060, stack(0x000000a854500000,0x000000a854600000)]
  0x0000021846792270 JavaThread "RMI TCP Connection(1)-127.0.0.1" daemon [_thread_in_native, id=114864, stack(0x000000a854600000,0x000000a854700000)]
  0x0000021846790410 JavaThread "RMI Scheduler(0)" daemon [_thread_blocked, id=111848, stack(0x000000a854700000,0x000000a854800000)]
  0x0000021846792c90 JavaThread "RMI TCP Connection(2)-127.0.0.1" daemon [_thread_in_native, id=82212, stack(0x000000a854800000,0x000000a854900000)]
  0x0000021846790920 JavaThread "JMX server connection timeout 33" daemon [_thread_blocked, id=115776, stack(0x000000a854900000,0x000000a854a00000)]
  0x0000021846793bc0 JavaThread "background-preinit" [_thread_in_vm, id=111012, stack(0x000000a854c00000,0x000000a854d00000)]
  0x000002184616a570 JavaThread "C1 CompilerThread3" daemon [_thread_in_native, id=21552, stack(0x000000a854d00000,0x000000a854e00000)]

Other Threads:
  0x000002187f9590b0 VMThread "VM Thread" [stack: 0x000000a852900000,0x000000a852a00000] [id=114476]
  0x000002185c5b3590 WatcherThread [stack: 0x000000a853b00000,0x000000a853c00000] [id=98376]
  0x000002185c58dfa0 GCTaskThread "GC Thread#0" [stack: 0x000000a852400000,0x000000a852500000] [id=28180]
  0x00000218461914f0 GCTaskThread "GC Thread#1" [stack: 0x000000a853d00000,0x000000a853e00000] [id=115856]
  0x0000021845f704a0 GCTaskThread "GC Thread#2" [stack: 0x000000a853e00000,0x000000a853f00000] [id=112764]
  0x000002184615c0e0 GCTaskThread "GC Thread#3" [stack: 0x000000a853f00000,0x000000a854000000] [id=112436]
  0x0000021846693130 GCTaskThread "GC Thread#4" [stack: 0x000000a854000000,0x000000a854100000] [id=111880]
  0x00000218466933f0 GCTaskThread "GC Thread#5" [stack: 0x000000a854100000,0x000000a854200000] [id=116116]
  0x00000218466feab0 GCTaskThread "GC Thread#6" [stack: 0x000000a854200000,0x000000a854300000] [id=29960]
  0x00000218467dd910 GCTaskThread "GC Thread#7" [stack: 0x000000a854300000,0x000000a854400000] [id=112628]
  0x0000021846786e80 GCTaskThread "GC Thread#8" [stack: 0x000000a854a00000,0x000000a854b00000] [id=113328]
  0x0000021846798bf0 GCTaskThread "GC Thread#9" [stack: 0x000000a854b00000,0x000000a854c00000] [id=114124]
  0x000002185c59ecb0 ConcurrentGCThread "G1 Main Marker" [stack: 0x000000a852500000,0x000000a852600000] [id=115300]
  0x000002185c59f6c0 ConcurrentGCThread "G1 Conc#0" [stack: 0x000000a852600000,0x000000a852700000] [id=115972]
  0x000002187f8131b0 ConcurrentGCThread "G1 Refine#0" [stack: 0x000000a852700000,0x000000a852800000] [id=110000]
  0x000002187f814e00 ConcurrentGCThread "G1 Service" [stack: 0x000000a852800000,0x000000a852900000] [id=110824]

Threads with active compile tasks:
C2 CompilerThread0     1443 2303       4       jdk.internal.org.objectweb.asm.Frame::execute (2305 bytes)
C1 CompilerThread0     1443 2406   !   3       jdk.internal.misc.ScopedMemoryAccess::getShortUnaligned (22 bytes)
C1 CompilerThread1     1443 2405       3       java.nio.HeapByteBuffer::getShort (29 bytes)
C1 CompilerThread2     1443 2410       3       jdk.internal.misc.Unsafe::convEndian (16 bytes)
C2 CompilerThread2     1444 2315   !   4       java.net.URL::<init> (543 bytes)
C1 CompilerThread3     1444 2409       3       jdk.internal.misc.Unsafe::getShortUnaligned (33 bytes)

VM state: not at safepoint (normal execution)

VM Mutex/Monitor currently owned by a thread: None

Heap address: 0x0000000702400000, size: 4060 MB, Compressed Oops mode: Zero based, Oop shift amount: 3

CDS archive(s) mapped at: [0x0000021800000000-0x0000021800bd0000-0x0000021800bd0000), size 12386304, SharedBaseAddress: 0x0000021800000000, ArchiveRelocationMode: 1.
Compressed class space mapped at: 0x0000021801000000-0x0000021841000000, reserved size: 1073741824
Narrow klass base: 0x0000021800000000, Narrow klass shift: 0, Narrow klass range: 0x100000000

GC Precious Log:
 CPUs: 16 total, 16 available
 Memory: 16236M
 Large Page Support: Disabled
 NUMA Support: Disabled
 Compressed Oops: Enabled (Zero based)
 Heap Region Size: 2M
 Heap Min Capacity: 8M
 Heap Initial Capacity: 254M
 Heap Max Capacity: 4060M
 Pre-touch: Disabled
 Parallel Workers: 13
 Concurrent Workers: 3
 Concurrent Refinement Workers: 13
 Periodic GC: Disabled

Heap:
 garbage-first heap   total 260096K, used 25529K [0x0000000702400000, 0x0000000800000000)
  region size 2048K, 11 young (22528K), 1 survivors (2048K)
 Metaspace       used 15814K, committed 16128K, reserved 1114112K
  class space    used 1885K, committed 2048K, reserved 1048576K

Heap Regions: E=young(eden), S=young(survivor), O=old, HS=humongous(starts), HC=humongous(continues), CS=collection set, F=free, OA=open archive, CA=closed archive, TAMS=top-at-mark-start (previous, next)
|   0|0x0000000702400000, 0x0000000702600000, 0x0000000702600000|100%| O|  |TAMS 0x0000000702400000, 0x0000000702400000| Untracked 
|   1|0x0000000702600000, 0x0000000702800000, 0x0000000702800000|100%| O|  |TAMS 0x0000000702600000, 0x0000000702600000| Untracked 
|   2|0x0000000702800000, 0x0000000702a00000, 0x0000000702a00000|100%| O|  |TAMS 0x0000000702800000, 0x0000000702800000| Untracked 
|   3|0x0000000702a00000, 0x0000000702b80400, 0x0000000702c00000| 75%| O|  |TAMS 0x0000000702a00000, 0x0000000702a00000| Untracked 
|   4|0x0000000702c00000, 0x0000000702c00000, 0x0000000702e00000|  0%| F|  |TAMS 0x0000000702c00000, 0x0000000702c00000| Untracked 
|   5|0x0000000702e00000, 0x0000000702e00000, 0x0000000703000000|  0%| F|  |TAMS 0x0000000702e00000, 0x0000000702e00000| Untracked 
|   6|0x0000000703000000, 0x0000000703000000, 0x0000000703200000|  0%| F|  |TAMS 0x0000000703000000, 0x0000000703000000| Untracked 
|   7|0x0000000703200000, 0x0000000703200000, 0x0000000703400000|  0%| F|  |TAMS 0x0000000703200000, 0x0000000703200000| Untracked 
|   8|0x0000000703400000, 0x0000000703400000, 0x0000000703600000|  0%| F|  |TAMS 0x0000000703400000, 0x0000000703400000| Untracked 
|   9|0x0000000703600000, 0x0000000703600000, 0x0000000703800000|  0%| F|  |TAMS 0x0000000703600000, 0x0000000703600000| Untracked 
|  10|0x0000000703800000, 0x0000000703800000, 0x0000000703a00000|  0%| F|  |TAMS 0x0000000703800000, 0x0000000703800000| Untracked 
|  11|0x0000000703a00000, 0x0000000703a00000, 0x0000000703c00000|  0%| F|  |TAMS 0x0000000703a00000, 0x0000000703a00000| Untracked 
|  12|0x0000000703c00000, 0x0000000703c00000, 0x0000000703e00000|  0%| F|  |TAMS 0x0000000703c00000, 0x0000000703c00000| Untracked 
|  13|0x0000000703e00000, 0x0000000703e00000, 0x0000000704000000|  0%| F|  |TAMS 0x0000000703e00000, 0x0000000703e00000| Untracked 
|  14|0x0000000704000000, 0x0000000704000000, 0x0000000704200000|  0%| F|  |TAMS 0x0000000704000000, 0x0000000704000000| Untracked 
|  15|0x0000000704200000, 0x0000000704200000, 0x0000000704400000|  0%| F|  |TAMS 0x0000000704200000, 0x0000000704200000| Untracked 
|  16|0x0000000704400000, 0x0000000704400000, 0x0000000704600000|  0%| F|  |TAMS 0x0000000704400000, 0x0000000704400000| Untracked 
|  17|0x0000000704600000, 0x0000000704600000, 0x0000000704800000|  0%| F|  |TAMS 0x0000000704600000, 0x0000000704600000| Untracked 
|  18|0x0000000704800000, 0x0000000704800000, 0x0000000704a00000|  0%| F|  |TAMS 0x0000000704800000, 0x0000000704800000| Untracked 
|  19|0x0000000704a00000, 0x0000000704a00000, 0x0000000704c00000|  0%| F|  |TAMS 0x0000000704a00000, 0x0000000704a00000| Untracked 
|  20|0x0000000704c00000, 0x0000000704c00000, 0x0000000704e00000|  0%| F|  |TAMS 0x0000000704c00000, 0x0000000704c00000| Untracked 
|  21|0x0000000704e00000, 0x0000000704e00000, 0x0000000705000000|  0%| F|  |TAMS 0x0000000704e00000, 0x0000000704e00000| Untracked 
|  22|0x0000000705000000, 0x0000000705000000, 0x0000000705200000|  0%| F|  |TAMS 0x0000000705000000, 0x0000000705000000| Untracked 
|  23|0x0000000705200000, 0x0000000705200000, 0x0000000705400000|  0%| F|  |TAMS 0x0000000705200000, 0x0000000705200000| Untracked 
|  24|0x0000000705400000, 0x0000000705400000, 0x0000000705600000|  0%| F|  |TAMS 0x0000000705400000, 0x0000000705400000| Untracked 
|  25|0x0000000705600000, 0x0000000705600000, 0x0000000705800000|  0%| F|  |TAMS 0x0000000705600000, 0x0000000705600000| Untracked 
|  26|0x0000000705800000, 0x0000000705800000, 0x0000000705a00000|  0%| F|  |TAMS 0x0000000705800000, 0x0000000705800000| Untracked 
|  27|0x0000000705a00000, 0x0000000705a00000, 0x0000000705c00000|  0%| F|  |TAMS 0x0000000705a00000, 0x0000000705a00000| Untracked 
|  28|0x0000000705c00000, 0x0000000705c00000, 0x0000000705e00000|  0%| F|  |TAMS 0x0000000705c00000, 0x0000000705c00000| Untracked 
|  29|0x0000000705e00000, 0x0000000705e00000, 0x0000000706000000|  0%| F|  |TAMS 0x0000000705e00000, 0x0000000705e00000| Untracked 
|  30|0x0000000706000000, 0x0000000706000000, 0x0000000706200000|  0%| F|  |TAMS 0x0000000706000000, 0x0000000706000000| Untracked 
|  31|0x0000000706200000, 0x0000000706200000, 0x0000000706400000|  0%| F|  |TAMS 0x0000000706200000, 0x0000000706200000| Untracked 
|  32|0x0000000706400000, 0x0000000706400000, 0x0000000706600000|  0%| F|  |TAMS 0x0000000706400000, 0x0000000706400000| Untracked 
|  33|0x0000000706600000, 0x0000000706600000, 0x0000000706800000|  0%| F|  |TAMS 0x0000000706600000, 0x0000000706600000| Untracked 
|  34|0x0000000706800000, 0x0000000706800000, 0x0000000706a00000|  0%| F|  |TAMS 0x0000000706800000, 0x0000000706800000| Untracked 
|  35|0x0000000706a00000, 0x0000000706a00000, 0x0000000706c00000|  0%| F|  |TAMS 0x0000000706a00000, 0x0000000706a00000| Untracked 
|  36|0x0000000706c00000, 0x0000000706c00000, 0x0000000706e00000|  0%| F|  |TAMS 0x0000000706c00000, 0x0000000706c00000| Untracked 
|  37|0x0000000706e00000, 0x0000000706e00000, 0x0000000707000000|  0%| F|  |TAMS 0x0000000706e00000, 0x0000000706e00000| Untracked 
|  38|0x0000000707000000, 0x0000000707000000, 0x0000000707200000|  0%| F|  |TAMS 0x0000000707000000, 0x0000000707000000| Untracked 
|  39|0x0000000707200000, 0x0000000707200000, 0x0000000707400000|  0%| F|  |TAMS 0x0000000707200000, 0x0000000707200000| Untracked 
|  40|0x0000000707400000, 0x0000000707400000, 0x0000000707600000|  0%| F|  |TAMS 0x0000000707400000, 0x0000000707400000| Untracked 
|  41|0x0000000707600000, 0x0000000707600000, 0x0000000707800000|  0%| F|  |TAMS 0x0000000707600000, 0x0000000707600000| Untracked 
|  42|0x0000000707800000, 0x0000000707800000, 0x0000000707a00000|  0%| F|  |TAMS 0x0000000707800000, 0x0000000707800000| Untracked 
|  43|0x0000000707a00000, 0x0000000707a00000, 0x0000000707c00000|  0%| F|  |TAMS 0x0000000707a00000, 0x0000000707a00000| Untracked 
|  44|0x0000000707c00000, 0x0000000707c00000, 0x0000000707e00000|  0%| F|  |TAMS 0x0000000707c00000, 0x0000000707c00000| Untracked 
|  45|0x0000000707e00000, 0x0000000707e00000, 0x0000000708000000|  0%| F|  |TAMS 0x0000000707e00000, 0x0000000707e00000| Untracked 
|  46|0x0000000708000000, 0x0000000708000000, 0x0000000708200000|  0%| F|  |TAMS 0x0000000708000000, 0x0000000708000000| Untracked 
|  47|0x0000000708200000, 0x0000000708200000, 0x0000000708400000|  0%| F|  |TAMS 0x0000000708200000, 0x0000000708200000| Untracked 
|  48|0x0000000708400000, 0x0000000708400000, 0x0000000708600000|  0%| F|  |TAMS 0x0000000708400000, 0x0000000708400000| Untracked 
|  49|0x0000000708600000, 0x0000000708600000, 0x0000000708800000|  0%| F|  |TAMS 0x0000000708600000, 0x0000000708600000| Untracked 
|  50|0x0000000708800000, 0x0000000708800000, 0x0000000708a00000|  0%| F|  |TAMS 0x0000000708800000, 0x0000000708800000| Untracked 
|  51|0x0000000708a00000, 0x0000000708a00000, 0x0000000708c00000|  0%| F|  |TAMS 0x0000000708a00000, 0x0000000708a00000| Untracked 
|  52|0x0000000708c00000, 0x0000000708c00000, 0x0000000708e00000|  0%| F|  |TAMS 0x0000000708c00000, 0x0000000708c00000| Untracked 
|  53|0x0000000708e00000, 0x0000000708e00000, 0x0000000709000000|  0%| F|  |TAMS 0x0000000708e00000, 0x0000000708e00000| Untracked 
|  54|0x0000000709000000, 0x0000000709000000, 0x0000000709200000|  0%| F|  |TAMS 0x0000000709000000, 0x0000000709000000| Untracked 
|  55|0x0000000709200000, 0x0000000709200000, 0x0000000709400000|  0%| F|  |TAMS 0x0000000709200000, 0x0000000709200000| Untracked 
|  56|0x0000000709400000, 0x0000000709400000, 0x0000000709600000|  0%| F|  |TAMS 0x0000000709400000, 0x0000000709400000| Untracked 
|  57|0x0000000709600000, 0x0000000709600000, 0x0000000709800000|  0%| F|  |TAMS 0x0000000709600000, 0x0000000709600000| Untracked 
|  58|0x0000000709800000, 0x0000000709800000, 0x0000000709a00000|  0%| F|  |TAMS 0x0000000709800000, 0x0000000709800000| Untracked 
|  59|0x0000000709a00000, 0x0000000709a00000, 0x0000000709c00000|  0%| F|  |TAMS 0x0000000709a00000, 0x0000000709a00000| Untracked 
|  60|0x0000000709c00000, 0x0000000709c00000, 0x0000000709e00000|  0%| F|  |TAMS 0x0000000709c00000, 0x0000000709c00000| Untracked 
|  61|0x0000000709e00000, 0x0000000709e00000, 0x000000070a000000|  0%| F|  |TAMS 0x0000000709e00000, 0x0000000709e00000| Untracked 
|  62|0x000000070a000000, 0x000000070a000000, 0x000000070a200000|  0%| F|  |TAMS 0x000000070a000000, 0x000000070a000000| Untracked 
|  63|0x000000070a200000, 0x000000070a200000, 0x000000070a400000|  0%| F|  |TAMS 0x000000070a200000, 0x000000070a200000| Untracked 
|  64|0x000000070a400000, 0x000000070a400000, 0x000000070a600000|  0%| F|  |TAMS 0x000000070a400000, 0x000000070a400000| Untracked 
|  65|0x000000070a600000, 0x000000070a600000, 0x000000070a800000|  0%| F|  |TAMS 0x000000070a600000, 0x000000070a600000| Untracked 
|  66|0x000000070a800000, 0x000000070a800000, 0x000000070aa00000|  0%| F|  |TAMS 0x000000070a800000, 0x000000070a800000| Untracked 
|  67|0x000000070aa00000, 0x000000070aa00000, 0x000000070ac00000|  0%| F|  |TAMS 0x000000070aa00000, 0x000000070aa00000| Untracked 
|  68|0x000000070ac00000, 0x000000070ac00000, 0x000000070ae00000|  0%| F|  |TAMS 0x000000070ac00000, 0x000000070ac00000| Untracked 
|  69|0x000000070ae00000, 0x000000070ae00000, 0x000000070b000000|  0%| F|  |TAMS 0x000000070ae00000, 0x000000070ae00000| Untracked 
|  70|0x000000070b000000, 0x000000070b000000, 0x000000070b200000|  0%| F|  |TAMS 0x000000070b000000, 0x000000070b000000| Untracked 
|  71|0x000000070b200000, 0x000000070b200000, 0x000000070b400000|  0%| F|  |TAMS 0x000000070b200000, 0x000000070b200000| Untracked 
|  72|0x000000070b400000, 0x000000070b400000, 0x000000070b600000|  0%| F|  |TAMS 0x000000070b400000, 0x000000070b400000| Untracked 
|  73|0x000000070b600000, 0x000000070b600000, 0x000000070b800000|  0%| F|  |TAMS 0x000000070b600000, 0x000000070b600000| Untracked 
|  74|0x000000070b800000, 0x000000070b800000, 0x000000070ba00000|  0%| F|  |TAMS 0x000000070b800000, 0x000000070b800000| Untracked 
|  75|0x000000070ba00000, 0x000000070ba00000, 0x000000070bc00000|  0%| F|  |TAMS 0x000000070ba00000, 0x000000070ba00000| Untracked 
|  76|0x000000070bc00000, 0x000000070bc00000, 0x000000070be00000|  0%| F|  |TAMS 0x000000070bc00000, 0x000000070bc00000| Untracked 
|  77|0x000000070be00000, 0x000000070be00000, 0x000000070c000000|  0%| F|  |TAMS 0x000000070be00000, 0x000000070be00000| Untracked 
|  78|0x000000070c000000, 0x000000070c000000, 0x000000070c200000|  0%| F|  |TAMS 0x000000070c000000, 0x000000070c000000| Untracked 
|  79|0x000000070c200000, 0x000000070c200000, 0x000000070c400000|  0%| F|  |TAMS 0x000000070c200000, 0x000000070c200000| Untracked 
|  80|0x000000070c400000, 0x000000070c400000, 0x000000070c600000|  0%| F|  |TAMS 0x000000070c400000, 0x000000070c400000| Untracked 
|  81|0x000000070c600000, 0x000000070c600000, 0x000000070c800000|  0%| F|  |TAMS 0x000000070c600000, 0x000000070c600000| Untracked 
|  82|0x000000070c800000, 0x000000070c800000, 0x000000070ca00000|  0%| F|  |TAMS 0x000000070c800000, 0x000000070c800000| Untracked 
|  83|0x000000070ca00000, 0x000000070ca00000, 0x000000070cc00000|  0%| F|  |TAMS 0x000000070ca00000, 0x000000070ca00000| Untracked 
|  84|0x000000070cc00000, 0x000000070cc00000, 0x000000070ce00000|  0%| F|  |TAMS 0x000000070cc00000, 0x000000070cc00000| Untracked 
|  85|0x000000070ce00000, 0x000000070ce00000, 0x000000070d000000|  0%| F|  |TAMS 0x000000070ce00000, 0x000000070ce00000| Untracked 
|  86|0x000000070d000000, 0x000000070d000000, 0x000000070d200000|  0%| F|  |TAMS 0x000000070d000000, 0x000000070d000000| Untracked 
|  87|0x000000070d200000, 0x000000070d200000, 0x000000070d400000|  0%| F|  |TAMS 0x000000070d200000, 0x000000070d200000| Untracked 
|  88|0x000000070d400000, 0x000000070d400000, 0x000000070d600000|  0%| F|  |TAMS 0x000000070d400000, 0x000000070d400000| Untracked 
|  89|0x000000070d600000, 0x000000070d600000, 0x000000070d800000|  0%| F|  |TAMS 0x000000070d600000, 0x000000070d600000| Untracked 
|  90|0x000000070d800000, 0x000000070d800000, 0x000000070da00000|  0%| F|  |TAMS 0x000000070d800000, 0x000000070d800000| Untracked 
|  91|0x000000070da00000, 0x000000070da00000, 0x000000070dc00000|  0%| F|  |TAMS 0x000000070da00000, 0x000000070da00000| Untracked 
|  92|0x000000070dc00000, 0x000000070dc00000, 0x000000070de00000|  0%| F|  |TAMS 0x000000070dc00000, 0x000000070dc00000| Untracked 
|  93|0x000000070de00000, 0x000000070de00000, 0x000000070e000000|  0%| F|  |TAMS 0x000000070de00000, 0x000000070de00000| Untracked 
|  94|0x000000070e000000, 0x000000070e000000, 0x000000070e200000|  0%| F|  |TAMS 0x000000070e000000, 0x000000070e000000| Untracked 
|  95|0x000000070e200000, 0x000000070e200000, 0x000000070e400000|  0%| F|  |TAMS 0x000000070e200000, 0x000000070e200000| Untracked 
|  96|0x000000070e400000, 0x000000070e400000, 0x000000070e600000|  0%| F|  |TAMS 0x000000070e400000, 0x000000070e400000| Untracked 
|  97|0x000000070e600000, 0x000000070e600000, 0x000000070e800000|  0%| F|  |TAMS 0x000000070e600000, 0x000000070e600000| Untracked 
|  98|0x000000070e800000, 0x000000070e800000, 0x000000070ea00000|  0%| F|  |TAMS 0x000000070e800000, 0x000000070e800000| Untracked 
|  99|0x000000070ea00000, 0x000000070ea00000, 0x000000070ec00000|  0%| F|  |TAMS 0x000000070ea00000, 0x000000070ea00000| Untracked 
| 100|0x000000070ec00000, 0x000000070ec00000, 0x000000070ee00000|  0%| F|  |TAMS 0x000000070ec00000, 0x000000070ec00000| Untracked 
| 101|0x000000070ee00000, 0x000000070ee00000, 0x000000070f000000|  0%| F|  |TAMS 0x000000070ee00000, 0x000000070ee00000| Untracked 
| 102|0x000000070f000000, 0x000000070f000000, 0x000000070f200000|  0%| F|  |TAMS 0x000000070f000000, 0x000000070f000000| Untracked 
| 103|0x000000070f200000, 0x000000070f200000, 0x000000070f400000|  0%| F|  |TAMS 0x000000070f200000, 0x000000070f200000| Untracked 
| 104|0x000000070f400000, 0x000000070f400000, 0x000000070f600000|  0%| F|  |TAMS 0x000000070f400000, 0x000000070f400000| Untracked 
| 105|0x000000070f600000, 0x000000070f600000, 0x000000070f800000|  0%| F|  |TAMS 0x000000070f600000, 0x000000070f600000| Untracked 
| 106|0x000000070f800000, 0x000000070f800000, 0x000000070fa00000|  0%| F|  |TAMS 0x000000070f800000, 0x000000070f800000| Untracked 
| 107|0x000000070fa00000, 0x000000070fa00000, 0x000000070fc00000|  0%| F|  |TAMS 0x000000070fa00000, 0x000000070fa00000| Untracked 
| 108|0x000000070fc00000, 0x000000070fc00000, 0x000000070fe00000|  0%| F|  |TAMS 0x000000070fc00000, 0x000000070fc00000| Untracked 
| 109|0x000000070fe00000, 0x000000070fe00000, 0x0000000710000000|  0%| F|  |TAMS 0x000000070fe00000, 0x000000070fe00000| Untracked 
| 110|0x0000000710000000, 0x0000000710000000, 0x0000000710200000|  0%| F|  |TAMS 0x0000000710000000, 0x0000000710000000| Untracked 
| 111|0x0000000710200000, 0x0000000710200000, 0x0000000710400000|  0%| F|  |TAMS 0x0000000710200000, 0x0000000710200000| Untracked 
| 112|0x0000000710400000, 0x0000000710400000, 0x0000000710600000|  0%| F|  |TAMS 0x0000000710400000, 0x0000000710400000| Untracked 
| 113|0x0000000710600000, 0x0000000710600000, 0x0000000710800000|  0%| F|  |TAMS 0x0000000710600000, 0x0000000710600000| Untracked 
| 114|0x0000000710800000, 0x0000000710800000, 0x0000000710a00000|  0%| F|  |TAMS 0x0000000710800000, 0x0000000710800000| Untracked 
| 115|0x0000000710a00000, 0x0000000710a00000, 0x0000000710c00000|  0%| F|  |TAMS 0x0000000710a00000, 0x0000000710a00000| Untracked 
| 116|0x0000000710c00000, 0x0000000710d6e078, 0x0000000710e00000| 71%| S|CS|TAMS 0x0000000710c00000, 0x0000000710c00000| Complete 
| 117|0x0000000710e00000, 0x0000000710f03150, 0x0000000711000000| 50%| E|  |TAMS 0x0000000710e00000, 0x0000000710e00000| Complete 
| 118|0x0000000711000000, 0x0000000711200000, 0x0000000711200000|100%| E|CS|TAMS 0x0000000711000000, 0x0000000711000000| Complete 
| 119|0x0000000711200000, 0x0000000711400000, 0x0000000711400000|100%| E|CS|TAMS 0x0000000711200000, 0x0000000711200000| Complete 
| 120|0x0000000711400000, 0x0000000711600000, 0x0000000711600000|100%| E|  |TAMS 0x0000000711400000, 0x0000000711400000| Complete 
| 121|0x0000000711600000, 0x0000000711800000, 0x0000000711800000|100%| E|CS|TAMS 0x0000000711600000, 0x0000000711600000| Complete 
| 122|0x0000000711800000, 0x0000000711a00000, 0x0000000711a00000|100%| E|CS|TAMS 0x0000000711800000, 0x0000000711800000| Complete 
| 123|0x0000000711a00000, 0x0000000711c00000, 0x0000000711c00000|100%| E|CS|TAMS 0x0000000711a00000, 0x0000000711a00000| Complete 
| 124|0x0000000711c00000, 0x0000000711e00000, 0x0000000711e00000|100%| E|CS|TAMS 0x0000000711c00000, 0x0000000711c00000| Complete 
| 125|0x0000000711e00000, 0x0000000712000000, 0x0000000712000000|100%| E|CS|TAMS 0x0000000711e00000, 0x0000000711e00000| Complete 
| 126|0x0000000712000000, 0x0000000712200000, 0x0000000712200000|100%| E|CS|TAMS 0x0000000712000000, 0x0000000712000000| Complete 

Card table byte_map: [0x0000021873e10000,0x0000021874600000] _byte_map_base: 0x00000218705fe000

Marking Bits (Prev, Next): (CMBitMap*) 0x000002185c58e5c0, (CMBitMap*) 0x000002185c58e600
 Prev Bits: [0x0000021874df0000, 0x0000021878d60000)
 Next Bits: [0x0000021878d60000, 0x000002187ccd0000)

Polling page: 0x000002185a4e0000

Metaspace:

Usage:
  Non-class:     13.64 MB used.
      Class:      1.85 MB used.
       Both:     15.49 MB used.

Virtual space:
  Non-class space:       64.00 MB reserved,      13.81 MB ( 22%) committed,  1 nodes.
      Class space:        1.00 GB reserved,       2.00 MB ( <1%) committed,  1 nodes.
             Both:        1.06 GB reserved,      15.81 MB (  1%) committed. 

Chunk freelists:
   Non-Class:  2.09 MB
       Class:  13.89 MB
        Both:  15.98 MB

MaxMetaspaceSize: unlimited
CompressedClassSpaceSize: 1.00 GB
Initial GC threshold: 21.00 MB
Current GC threshold: 21.00 MB
CDS: on
MetaspaceReclaimPolicy: balanced
 - commit_granule_bytes: 65536.
 - commit_granule_words: 8192.
 - virtual_space_node_default_size: 8388608.
 - enlarge_chunks_in_place: 1.
 - new_chunks_are_fully_committed: 0.
 - uncommit_free_chunks: 1.
 - use_allocation_guard: 0.
 - handle_deallocations: 1.


Internal statistics:

num_allocs_failed_limit: 0.
num_arena_births: 300.
num_arena_deaths: 0.
num_vsnodes_births: 2.
num_vsnodes_deaths: 0.
num_space_committed: 253.
num_space_uncommitted: 0.
num_chunks_returned_to_freelist: 0.
num_chunks_taken_from_freelist: 731.
num_chunk_merges: 0.
num_chunk_splits: 465.
num_chunks_enlarged: 318.
num_inconsistent_stats: 0.

CodeHeap 'non-profiled nmethods': size=119168Kb used=884Kb max_used=884Kb free=118283Kb
 bounds [0x000002186b940000, 0x000002186bbb0000, 0x0000021872da0000]
CodeHeap 'profiled nmethods': size=119104Kb used=4817Kb max_used=4817Kb free=114286Kb
 bounds [0x0000021863da0000, 0x0000021864260000, 0x000002186b1f0000]
CodeHeap 'non-nmethods': size=7488Kb used=2894Kb max_used=2912Kb free=4593Kb
 bounds [0x000002186b1f0000, 0x000002186b4d0000, 0x000002186b940000]
 total_blobs=2922 nmethods=2410 adapters=421
 compilation: enabled
              stopped_count=0, restarted_count=0
 full_count=0

Compilation events (20 events):
Event: 1.403 Thread 0x000002184511ee20 nmethod 2396 0x0000021864249190 code [0x0000021864249360, 0x0000021864249738]
Event: 1.403 Thread 0x000002184501c900 nmethod 2393 0x0000021864249890 code [0x0000021864249ba0, 0x000002186424abf8]
Event: 1.404 Thread 0x000002184511ee20 2397       3       java.util.Locale::equals (75 bytes)
Event: 1.404 Thread 0x000002184501c900 2398       3       sun.util.locale.BaseLocale::equals (71 bytes)
Event: 1.404 Thread 0x000002184616a570 2399       3       java.util.Locale::hasExtensions (13 bytes)
Event: 1.404 Thread 0x000002184511e440 2400       3       java.util.Locale::stripExtensions (20 bytes)
Event: 1.404 Thread 0x000002184616a570 nmethod 2399 0x000002186424b290 code [0x000002186424b420, 0x000002186424b598]
Event: 1.404 Thread 0x000002184511e440 nmethod 2400 0x000002186424b610 code [0x000002186424b7c0, 0x000002186424ba48]
Event: 1.404 Thread 0x000002184501c900 nmethod 2398 0x000002186424bb10 code [0x000002186424bce0, 0x000002186424c1f8]
Event: 1.404 Thread 0x000002184511ee20 nmethod 2397 0x000002186424c310 code [0x000002186424c520, 0x000002186424ccb8]
Event: 1.404 Thread 0x000002184511ee20 2401       1       java.util.Formatter$Flags::valueOf (5 bytes)
Event: 1.404 Thread 0x000002184511ee20 nmethod 2401 0x000002186ba19d90 code [0x000002186ba19f20, 0x000002186ba19ff8]
Event: 1.405 Thread 0x000002184514fbb0 nmethod 2316 0x000002186ba1a090 code [0x000002186ba1a260, 0x000002186ba1a880]
Event: 1.405 Thread 0x000002184514fbb0 2355       4       sun.util.locale.LocaleUtils::isUpper (18 bytes)
Event: 1.406 Thread 0x000002184514fbb0 nmethod 2355 0x000002186ba1ad10 code [0x000002186ba1ae80, 0x000002186ba1aef8]
Event: 1.406 Thread 0x000002184514fbb0 2317       4       java.util.Collections::emptyList (4 bytes)
Event: 1.406 Thread 0x000002184514fbb0 nmethod 2317 0x000002186ba1b010 code [0x000002186ba1b180, 0x000002186ba1b1d8]
Event: 1.406 Thread 0x000002184514fbb0 2387 % !   4       java.util.concurrent.ConcurrentHashMap::transfer @ 96 (849 bytes)
Event: 1.407 Thread 0x000002184501c900 2402       3       java.util.Collections$UnmodifiableCollection::toArray (11 bytes)
Event: 1.408 Thread 0x000002184501c900 nmethod 2402 0x000002186424ce90 code [0x000002186424d040, 0x000002186424d228]

GC Heap History (4 events):
Event: 0.792 GC heap before
{Heap before GC invocations=0 (full 0):
 garbage-first heap   total 260096K, used 20480K [0x0000000702400000, 0x0000000800000000)
  region size 2048K, 11 young (22528K), 0 survivors (0K)
 Metaspace       used 7259K, committed 7488K, reserved 1114112K
  class space    used 811K, committed 896K, reserved 1048576K
}
Event: 0.797 GC heap after
{Heap after GC invocations=1 (full 0):
 garbage-first heap   total 260096K, used 7720K [0x0000000702400000, 0x0000000800000000)
  region size 2048K, 2 young (4096K), 2 survivors (4096K)
 Metaspace       used 7259K, committed 7488K, reserved 1114112K
  class space    used 811K, committed 896K, reserved 1048576K
}
Event: 1.132 GC heap before
{Heap before GC invocations=1 (full 0):
 garbage-first heap   total 260096K, used 28200K [0x0000000702400000, 0x0000000800000000)
  region size 2048K, 12 young (24576K), 2 survivors (4096K)
 Metaspace       used 11273K, committed 11520K, reserved 1114112K
  class space    used 1354K, committed 1472K, reserved 1048576K
}
Event: 1.137 GC heap after
{Heap after GC invocations=2 (full 0):
 garbage-first heap   total 260096K, used 9145K [0x0000000702400000, 0x0000000800000000)
  region size 2048K, 1 young (2048K), 1 survivors (2048K)
 Metaspace       used 11273K, committed 11520K, reserved 1114112K
  class space    used 1354K, committed 1472K, reserved 1048576K
}

Deoptimization events (20 events):
Event: 1.350 Thread 0x0000021846776240 Uncommon trap: trap_request=0xffffff45 fr.pc=0x000002186b9af048 relative=0x0000000000000d28
Event: 1.350 Thread 0x0000021846776240 Uncommon trap: reason=unstable_if action=reinterpret pc=0x000002186b9af048 method=java.util.concurrent.ConcurrentHashMap.putVal(Ljava/lang/Object;Ljava/lang/Object;Z)Ljava/lang/Object; @ 112 c2
Event: 1.350 Thread 0x0000021846776240 DEOPT PACKING pc=0x000002186b9af048 sp=0x000000a8545fdbe0
Event: 1.351 Thread 0x0000021846776240 DEOPT UNPACKING pc=0x000002186b2423a3 sp=0x000000a8545fdb60 mode 2
Event: 1.351 Thread 0x0000021846776240 Uncommon trap: trap_request=0xffffff45 fr.pc=0x000002186b9acd00 relative=0x00000000000001c0
Event: 1.351 Thread 0x0000021846776240 Uncommon trap: reason=unstable_if action=reinterpret pc=0x000002186b9acd00 method=java.util.concurrent.ConcurrentHashMap.addCount(JI)V @ 171 c2
Event: 1.351 Thread 0x0000021846776240 DEOPT PACKING pc=0x000002186b9acd00 sp=0x000000a8545fdb30
Event: 1.351 Thread 0x0000021846776240 DEOPT UNPACKING pc=0x000002186b2423a3 sp=0x000000a8545fda90 mode 2
Event: 1.407 Thread 0x0000021846793bc0 Uncommon trap: trap_request=0xffffff45 fr.pc=0x000002186b9551b4 relative=0x0000000000000414
Event: 1.407 Thread 0x0000021846793bc0 Uncommon trap: reason=unstable_if action=reinterpret pc=0x000002186b9551b4 method=java.lang.StringLatin1.canEncode(I)Z @ 4 c2
Event: 1.407 Thread 0x0000021846793bc0 DEOPT PACKING pc=0x000002186b9551b4 sp=0x000000a854cfd960
Event: 1.407 Thread 0x0000021846793bc0 DEOPT UNPACKING pc=0x000002186b2423a3 sp=0x000000a854cfd888 mode 2
Event: 1.407 Thread 0x0000021846793bc0 Uncommon trap: trap_request=0xffffff45 fr.pc=0x000002186b95cb94 relative=0x00000000000003f4
Event: 1.407 Thread 0x0000021846793bc0 Uncommon trap: reason=unstable_if action=reinterpret pc=0x000002186b95cb94 method=java.lang.AbstractStringBuilder.isLatin1()Z @ 10 c2
Event: 1.407 Thread 0x0000021846793bc0 DEOPT PACKING pc=0x000002186b95cb94 sp=0x000000a854cfd980
Event: 1.407 Thread 0x0000021846793bc0 DEOPT UNPACKING pc=0x000002186b2423a3 sp=0x000000a854cfd900 mode 2
Event: 1.407 Thread 0x0000021846793bc0 Uncommon trap: trap_request=0xffffff45 fr.pc=0x000002186b9e56dc relative=0x000000000000005c
Event: 1.407 Thread 0x0000021846793bc0 Uncommon trap: reason=unstable_if action=reinterpret pc=0x000002186b9e56dc method=java.lang.AbstractStringBuilder.isLatin1()Z @ 10 c2
Event: 1.407 Thread 0x0000021846793bc0 DEOPT PACKING pc=0x000002186b9e56dc sp=0x000000a854cfd960
Event: 1.407 Thread 0x0000021846793bc0 DEOPT UNPACKING pc=0x000002186b2423a3 sp=0x000000a854cfd8f0 mode 2

Classes unloaded (0 events):
No events

Classes redefined (0 events):
No events

Internal exceptions (20 events):
Event: 1.090 Thread 0x0000021846776240 Exception <a 'java/lang/NoSuchMethodError'{0x0000000710e42870}: 'java.lang.Object java.lang.invoke.DirectMethodHandle$Holder.newInvokeSpecial(java.lang.Object, java.lang.Object, java.lang.Object, java.lang.Object, java.lang.Object, java.lang.Object, int)'> (0x0000000710e42870) 
thrown [s\open\src\hotspot\share\interpreter\linkResolver.cpp, line 759]
Event: 1.090 Thread 0x0000021846776240 Exception <a 'java/lang/NoSuchMethodError'{0x0000000710e47b08}: 'java.lang.Object java.lang.invoke.DirectMethodHandle$Holder.invokeSpecial(java.lang.Object, java.lang.Object, java.lang.Object, java.lang.Object, java.lang.Object, java.lang.Object, java.lang.Object, int)'> (0x0000000710e47b08) 
thrown [s\open\src\hotspot\share\interpreter\linkResolver.cpp, line 759]
Event: 1.124 Thread 0x0000021846776240 Exception <a 'java/lang/NoSuchMethodError'{0x0000000710fb08e8}: 'void java.lang.invoke.DirectMethodHandle$Holder.invokeSpecial(java.lang.Object, java.lang.Object, java.lang.Object, java.lang.Object, java.lang.Object)'> (0x0000000710fb08e8) 
thrown [s\open\src\hotspot\share\interpreter\linkResolver.cpp, line 759]
Event: 1.138 Thread 0x0000021846776240 Exception <a 'java/lang/NoSuchMethodError'{0x0000000712064850}: 'int java.lang.invoke.DirectMethodHandle$Holder.invokeVirtual(java.lang.Object, java.lang.Object)'> (0x0000000712064850) 
thrown [s\open\src\hotspot\share\interpreter\linkResolver.cpp, line 759]
Event: 1.153 Thread 0x0000021846776240 Exception <a 'java/lang/NoSuchMethodError'{0x00000007121d0c50}: 'java.lang.Object java.lang.invoke.DirectMethodHandle$Holder.invokeSpecial(java.lang.Object, java.lang.Object, java.lang.Object, int, java.lang.Object)'> (0x00000007121d0c50) 
thrown [s\open\src\hotspot\share\interpreter\linkResolver.cpp, line 759]
Event: 1.154 Thread 0x0000021846776240 Exception <a 'java/lang/NoSuchMethodError'{0x00000007121d91b8}: 'java.lang.Object java.lang.invoke.DirectMethodHandle$Holder.newInvokeSpecial(java.lang.Object, java.lang.Object, java.lang.Object, int, java.lang.Object)'> (0x00000007121d91b8) 
thrown [s\open\src\hotspot\share\interpreter\linkResolver.cpp, line 759]
Event: 1.154 Thread 0x0000021846776240 Exception <a 'java/lang/NoSuchMethodError'{0x00000007121e0b88}: 'java.lang.Object java.lang.invoke.Invokers$Holder.linkToTargetMethod(java.lang.Object, java.lang.Object, int, java.lang.Object, java.lang.Object)'> (0x00000007121e0b88) 
thrown [s\open\src\hotspot\share\interpreter\linkResolver.cpp, line 759]
Event: 1.155 Thread 0x0000021846776240 Exception <a 'java/lang/NoSuchMethodError'{0x00000007121eff48}: 'java.lang.Object java.lang.invoke.DirectMethodHandle$Holder.newInvokeSpecial(java.lang.Object, int, java.lang.Object)'> (0x00000007121eff48) 
thrown [s\open\src\hotspot\share\interpreter\linkResolver.cpp, line 759]
Event: 1.155 Thread 0x0000021846776240 Exception <a 'java/lang/NoSuchMethodError'{0x00000007121f4020}: 'int java.lang.invoke.DirectMethodHandle$Holder.invokeSpecialIFC(java.lang.Object, java.lang.Object, java.lang.Object, java.lang.Object)'> (0x00000007121f4020) 
thrown [s\open\src\hotspot\share\interpreter\linkResolver.cpp, line 759]
Event: 1.173 Thread 0x0000021846776240 Exception <a 'java/lang/NoSuchMethodError'{0x0000000711ee7500}: 'void java.lang.invoke.DirectMethodHandle$Holder.invokeInterface(java.lang.Object, java.lang.Object, java.lang.Object)'> (0x0000000711ee7500) 
thrown [s\open\src\hotspot\share\interpreter\linkResolver.cpp, line 759]
Event: 1.196 Thread 0x0000021846776240 Exception <a 'java/lang/NoSuchMethodError'{0x0000000711f9e488}: 'void java.lang.invoke.DirectMethodHandle$Holder.invokeStaticInit(java.lang.Object, java.lang.Object, java.lang.Object)'> (0x0000000711f9e488) 
thrown [s\open\src\hotspot\share\interpreter\linkResolver.cpp, line 759]
Event: 1.202 Thread 0x0000021846776240 Exception <a 'java/lang/NoSuchMethodError'{0x0000000711fe9f80}: 'java.lang.Object java.lang.invoke.DirectMethodHandle$Holder.invokeVirtual(java.lang.Object, java.lang.Object, java.lang.Object)'> (0x0000000711fe9f80) 
thrown [s\open\src\hotspot\share\interpreter\linkResolver.cpp, line 759]
Event: 1.206 Thread 0x0000021846776240 Exception <a 'java/lang/NoSuchMethodError'{0x0000000711c062b8}: 'java.lang.Object java.lang.invoke.DirectMethodHandle$Holder.invokeStatic(java.lang.Object, java.lang.Object, long, java.lang.Object)'> (0x0000000711c062b8) 
thrown [s\open\src\hotspot\share\interpreter\linkResolver.cpp, line 759]
Event: 1.206 Thread 0x0000021846776240 Exception <a 'java/lang/NoSuchMethodError'{0x0000000711c09d50}: 'java.lang.Object java.lang.invoke.DirectMethodHandle$Holder.invokeStaticInit(java.lang.Object, java.lang.Object, long, java.lang.Object)'> (0x0000000711c09d50) 
thrown [s\open\src\hotspot\share\interpreter\linkResolver.cpp, line 759]
Event: 1.207 Thread 0x0000021846776240 Exception <a 'java/lang/NoSuchMethodError'{0x0000000711c10360}: 'java.lang.Object java.lang.invoke.DirectMethodHandle$Holder.newInvokeSpecial(java.lang.Object, java.lang.Object, long)'> (0x0000000711c10360) 
thrown [s\open\src\hotspot\share\interpreter\linkResolver.cpp, line 759]
Event: 1.218 Thread 0x0000021846776240 Exception <a 'java/lang/NoSuchMethodError'{0x0000000711c74f98}: 'void java.lang.invoke.DirectMethodHandle$Holder.invokeVirtual(java.lang.Object, java.lang.Object, java.lang.Object, java.lang.Object)'> (0x0000000711c74f98) 
thrown [s\open\src\hotspot\share\interpreter\linkResolver.cpp, line 759]
Event: 1.254 Thread 0x0000021846776240 Exception <a 'java/lang/NoSuchMethodError'{0x0000000711ddb768}: 'void java.lang.invoke.DirectMethodHandle$Holder.invokeSpecial(java.lang.Object, java.lang.Object, java.lang.Object)'> (0x0000000711ddb768) 
thrown [s\open\src\hotspot\share\interpreter\linkResolver.cpp, line 759]
Event: 1.260 Thread 0x0000021846793bc0 Exception <a 'java/lang/NoClassDefFoundError'{0x0000000711a177c8}: jakarta/validation/Validation> (0x0000000711a177c8) 
thrown [s\open\src\hotspot\share\classfile\systemDictionary.cpp, line 245]
Event: 1.261 Thread 0x0000021846776240 Exception <a 'java/lang/IncompatibleClassChangeError'{0x0000000711a3c880}: Found class java.lang.Object, but interface was expected> (0x0000000711a3c880) 
thrown [s\open\src\hotspot\share\interpreter\linkResolver.cpp, line 826]
Event: 1.387 Thread 0x0000021846776240 Exception <a 'java/lang/NoSuchMethodError'{0x00000007110393d8}: 'java.lang.Object java.lang.invoke.DirectMethodHandle$Holder.invokeStatic(java.lang.Object, int, java.lang.Object)'> (0x00000007110393d8) 
thrown [s\open\src\hotspot\share\interpreter\linkResolver.cpp, line 759]

VM Operations (20 events):
Event: 0.687 Executing VM operation: HandshakeAllThreads
Event: 0.687 Executing VM operation: HandshakeAllThreads done
Event: 0.789 Executing VM operation: ICBufferFull
Event: 0.789 Executing VM operation: ICBufferFull done
Event: 0.792 Executing VM operation: G1CollectForAllocation
Event: 0.797 Executing VM operation: G1CollectForAllocation done
Event: 0.940 Executing VM operation: HandshakeAllThreads
Event: 0.940 Executing VM operation: HandshakeAllThreads done
Event: 0.983 Executing VM operation: HandshakeAllThreads
Event: 0.983 Executing VM operation: HandshakeAllThreads done
Event: 1.101 Executing VM operation: ICBufferFull
Event: 1.101 Executing VM operation: ICBufferFull done
Event: 1.130 Executing VM operation: HandshakeAllThreads
Event: 1.130 Executing VM operation: HandshakeAllThreads done
Event: 1.132 Executing VM operation: G1CollectForAllocation
Event: 1.137 Executing VM operation: G1CollectForAllocation done
Event: 1.251 Executing VM operation: HandshakeAllThreads
Event: 1.251 Executing VM operation: HandshakeAllThreads done
Event: 1.252 Executing VM operation: HandshakeAllThreads
Event: 1.252 Executing VM operation: HandshakeAllThreads done

Events (20 events):
Event: 1.349 loading class java/util/concurrent/atomic/AtomicLongArray done
Event: 1.349 loading class java/lang/invoke/VarHandleLongs$Array
Event: 1.349 loading class java/lang/invoke/VarHandleLongs$Array done
Event: 1.349 loading class java/util/concurrent/atomic/AtomicReferenceArray
Event: 1.349 loading class java/util/concurrent/atomic/AtomicReferenceArray done
Event: 1.386 loading class java/time/temporal/TemporalAdjusters
Event: 1.387 loading class java/time/temporal/TemporalAdjusters done
Event: 1.389 loading class java/time/zone/ZoneOffsetTransitionRule$1
Event: 1.389 loading class java/time/zone/ZoneOffsetTransitionRule$1 done
Event: 1.389 loading class java/time/ZonedDateTime$1
Event: 1.389 loading class java/time/ZonedDateTime$1 done
Event: 1.391 Thread 0x000002184616a570 Thread added: 0x000002184616a570
Event: 1.406 loading class sun/text/resources/cldr/FormatData_en
Event: 1.406 loading class sun/text/resources/cldr/FormatData_en done
Event: 1.406 loading class sun/text/resources/cldr/FormatData_en_US
Event: 1.406 loading class sun/text/resources/cldr/FormatData_en_US done
Event: 1.414 loading class org/xml/sax/ErrorHandler
Event: 1.414 loading class org/xml/sax/ErrorHandler done
Event: 1.415 loading class org/xml/sax/SAXParseException
Event: 1.415 loading class org/xml/sax/SAXParseException done


Dynamic libraries:
0x00007ff60f500000 - 0x00007ff60f510000 	C:\Program Files\Java\jdk-17\bin\java.exe
0x00007ff850e50000 - 0x00007ff851067000 	C:\Windows\SYSTEM32\ntdll.dll
0x00007ff84fce0000 - 0x00007ff84fda4000 	C:\Windows\System32\KERNEL32.DLL
0x00007ff84e360000 - 0x00007ff84e719000 	C:\Windows\System32\KERNELBASE.dll
0x00007ff84e810000 - 0x00007ff84e921000 	C:\Windows\System32\ucrtbase.dll
0x00007ff843ac0000 - 0x00007ff843ad9000 	C:\Program Files\Java\jdk-17\bin\jli.dll
0x00007ff843aa0000 - 0x00007ff843abb000 	C:\Program Files\Java\jdk-17\bin\VCRUNTIME140.dll
0x00007ff84fea0000 - 0x00007ff84ff52000 	C:\Windows\System32\ADVAPI32.dll
0x00007ff850620000 - 0x00007ff8506c7000 	C:\Windows\System32\msvcrt.dll
0x00007ff84f0b0000 - 0x00007ff84f157000 	C:\Windows\System32\sechost.dll
0x00007ff84eb40000 - 0x00007ff84eb68000 	C:\Windows\System32\bcrypt.dll
0x00007ff84ff70000 - 0x00007ff850084000 	C:\Windows\System32\RPCRT4.dll
0x00007ff84f220000 - 0x00007ff84f3ce000 	C:\Windows\System32\USER32.dll
0x00007ff84eb10000 - 0x00007ff84eb36000 	C:\Windows\System32\win32u.dll
0x00007ff82e0d0000 - 0x00007ff82e362000 	C:\Windows\WinSxS\amd64_microsoft.windows.common-controls_6595b64144ccf1df_6.0.22621.4391_none_2715d37f73803e96\COMCTL32.dll
0x00007ff84eb70000 - 0x00007ff84eb99000 	C:\Windows\System32\GDI32.dll
0x00007ff84e9f0000 - 0x00007ff84eb0b000 	C:\Windows\System32\gdi32full.dll
0x00007ff84e150000 - 0x00007ff84e1ea000 	C:\Windows\System32\msvcp_win.dll
0x00007ff848f40000 - 0x00007ff848f4a000 	C:\Windows\SYSTEM32\VERSION.dll
0x00007ff8502c0000 - 0x00007ff8502f1000 	C:\Windows\System32\IMM32.DLL
0x00007ff84a2e0000 - 0x00007ff84a2ec000 	C:\Program Files\Java\jdk-17\bin\vcruntime140_1.dll
0x00007ff82ef10000 - 0x00007ff82ef9e000 	C:\Program Files\Java\jdk-17\bin\msvcp140.dll
0x00007fffeb8d0000 - 0x00007fffec4b1000 	C:\Program Files\Java\jdk-17\bin\server\jvm.dll
0x00007ff84ff60000 - 0x00007ff84ff68000 	C:\Windows\System32\PSAPI.DLL
0x00007ff848f70000 - 0x00007ff848fa4000 	C:\Windows\SYSTEM32\WINMM.dll
0x00007ff8490a0000 - 0x00007ff8490a9000 	C:\Windows\SYSTEM32\WSOCK32.dll
0x00007ff84f030000 - 0x00007ff84f0a1000 	C:\Windows\System32\WS2_32.dll
0x00007ff84d1a0000 - 0x00007ff84d1b8000 	C:\Windows\SYSTEM32\kernel.appcore.dll
0x00007ff849070000 - 0x00007ff84907a000 	C:\Program Files\Java\jdk-17\bin\jimage.dll
0x00007ff845940000 - 0x00007ff845b72000 	C:\Windows\SYSTEM32\DBGHELP.DLL
0x00007ff84eba0000 - 0x00007ff84ef2f000 	C:\Windows\System32\combase.dll
0x00007ff8501e0000 - 0x00007ff8502b7000 	C:\Windows\System32\OLEAUT32.dll
0x00007ff845870000 - 0x00007ff8458a2000 	C:\Windows\SYSTEM32\dbgcore.DLL
0x00007ff84e720000 - 0x00007ff84e79b000 	C:\Windows\System32\bcryptPrimitives.dll
0x00007ff843970000 - 0x00007ff843995000 	C:\Program Files\Java\jdk-17\bin\java.dll
0x00007ff827d90000 - 0x00007ff827e67000 	C:\Program Files\Java\jdk-17\bin\jsvml.dll
0x00007ff84f450000 - 0x00007ff84fcc6000 	C:\Windows\System32\SHELL32.dll
0x00007ff84c040000 - 0x00007ff84c943000 	C:\Windows\SYSTEM32\windows.storage.dll
0x00007ff84bf00000 - 0x00007ff84c03f000 	C:\Windows\SYSTEM32\wintypes.dll
0x00007ff850d10000 - 0x00007ff850e09000 	C:\Windows\System32\SHCORE.dll
0x00007ff84fdb0000 - 0x00007ff84fe0e000 	C:\Windows\System32\shlwapi.dll
0x00007ff84e080000 - 0x00007ff84e0ab000 	C:\Windows\SYSTEM32\profapi.dll
0x00007ff843930000 - 0x00007ff843949000 	C:\Program Files\Java\jdk-17\bin\net.dll
0x00007ff848b30000 - 0x00007ff848c66000 	C:\Windows\SYSTEM32\WINHTTP.dll
0x00007ff84d6b0000 - 0x00007ff84d719000 	C:\Windows\system32\mswsock.dll
0x00007ff843910000 - 0x00007ff843926000 	C:\Program Files\Java\jdk-17\bin\nio.dll
0x00007ff843850000 - 0x00007ff843868000 	C:\Program Files\Java\jdk-17\bin\zip.dll
0x00007ff848180000 - 0x00007ff84818a000 	C:\Program Files\Java\jdk-17\bin\management.dll
0x00007ff8465d0000 - 0x00007ff8465db000 	C:\Program Files\Java\jdk-17\bin\management_ext.dll
0x00007ff844cf0000 - 0x00007ff844d07000 	C:\Windows\system32\napinsp.dll
0x00007ff844cd0000 - 0x00007ff844ceb000 	C:\Windows\system32\pnrpnsp.dll
0x00007ff84cca0000 - 0x00007ff84cda2000 	C:\Windows\SYSTEM32\DNSAPI.dll
0x00007ff84cc30000 - 0x00007ff84cc5d000 	C:\Windows\SYSTEM32\IPHLPAPI.DLL
0x00007ff8506d0000 - 0x00007ff8506d9000 	C:\Windows\System32\NSI.dll
0x00007ff844cb0000 - 0x00007ff844cc1000 	C:\Windows\System32\winrnr.dll
0x00007ff848250000 - 0x00007ff848265000 	C:\Windows\system32\wshbth.dll
0x00007ff800ce0000 - 0x00007ff800d07000 	C:\Windows\system32\nlansp_c.dll
0x00007ff849460000 - 0x00007ff84946a000 	C:\Windows\System32\rasadhlp.dll
0x00007ff846800000 - 0x00007ff846883000 	C:\Windows\System32\fwpuclnt.dll
0x00007ff84da00000 - 0x00007ff84da1b000 	C:\Windows\SYSTEM32\CRYPTSP.dll
0x00007ff84d1c0000 - 0x00007ff84d1f5000 	C:\Windows\system32\rsaenh.dll
0x00007ff84d750000 - 0x00007ff84d778000 	C:\Windows\SYSTEM32\USERENV.dll
0x00007ff84d9e0000 - 0x00007ff84d9ec000 	C:\Windows\SYSTEM32\CRYPTBASE.dll
0x00007ff849630000 - 0x00007ff849649000 	C:\Windows\SYSTEM32\dhcpcsvc6.DLL
0x00007ff848f50000 - 0x00007ff848f6f000 	C:\Windows\SYSTEM32\dhcpcsvc.DLL

dbghelp: loaded successfully - version: 4.0.5 - missing functions: none
symbol engine: initialized successfully - sym options: 0x614 - pdb path: .;C:\Program Files\Java\jdk-17\bin;C:\Windows\SYSTEM32;C:\Windows\WinSxS\amd64_microsoft.windows.common-controls_6595b64144ccf1df_6.0.22621.4391_none_2715d37f73803e96;C:\Program Files\Java\jdk-17\bin\server

VM Arguments:
jvm_args: -Dcom.sun.management.jmxremote -Dcom.sun.management.jmxremote.port=54395 -Dcom.sun.management.jmxremote.authenticate=false -Dcom.sun.management.jmxremote.ssl=false -Dspring.jmx.enabled=true -Djava.rmi.server.hostname=localhost -Dspring.application.admin.enabled=true -Dspring.boot.project.name=inmojaen -XX:+ShowCodeDetailsInExceptionMessages -Dmanagement.endpoints.jmx.exposure.include=* 
java_command: com.iesvdc.project.inmojaen.InmojaenApplication
java_class_path (initial): C:\Users\leope\Desktop\Proyectos\inmojaen\inmojaen\target\classes;C:\Users\leope\.m2\repository\org\springframework\boot\spring-boot-starter-actuator\3.3.3\spring-boot-starter-actuator-3.3.3.jar;C:\Users\leope\.m2\repository\org\springframework\boot\spring-boot-starter\3.3.3\spring-boot-starter-3.3.3.jar;C:\Users\leope\.m2\repository\org\springframework\boot\spring-boot-starter-logging\3.3.3\spring-boot-starter-logging-3.3.3.jar;C:\Users\leope\.m2\repository\ch\qos\logback\logback-classic\1.5.7\logback-classic-1.5.7.jar;C:\Users\leope\.m2\repository\ch\qos\logback\logback-core\1.5.7\logback-core-1.5.7.jar;C:\Users\leope\.m2\repository\org\apache\logging\log4j\log4j-to-slf4j\2.23.1\log4j-to-slf4j-2.23.1.jar;C:\Users\leope\.m2\repository\org\apache\logging\log4j\log4j-api\2.23.1\log4j-api-2.23.1.jar;C:\Users\leope\.m2\repository\org\slf4j\jul-to-slf4j\2.0.16\jul-to-slf4j-2.0.16.jar;C:\Users\leope\.m2\repository\jakarta\annotation\jakarta.annotation-api\2.1.1\jakarta.annotation-api-2.1.1.jar;C:\Users\leope\.m2\repository\org\yaml\snakeyaml\2.2\snakeyaml-2.2.jar;C:\Users\leope\.m2\repository\org\springframework\boot\spring-boot-actuator-autoconfigure\3.3.3\spring-boot-actuator-autoconfigure-3.3.3.jar;C:\Users\leope\.m2\repository\org\springframework\boot\spring-boot-actuator\3.3.3\spring-boot-actuator-3.3.3.jar;C:\Users\leope\.m2\repository\com\fasterxml\jackson\core\jackson-databind\2.17.2\jackson-databind-2.17.2.jar;C:\Users\leope\.m2\repository\com\fasterxml\jackson\core\jackson-annotations\2.17.2\jackson-annotations-2.17.2.jar;C:\Users\leope\.m2\repository\com\fasterxml\jackson\core\jackson-core\2.17.2\jackson-core-2.17.2.jar;C:\Users\leope\.m2\repository\com\fasterxml\jackson\datatype\jackson-datatype-jsr310\2.17.2\jackson-datatype-jsr310-2.17.2.jar;C:\Users\leope\.m2\repository\io\micrometer\micrometer-observation\1.13.3\micrometer-observation-1.13.3.jar;C:\Users\leope\.m2\repository\io\micrometer\micrometer-commons\1.13.3\micrometer-c
Launcher Type: SUN_STANDARD

[Global flags]
     intx CICompilerCount                          = 12                                        {product} {ergonomic}
     uint ConcGCThreads                            = 3                                         {product} {ergonomic}
     uint G1ConcRefinementThreads                  = 13                                        {product} {ergonomic}
   size_t G1HeapRegionSize                         = 2097152                                   {product} {ergonomic}
    uintx GCDrainStackTargetSize                   = 64                                        {product} {ergonomic}
   size_t InitialHeapSize                          = 266338304                                 {product} {ergonomic}
     bool ManagementServer                         = true                                      {product} {command line}
   size_t MarkStackSize                            = 4194304                                   {product} {ergonomic}
   size_t MaxHeapSize                              = 4257218560                                {product} {ergonomic}
   size_t MaxNewSize                               = 2554331136                                {product} {ergonomic}
   size_t MinHeapDeltaBytes                        = 2097152                                   {product} {ergonomic}
   size_t MinHeapSize                              = 8388608                                   {product} {ergonomic}
    uintx NonNMethodCodeHeapSize                   = 7602480                                {pd product} {ergonomic}
    uintx NonProfiledCodeHeapSize                  = 122027880                              {pd product} {ergonomic}
    uintx ProfiledCodeHeapSize                     = 122027880                              {pd product} {ergonomic}
    uintx ReservedCodeCacheSize                    = 251658240                              {pd product} {ergonomic}
     bool SegmentedCodeCache                       = true                                      {product} {ergonomic}
     bool ShowCodeDetailsInExceptionMessages       = true                                   {manageable} {command line}
   size_t SoftMaxHeapSize                          = 4257218560                             {manageable} {ergonomic}
     bool UseCompressedClassPointers               = true                           {product lp64_product} {ergonomic}
     bool UseCompressedOops                        = true                           {product lp64_product} {ergonomic}
     bool UseG1GC                                  = true                                      {product} {ergonomic}
     bool UseLargePagesIndividualAllocation        = false                                  {pd product} {ergonomic}

Logging:
Log output configuration:
 #0: stdout all=warning uptime,level,tags
 #1: stderr all=off uptime,level,tags

Environment Variables:
JAVA_HOME=C:\Program Files\Java\jdk-17
PATH=C:\Program Files\Common Files\Oracle\Java\javapath;C:\Python311\Scripts\;C:\Python311\;C:\Windows\system32;C:\Windows;C:\Windows\System32\Wbem;C:\Windows\System32\WindowsPowerShell\v1.0\;C:\Windows\System32\OpenSSH\;C:\Program Files\NVIDIA Corporation\NVIDIA NvDLISR;C:\Program Files\Docker\Docker\resources\bin;C:\ProgramData\chocolatey\bin;C:\Program Files\Java\jdk-17\bin;C:\Users\leope\AppData\Roaming\nvm;C:\Program Files\nodejs;C:\Program Files\PuTTY\;C:\Program Files\Git\cmd;C:\ProgramData\ComposerSetup\bin;C:\Program Files\nodejs\;C:\Users\leope\scoop\shims;C:\Users\leope\AppData\Local\Microsoft\WindowsApps;C:\Users\leope\AppData\Local\Programs\Microsoft VS Code\bin;C:\Users\leope\AppData\Roaming\nvm;C:\Program Files\nodejs;C:\Dev\flutter\bin;C:\xampp\php;C:\Users\leope\AppData\Roaming\Composer\vendor\bin;C:\Users\leope\AppData\Roaming\npm
USERNAME=leope
LANG=es_ES.UTF-8
OS=Windows_NT
PROCESSOR_IDENTIFIER=AMD64 Family 25 Model 80 Stepping 0, AuthenticAMD



---------------  S Y S T E M  ---------------

OS:
 Windows 11 , 64 bit Build 22621 (10.0.22621.4391)
OS uptime: 19 days 13:14 hours
Hyper-V role detected

CPU: total 16 (initial active 16) (16 cores per cpu, 2 threads per core) family 25 model 80 stepping 0 microcode 0x0, cx8, cmov, fxsr, ht, mmx, 3dnowpref, sse, sse2, sse3, ssse3, sse4a, sse4.1, sse4.2, popcnt, lzcnt, tsc, tscinvbit, avx, avx2, aes, erms, clmul, bmi1, bmi2, adx, sha, fma, vzeroupper, clflush, clflushopt, hv

Memory: 4k page, system-wide physical 16236M (1328M free)
TotalPageFile size 65388M (AvailPageFile size 3M)
current process WorkingSet (physical memory assigned to process): 119M, peak: 121M
current process commit charge ("private bytes"): 398M, peak: 400M

vm_info: Java HotSpot(TM) 64-Bit Server VM (17.0.9+11-LTS-201) for windows-amd64 JRE (17.0.9+11-LTS-201), built on Oct 10 2023 23:16:06 by "mach5one" with MS VC++ 17.1 (VS2022)

END.
