#
# There is insufficient memory for the Java Runtime Environment to continue.
# Native memory allocation (mmap) failed to map 4161536 bytes for G1 virtual space
# Possible reasons:
#   The system is out of physical RAM or swap space
#   The process is running with CompressedOops enabled, and the Java Heap may be blocking the growth of the native heap
# Possible solutions:
#   Reduce memory load on the system
#   Increase physical memory or swap space
#   Check if swap backing store is full
#   Decrease Java heap size (-Xmx/-Xms)
#   Decrease number of Java threads
#   Decrease Java thread stack sizes (-Xss)
#   Set larger code cache with -XX:ReservedCodeCacheSize=
#   JVM is running with Zero Based Compressed Oops mode in which the Java heap is
#     placed in the first 32GB address space. The Java Heap base address is the
#     maximum limit for the native heap growth. Please use -XX:HeapBaseMinAddress
#     to set the Java Heap base and to place the Java Heap above 32GB virtual address.
# This output file may be truncated or incomplete.
#
#  Out of Memory Error (os_windows.cpp:3552), pid=112152, tid=116444
#
# JRE version:  (17.0.9+11) (build )
# Java VM: Java HotSpot(TM) 64-Bit Server VM (17.0.9+11-LTS-201, mixed mode, sharing, tiered, compressed oops, compressed class ptrs, g1 gc, windows-amd64)
# No core dump will be written. Minidumps are not enabled by default on client versions of Windows
#

---------------  S U M M A R Y ------------

Command Line: -Dcom.sun.management.jmxremote -Dcom.sun.management.jmxremote.port=54395 -Dcom.sun.management.jmxremote.authenticate=false -Dcom.sun.management.jmxremote.ssl=false -Dspring.jmx.enabled=true -Djava.rmi.server.hostname=localhost -Dspring.application.admin.enabled=true -Dspring.boot.project.name=inmojaen -XX:+ShowCodeDetailsInExceptionMessages -Dmanagement.endpoints.jmx.exposure.include=* com.iesvdc.project.inmojaen.InmojaenApplication

Host: AMD Ryzen 7 5800H with Radeon Graphics         , 16 cores, 15G,  Windows 11 , 64 bit Build 22621 (10.0.22621.4391)
Time: Thu Dec  5 00:20:34 2024 Hora estándar romance elapsed time: 0.011379 seconds (0d 0h 0m 0s)

---------------  T H R E A D  ---------------

Current thread (0x00000213eb816490):  JavaThread "Unknown thread" [_thread_in_vm, id=116444, stack(0x000000ed40d00000,0x000000ed40e00000)]

Stack: [0x000000ed40d00000,0x000000ed40e00000]
Native frames: (J=compiled Java code, j=interpreted, Vv=VM code, C=native code)
V  [jvm.dll+0x678a4a]
V  [jvm.dll+0x7d9cfd]
V  [jvm.dll+0x7db60e]
V  [jvm.dll+0x7dbc73]
V  [jvm.dll+0x245e1f]
V  [jvm.dll+0x6758f9]
V  [jvm.dll+0x66a2a2]
V  [jvm.dll+0x303686]
V  [jvm.dll+0x30ac06]
V  [jvm.dll+0x35a4a3]
V  [jvm.dll+0x35a6bf]
V  [jvm.dll+0x2da678]
V  [jvm.dll+0x2db5e4]
V  [jvm.dll+0x7ab6b1]
V  [jvm.dll+0x368041]
V  [jvm.dll+0x78a749]
V  [jvm.dll+0x3ebd4f]
V  [jvm.dll+0x3ed7d1]
C  [jli.dll+0x5297]
C  [ucrtbase.dll+0x29333]
C  [KERNEL32.DLL+0x1259d]
C  [ntdll.dll+0x5af38]


---------------  P R O C E S S  ---------------

Threads class SMR info:
_java_thread_list=0x00007fffec3889d8, length=0, elements={
}

Java Threads: ( => current thread )

Other Threads:
  0x00000213eb88d2a0 GCTaskThread "GC Thread#0" [stack: 0x000000ed40e00000,0x000000ed40f00000] [id=96696]
  0x00000213eb89dfb0 ConcurrentGCThread "G1 Main Marker" [stack: 0x000000ed40f00000,0x000000ed41000000] [id=33624]
  0x00000213eb89e9c0 ConcurrentGCThread "G1 Conc#0" [stack: 0x000000ed41000000,0x000000ed41100000] [id=111856]

[error occurred during error reporting (printing all threads), id 0xc0000005, EXCEPTION_ACCESS_VIOLATION (0xc0000005) at pc=0x00007fffebbbb2d7]

VM state: not at safepoint (not fully initialized)

VM Mutex/Monitor currently owned by a thread:  ([mutex/lock_event])
[0x00000213eb811dd0] Heap_lock - owner thread: 0x00000213eb816490

Heap address: 0x0000000702400000, size: 4060 MB, Compressed Oops mode: Zero based, Oop shift amount: 3

CDS archive(s) mapped at: [0x0000000000000000-0x0000000000000000-0x0000000000000000), size 0, SharedBaseAddress: 0x0000000800000000, ArchiveRelocationMode: 1.
Narrow klass base: 0x0000000000000000, Narrow klass shift: 0, Narrow klass range: 0x0

GC Precious Log:
<Empty>

Heap:
 garbage-first heap   total 0K, used 0K [0x0000000702400000, 0x0000000800000000)
  region size 2048K, 0 young (0K), 0 survivors (0K)

[error occurred during error reporting (printing heap information), id 0xc0000005, EXCEPTION_ACCESS_VIOLATION (0xc0000005) at pc=0x00007fffebfa2229]

GC Heap History (0 events):
No events

Deoptimization events (0 events):
No events

Classes unloaded (0 events):
No events

Classes redefined (0 events):
No events

Internal exceptions (0 events):
No events

VM Operations (0 events):
No events

Events (1 events):
Event: 0.006 Loaded shared library C:\Program Files\Java\jdk-17\bin\java.dll


Dynamic libraries:
0x00007ff66cbe0000 - 0x00007ff66cbf0000 	C:\Program Files\Java\jdk-17\bin\java.exe
0x00007ff850e50000 - 0x00007ff851067000 	C:\Windows\SYSTEM32\ntdll.dll
0x00007ff84fce0000 - 0x00007ff84fda4000 	C:\Windows\System32\KERNEL32.DLL
0x00007ff84e360000 - 0x00007ff84e719000 	C:\Windows\System32\KERNELBASE.dll
0x00007ff84e810000 - 0x00007ff84e921000 	C:\Windows\System32\ucrtbase.dll
0x00007ff843ac0000 - 0x00007ff843ad9000 	C:\Program Files\Java\jdk-17\bin\jli.dll
0x00007ff843aa0000 - 0x00007ff843abb000 	C:\Program Files\Java\jdk-17\bin\VCRUNTIME140.dll
0x00007ff84fea0000 - 0x00007ff84ff52000 	C:\Windows\System32\ADVAPI32.dll
0x00007ff850620000 - 0x00007ff8506c7000 	C:\Windows\System32\msvcrt.dll
0x00007ff84f0b0000 - 0x00007ff84f157000 	C:\Windows\System32\sechost.dll
0x00007ff84eb40000 - 0x00007ff84eb68000 	C:\Windows\System32\bcrypt.dll
0x00007ff84ff70000 - 0x00007ff850084000 	C:\Windows\System32\RPCRT4.dll
0x00007ff84f220000 - 0x00007ff84f3ce000 	C:\Windows\System32\USER32.dll
0x00007ff84eb10000 - 0x00007ff84eb36000 	C:\Windows\System32\win32u.dll
0x00007ff82e0d0000 - 0x00007ff82e362000 	C:\Windows\WinSxS\amd64_microsoft.windows.common-controls_6595b64144ccf1df_6.0.22621.4391_none_2715d37f73803e96\COMCTL32.dll
0x00007ff84eb70000 - 0x00007ff84eb99000 	C:\Windows\System32\GDI32.dll
0x00007ff84e9f0000 - 0x00007ff84eb0b000 	C:\Windows\System32\gdi32full.dll
0x00007ff84e150000 - 0x00007ff84e1ea000 	C:\Windows\System32\msvcp_win.dll
0x00007ff848f40000 - 0x00007ff848f4a000 	C:\Windows\SYSTEM32\VERSION.dll
0x00007ff8502c0000 - 0x00007ff8502f1000 	C:\Windows\System32\IMM32.DLL
0x00007ff84a2e0000 - 0x00007ff84a2ec000 	C:\Program Files\Java\jdk-17\bin\vcruntime140_1.dll
0x00007ff82ef10000 - 0x00007ff82ef9e000 	C:\Program Files\Java\jdk-17\bin\msvcp140.dll
0x00007fffeb8d0000 - 0x00007fffec4b1000 	C:\Program Files\Java\jdk-17\bin\server\jvm.dll
0x00007ff84ff60000 - 0x00007ff84ff68000 	C:\Windows\System32\PSAPI.DLL
0x00007ff8490a0000 - 0x00007ff8490a9000 	C:\Windows\SYSTEM32\WSOCK32.dll
0x00007ff848f70000 - 0x00007ff848fa4000 	C:\Windows\SYSTEM32\WINMM.dll
0x00007ff84f030000 - 0x00007ff84f0a1000 	C:\Windows\System32\WS2_32.dll
0x00007ff84d1a0000 - 0x00007ff84d1b8000 	C:\Windows\SYSTEM32\kernel.appcore.dll
0x00007ff848180000 - 0x00007ff84818a000 	C:\Program Files\Java\jdk-17\bin\jimage.dll
0x00007ff845940000 - 0x00007ff845b72000 	C:\Windows\SYSTEM32\DBGHELP.DLL
0x00007ff84eba0000 - 0x00007ff84ef2f000 	C:\Windows\System32\combase.dll
0x00007ff8501e0000 - 0x00007ff8502b7000 	C:\Windows\System32\OLEAUT32.dll
0x00007ff845870000 - 0x00007ff8458a2000 	C:\Windows\SYSTEM32\dbgcore.DLL
0x00007ff84e720000 - 0x00007ff84e79b000 	C:\Windows\System32\bcryptPrimitives.dll
0x00007ff843970000 - 0x00007ff843995000 	C:\Program Files\Java\jdk-17\bin\java.dll

dbghelp: loaded successfully - version: 4.0.5 - missing functions: none
symbol engine: initialized successfully - sym options: 0x614 - pdb path: .;C:\Program Files\Java\jdk-17\bin;C:\Windows\SYSTEM32;C:\Windows\WinSxS\amd64_microsoft.windows.common-controls_6595b64144ccf1df_6.0.22621.4391_none_2715d37f73803e96;C:\Program Files\Java\jdk-17\bin\server

VM Arguments:
jvm_args: -Dcom.sun.management.jmxremote -Dcom.sun.management.jmxremote.port=54395 -Dcom.sun.management.jmxremote.authenticate=false -Dcom.sun.management.jmxremote.ssl=false -Dspring.jmx.enabled=true -Djava.rmi.server.hostname=localhost -Dspring.application.admin.enabled=true -Dspring.boot.project.name=inmojaen -XX:+ShowCodeDetailsInExceptionMessages -Dmanagement.endpoints.jmx.exposure.include=* 
java_command: com.iesvdc.project.inmojaen.InmojaenApplication
java_class_path (initial): C:\Users\leope\Desktop\Proyectos\inmojaen\inmojaen\target\classes;C:\Users\leope\.m2\repository\org\springframework\boot\spring-boot-starter-actuator\3.3.3\spring-boot-starter-actuator-3.3.3.jar;C:\Users\leope\.m2\repository\org\springframework\boot\spring-boot-starter\3.3.3\spring-boot-starter-3.3.3.jar;C:\Users\leope\.m2\repository\org\springframework\boot\spring-boot-starter-logging\3.3.3\spring-boot-starter-logging-3.3.3.jar;C:\Users\leope\.m2\repository\ch\qos\logback\logback-classic\1.5.7\logback-classic-1.5.7.jar;C:\Users\leope\.m2\repository\ch\qos\logback\logback-core\1.5.7\logback-core-1.5.7.jar;C:\Users\leope\.m2\repository\org\apache\logging\log4j\log4j-to-slf4j\2.23.1\log4j-to-slf4j-2.23.1.jar;C:\Users\leope\.m2\repository\org\apache\logging\log4j\log4j-api\2.23.1\log4j-api-2.23.1.jar;C:\Users\leope\.m2\repository\org\slf4j\jul-to-slf4j\2.0.16\jul-to-slf4j-2.0.16.jar;C:\Users\leope\.m2\repository\jakarta\annotation\jakarta.annotation-api\2.1.1\jakarta.annotation-api-2.1.1.jar;C:\Users\leope\.m2\repository\org\yaml\snakeyaml\2.2\snakeyaml-2.2.jar;C:\Users\leope\.m2\repository\org\springframework\boot\spring-boot-actuator-autoconfigure\3.3.3\spring-boot-actuator-autoconfigure-3.3.3.jar;C:\Users\leope\.m2\repository\org\springframework\boot\spring-boot-actuator\3.3.3\spring-boot-actuator-3.3.3.jar;C:\Users\leope\.m2\repository\com\fasterxml\jackson\core\jackson-databind\2.17.2\jackson-databind-2.17.2.jar;C:\Users\leope\.m2\repository\com\fasterxml\jackson\core\jackson-annotations\2.17.2\jackson-annotations-2.17.2.jar;C:\Users\leope\.m2\repository\com\fasterxml\jackson\core\jackson-core\2.17.2\jackson-core-2.17.2.jar;C:\Users\leope\.m2\repository\com\fasterxml\jackson\datatype\jackson-datatype-jsr310\2.17.2\jackson-datatype-jsr310-2.17.2.jar;C:\Users\leope\.m2\repository\io\micrometer\micrometer-observation\1.13.3\micrometer-observation-1.13.3.jar;C:\Users\leope\.m2\repository\io\micrometer\micrometer-commons\1.13.3\micrometer-c
Launcher Type: SUN_STANDARD

[Global flags]
     intx CICompilerCount                          = 12                                        {product} {ergonomic}
     uint ConcGCThreads                            = 3                                         {product} {ergonomic}
     uint G1ConcRefinementThreads                  = 13                                        {product} {ergonomic}
   size_t G1HeapRegionSize                         = 2097152                                   {product} {ergonomic}
    uintx GCDrainStackTargetSize                   = 64                                        {product} {ergonomic}
   size_t InitialHeapSize                          = 266338304                                 {product} {ergonomic}
     bool ManagementServer                         = true                                      {product} {command line}
   size_t MarkStackSize                            = 4194304                                   {product} {ergonomic}
   size_t MaxHeapSize                              = 4257218560                                {product} {ergonomic}
   size_t MinHeapDeltaBytes                        = 2097152                                   {product} {ergonomic}
   size_t MinHeapSize                              = 8388608                                   {product} {ergonomic}
    uintx NonNMethodCodeHeapSize                   = 7602480                                {pd product} {ergonomic}
    uintx NonProfiledCodeHeapSize                  = 122027880                              {pd product} {ergonomic}
    uintx ProfiledCodeHeapSize                     = 122027880                              {pd product} {ergonomic}
    uintx ReservedCodeCacheSize                    = 251658240                              {pd product} {ergonomic}
     bool SegmentedCodeCache                       = true                                      {product} {ergonomic}
     bool ShowCodeDetailsInExceptionMessages       = true                                   {manageable} {command line}
   size_t SoftMaxHeapSize                          = 4257218560                             {manageable} {ergonomic}
     bool UseCompressedClassPointers               = true                           {product lp64_product} {ergonomic}
     bool UseCompressedOops                        = true                           {product lp64_product} {ergonomic}
     bool UseG1GC                                  = true                                      {product} {ergonomic}
     bool UseLargePagesIndividualAllocation        = false                                  {pd product} {ergonomic}

Logging:
Log output configuration:
 #0: stdout all=warning uptime,level,tags
 #1: stderr all=off uptime,level,tags

Environment Variables:
JAVA_HOME=C:\Program Files\Java\jdk-17
PATH=C:\Program Files\Common Files\Oracle\Java\javapath;C:\Python311\Scripts\;C:\Python311\;C:\Windows\system32;C:\Windows;C:\Windows\System32\Wbem;C:\Windows\System32\WindowsPowerShell\v1.0\;C:\Windows\System32\OpenSSH\;C:\Program Files\NVIDIA Corporation\NVIDIA NvDLISR;C:\Program Files\Docker\Docker\resources\bin;C:\ProgramData\chocolatey\bin;C:\Program Files\Java\jdk-17\bin;C:\Users\leope\AppData\Roaming\nvm;C:\Program Files\nodejs;C:\Program Files\PuTTY\;C:\Program Files\Git\cmd;C:\ProgramData\ComposerSetup\bin;C:\Program Files\nodejs\;C:\Users\leope\scoop\shims;C:\Users\leope\AppData\Local\Microsoft\WindowsApps;C:\Users\leope\AppData\Local\Programs\Microsoft VS Code\bin;C:\Users\leope\AppData\Roaming\nvm;C:\Program Files\nodejs;C:\Dev\flutter\bin;C:\xampp\php;C:\Users\leope\AppData\Roaming\Composer\vendor\bin;C:\Users\leope\AppData\Roaming\npm
USERNAME=leope
LANG=es_ES.UTF-8
OS=Windows_NT
PROCESSOR_IDENTIFIER=AMD64 Family 25 Model 80 Stepping 0, AuthenticAMD



---------------  S Y S T E M  ---------------

OS:
 Windows 11 , 64 bit Build 22621 (10.0.22621.4391)
OS uptime: 19 days 13:12 hours
Hyper-V role detected

CPU: total 16 (initial active 16) (16 cores per cpu, 2 threads per core) family 25 model 80 stepping 0 microcode 0x0, cx8, cmov, fxsr, ht, mmx, 3dnowpref, sse, sse2, sse3, ssse3, sse4a, sse4.1, sse4.2, popcnt, lzcnt, tsc, tscinvbit, avx, avx2, aes, erms, clmul, bmi1, bmi2, adx, sha, fma, vzeroupper, clflush, clflushopt, hv

Memory: 4k page, system-wide physical 16236M (34M free)
TotalPageFile size 65388M (AvailPageFile size 9M)
current process WorkingSet (physical memory assigned to process): 11M, peak: 11M
current process commit charge ("private bytes"): 325M, peak: 329M

vm_info: Java HotSpot(TM) 64-Bit Server VM (17.0.9+11-LTS-201) for windows-amd64 JRE (17.0.9+11-LTS-201), built on Oct 10 2023 23:16:06 by "mach5one" with MS VC++ 17.1 (VS2022)

END.
