#
# There is insufficient memory for the Java Runtime Environment to continue.
# Native memory allocation (malloc) failed to allocate 1175520 bytes for Chunk::new
# Possible reasons:
#   The system is out of physical RAM or swap space
#   The process is running with CompressedOops enabled, and the Java Heap may be blocking the growth of the native heap
# Possible solutions:
#   Reduce memory load on the system
#   Increase physical memory or swap space
#   Check if swap backing store is full
#   Decrease Java heap size (-Xmx/-Xms)
#   Decrease number of Java threads
#   Decrease Java thread stack sizes (-Xss)
#   Set larger code cache with -XX:ReservedCodeCacheSize=
#   JVM is running with Zero Based Compressed Oops mode in which the Java heap is
#     placed in the first 32GB address space. The Java Heap base address is the
#     maximum limit for the native heap growth. Please use -XX:HeapBaseMinAddress
#     to set the Java Heap base and to place the Java Heap above 32GB virtual address.
# This output file may be truncated or incomplete.
#
#  Out of Memory Error (arena.cpp:189), pid=115844, tid=116056
#
# JRE version: Java(TM) SE Runtime Environment (17.0.9+11) (build 17.0.9+11-LTS-201)
# Java VM: Java HotSpot(TM) 64-Bit Server VM (17.0.9+11-LTS-201, mixed mode, sharing, tiered, compressed oops, compressed class ptrs, g1 gc, windows-amd64)
# No core dump will be written. Minidumps are not enabled by default on client versions of Windows
#

---------------  S U M M A R Y ------------

Command Line: -Dcom.sun.management.jmxremote -Dcom.sun.management.jmxremote.port=54395 -Dcom.sun.management.jmxremote.authenticate=false -Dcom.sun.management.jmxremote.ssl=false -Dspring.jmx.enabled=true -Djava.rmi.server.hostname=localhost -Dspring.application.admin.enabled=true -Dspring.boot.project.name=inmojaen -XX:+ShowCodeDetailsInExceptionMessages -Dmanagement.endpoints.jmx.exposure.include=* com.iesvdc.project.inmojaen.InmojaenApplication

Host: AMD Ryzen 7 5800H with Radeon Graphics         , 16 cores, 15G,  Windows 11 , 64 bit Build 22621 (10.0.22621.4391)
Time: Thu Dec  5 00:21:19 2024 Hora estándar romance elapsed time: 4.726376 seconds (0d 0h 0m 4s)

---------------  T H R E A D  ---------------

Current thread (0x00000231f7139730):  JavaThread "C2 CompilerThread0" daemon [_thread_in_native, id=116056, stack(0x000000a3dca00000,0x000000a3dcb00000)]


Current CompileTask:
C2:   4726 4276       4       java.net.URLStreamHandler::parseURL (1201 bytes)

Stack: [0x000000a3dca00000,0x000000a3dcb00000]
Native frames: (J=compiled Java code, j=interpreted, Vv=VM code, C=native code)
V  [jvm.dll+0x678a4a]
V  [jvm.dll+0x7d9cfd]
V  [jvm.dll+0x7db60e]
V  [jvm.dll+0x7dbc73]
V  [jvm.dll+0x245e1f]
V  [jvm.dll+0xaaafb]
V  [jvm.dll+0xab09c]
V  [jvm.dll+0x36237e]
V  [jvm.dll+0x1bbb3a]
V  [jvm.dll+0x218287]
V  [jvm.dll+0x217561]
V  [jvm.dll+0x1a3bc0]
V  [jvm.dll+0x2272de]
V  [jvm.dll+0x22548b]
V  [jvm.dll+0x78f58c]
V  [jvm.dll+0x78998a]
V  [jvm.dll+0x677875]
C  [ucrtbase.dll+0x29333]
C  [KERNEL32.DLL+0x1259d]
C  [ntdll.dll+0x5af38]


---------------  P R O C E S S  ---------------

Threads class SMR info:
_java_thread_list=0x00000231fadf7460, length=27, elements={
0x000002318c786040, 0x00000231b1bcb940, 0x00000231b1bcc7c0, 0x00000231b1bde950,
0x00000231f71356b0, 0x00000231f7138080, 0x00000231f7138a40, 0x00000231f7139730,
0x00000231f7145c80, 0x00000231f7152300, 0x00000231f724d040, 0x00000231f72bda10,
0x00000231f78c1d20, 0x00000231f786b740, 0x00000231f78a6760, 0x00000231f835b580,
0x00000231f837bec0, 0x00000231f837e430, 0x00000231f837e940, 0x00000231f837ee50,
0x00000231f837f360, 0x00000231f9c18610, 0x00000231f9c18b20, 0x00000231f9c15d90,
0x00000231f9c13a20, 0x00000231f9c14440, 0x00000231f9c125e0
}

Java Threads: ( => current thread )
  0x000002318c786040 JavaThread "main" [_thread_blocked, id=116656, stack(0x000000a3dbd00000,0x000000a3dbe00000)]
  0x00000231b1bcb940 JavaThread "Reference Handler" daemon [_thread_blocked, id=110240, stack(0x000000a3dc400000,0x000000a3dc500000)]
  0x00000231b1bcc7c0 JavaThread "Finalizer" daemon [_thread_blocked, id=27168, stack(0x000000a3dc500000,0x000000a3dc600000)]
  0x00000231b1bde950 JavaThread "Signal Dispatcher" daemon [_thread_blocked, id=116428, stack(0x000000a3dc600000,0x000000a3dc700000)]
  0x00000231f71356b0 JavaThread "Attach Listener" daemon [_thread_blocked, id=110160, stack(0x000000a3dc700000,0x000000a3dc800000)]
  0x00000231f7138080 JavaThread "Service Thread" daemon [_thread_blocked, id=116696, stack(0x000000a3dc800000,0x000000a3dc900000)]
  0x00000231f7138a40 JavaThread "Monitor Deflation Thread" daemon [_thread_blocked, id=116124, stack(0x000000a3dc900000,0x000000a3dca00000)]
=>0x00000231f7139730 JavaThread "C2 CompilerThread0" daemon [_thread_in_native, id=116056, stack(0x000000a3dca00000,0x000000a3dcb00000)]
  0x00000231f7145c80 JavaThread "C1 CompilerThread0" daemon [_thread_blocked, id=110052, stack(0x000000a3dcb00000,0x000000a3dcc00000)]
  0x00000231f7152300 JavaThread "Sweeper thread" daemon [_thread_blocked, id=116348, stack(0x000000a3dcc00000,0x000000a3dcd00000)]
  0x00000231f724d040 JavaThread "Common-Cleaner" daemon [_thread_blocked, id=113372, stack(0x000000a3dcd00000,0x000000a3dce00000)]
  0x00000231f72bda10 JavaThread "Notification Thread" daemon [_thread_blocked, id=115648, stack(0x000000a3dce00000,0x000000a3dcf00000)]
  0x00000231f78c1d20 JavaThread "RMI TCP Accept-0" daemon [_thread_in_native, id=34480, stack(0x000000a3dcf00000,0x000000a3dd000000)]
  0x00000231f786b740 JavaThread "RMI TCP Accept-54395" daemon [_thread_in_native, id=97040, stack(0x000000a3dd000000,0x000000a3dd100000)]
  0x00000231f78a6760 JavaThread "RMI TCP Accept-0" daemon [_thread_in_native, id=114324, stack(0x000000a3dd100000,0x000000a3dd200000)]
  0x00000231f835b580 JavaThread "Thread-0" [_thread_blocked, id=9988, stack(0x000000a3dda00000,0x000000a3ddb00000)]
  0x00000231f837bec0 JavaThread "restartedMain" [_thread_in_vm, id=30228, stack(0x000000a3ddb00000,0x000000a3ddc00000)]
  0x00000231f837e430 JavaThread "RMI TCP Connection(1)-127.0.0.1" daemon [_thread_in_native, id=34528, stack(0x000000a3ddc00000,0x000000a3ddd00000)]
  0x00000231f837e940 JavaThread "RMI Scheduler(0)" daemon [_thread_blocked, id=33740, stack(0x000000a3ddd00000,0x000000a3dde00000)]
  0x00000231f837ee50 JavaThread "RMI TCP Connection(2)-127.0.0.1" daemon [_thread_in_native, id=85948, stack(0x000000a3dde00000,0x000000a3ddf00000)]
  0x00000231f837f360 JavaThread "JMX server connection timeout 33" daemon [_thread_blocked, id=32160, stack(0x000000a3ddf00000,0x000000a3de000000)]
  0x00000231f9c18610 JavaThread "Catalina-utility-1" [_thread_blocked, id=115800, stack(0x000000a3de700000,0x000000a3de800000)]
  0x00000231f9c18b20 JavaThread "Catalina-utility-2" [_thread_blocked, id=116728, stack(0x000000a3de800000,0x000000a3de900000)]
  0x00000231f9c15d90 JavaThread "container-0" [_thread_blocked, id=114520, stack(0x000000a3de900000,0x000000a3dea00000)]
  0x00000231f9c13a20 JavaThread "mysql-cj-abandoned-connection-cleanup" daemon [_thread_blocked, id=113224, stack(0x000000a3dea00000,0x000000a3deb00000)]
  0x00000231f9c14440 JavaThread "HikariPool-1 housekeeper" daemon [_thread_blocked, id=109852, stack(0x000000a3dec00000,0x000000a3ded00000)]
  0x00000231f9c125e0 JavaThread "HikariPool-1 connection adder" daemon [_thread_in_native, id=111184, stack(0x000000a3ded00000,0x000000a3dee00000)]

Other Threads:
  0x00000231b1bc4d20 VMThread "VM Thread" [stack: 0x000000a3dc300000,0x000000a3dc400000] [id=28640]
  0x000002318c786ec0 WatcherThread [stack: 0x000000a3dd200000,0x000000a3dd300000] [id=111192]
  0x000002318c7fd0d0 GCTaskThread "GC Thread#0" [stack: 0x000000a3dbe00000,0x000000a3dbf00000] [id=115980]
  0x00000231f7ca9820 GCTaskThread "GC Thread#1" [stack: 0x000000a3dd300000,0x000000a3dd400000] [id=97644]
  0x00000231f7ca9ae0 GCTaskThread "GC Thread#2" [stack: 0x000000a3dd400000,0x000000a3dd500000] [id=111232]
  0x00000231f7d0d0a0 GCTaskThread "GC Thread#3" [stack: 0x000000a3dd500000,0x000000a3dd600000] [id=115828]
  0x00000231f7d0d360 GCTaskThread "GC Thread#4" [stack: 0x000000a3dd600000,0x000000a3dd700000] [id=116016]
  0x00000231f8207170 GCTaskThread "GC Thread#5" [stack: 0x000000a3dd700000,0x000000a3dd800000] [id=27532]
  0x00000231f7d18480 GCTaskThread "GC Thread#6" [stack: 0x000000a3dd800000,0x000000a3dd900000] [id=112980]
  0x00000231f7d18740 GCTaskThread "GC Thread#7" [stack: 0x000000a3dd900000,0x000000a3dda00000] [id=115464]
  0x00000231f8453c40 GCTaskThread "GC Thread#8" [stack: 0x000000a3de000000,0x000000a3de100000] [id=115808]
  0x00000231f864e1c0 GCTaskThread "GC Thread#9" [stack: 0x000000a3de100000,0x000000a3de200000] [id=114892]
  0x00000231f877c460 GCTaskThread "GC Thread#10" [stack: 0x000000a3de200000,0x000000a3de300000] [id=22084]
  0x00000231f8938b30 GCTaskThread "GC Thread#11" [stack: 0x000000a3de300000,0x000000a3de400000] [id=35920]
  0x00000231f88970b0 GCTaskThread "GC Thread#12" [stack: 0x000000a3de400000,0x000000a3de500000] [id=36704]
  0x000002318c80dde0 ConcurrentGCThread "G1 Main Marker" [stack: 0x000000a3dbf00000,0x000000a3dc000000] [id=110388]
  0x000002318c80e7f0 ConcurrentGCThread "G1 Conc#0" [stack: 0x000000a3dc000000,0x000000a3dc100000] [id=23088]
  0x00000231f88a1ce0 ConcurrentGCThread "G1 Conc#1" [stack: 0x000000a3de500000,0x000000a3de600000] [id=30312]
  0x00000231f88a1fa0 ConcurrentGCThread "G1 Conc#2" [stack: 0x000000a3de600000,0x000000a3de700000] [id=111868]
  0x00000231b1a829c0 ConcurrentGCThread "G1 Refine#0" [stack: 0x000000a3dc100000,0x000000a3dc200000] [id=5588]
  0x00000231b1a84310 ConcurrentGCThread "G1 Service" [stack: 0x000000a3dc200000,0x000000a3dc300000] [id=114716]

Threads with active compile tasks:
C2 CompilerThread0     4754 4276       4       java.net.URLStreamHandler::parseURL (1201 bytes)

VM state: not at safepoint (normal execution)

VM Mutex/Monitor currently owned by a thread: None

Heap address: 0x0000000702400000, size: 4060 MB, Compressed Oops mode: Zero based, Oop shift amount: 3

CDS archive(s) mapped at: [0x00000231b2000000-0x00000231b2bd0000-0x00000231b2bd0000), size 12386304, SharedBaseAddress: 0x00000231b2000000, ArchiveRelocationMode: 1.
Compressed class space mapped at: 0x00000231b3000000-0x00000231f3000000, reserved size: 1073741824
Narrow klass base: 0x00000231b2000000, Narrow klass shift: 0, Narrow klass range: 0x100000000

GC Precious Log:
 CPUs: 16 total, 16 available
 Memory: 16236M
 Large Page Support: Disabled
 NUMA Support: Disabled
 Compressed Oops: Enabled (Zero based)
 Heap Region Size: 2M
 Heap Min Capacity: 8M
 Heap Initial Capacity: 254M
 Heap Max Capacity: 4060M
 Pre-touch: Disabled
 Parallel Workers: 13
 Concurrent Workers: 3
 Concurrent Refinement Workers: 13
 Periodic GC: Disabled

Heap:
 garbage-first heap   total 90112K, used 55333K [0x0000000702400000, 0x0000000800000000)
  region size 2048K, 18 young (36864K), 2 survivors (4096K)
 Metaspace       used 51609K, committed 52096K, reserved 1114112K
  class space    used 6677K, committed 6912K, reserved 1048576K

Heap Regions: E=young(eden), S=young(survivor), O=old, HS=humongous(starts), HC=humongous(continues), CS=collection set, F=free, OA=open archive, CA=closed archive, TAMS=top-at-mark-start (previous, next)
|   0|0x0000000702400000, 0x0000000702600000, 0x0000000702600000|100%| O|  |TAMS 0x0000000702600000, 0x0000000702400000| Untracked 
|   1|0x0000000702600000, 0x0000000702800000, 0x0000000702800000|100%| O|  |TAMS 0x0000000702800000, 0x0000000702600000| Untracked 
|   2|0x0000000702800000, 0x0000000702a00000, 0x0000000702a00000|100%| O|  |TAMS 0x0000000702a00000, 0x0000000702800000| Untracked 
|   3|0x0000000702a00000, 0x0000000702c00000, 0x0000000702c00000|100%| O|  |TAMS 0x0000000702a00000, 0x0000000702a00000| Untracked 
|   4|0x0000000702c00000, 0x0000000702e00000, 0x0000000702e00000|100%| O|  |TAMS 0x0000000702e00000, 0x0000000702c00000| Untracked 
|   5|0x0000000702e00000, 0x0000000703000000, 0x0000000703000000|100%| O|  |TAMS 0x0000000703000000, 0x0000000702e00000| Untracked 
|   6|0x0000000703000000, 0x0000000703200000, 0x0000000703200000|100%| O|  |TAMS 0x0000000703200000, 0x0000000703000000| Untracked 
|   7|0x0000000703200000, 0x0000000703400000, 0x0000000703400000|100%| O|  |TAMS 0x0000000703400000, 0x0000000703200000| Untracked 
|   8|0x0000000703400000, 0x00000007034f7a00, 0x0000000703600000| 48%| O|  |TAMS 0x00000007034f7a00, 0x0000000703400000| Untracked 
|   9|0x0000000703600000, 0x0000000703800000, 0x0000000703800000|100%| O|  |TAMS 0x0000000703600000, 0x0000000703600000| Untracked 
|  10|0x0000000703800000, 0x0000000703a00000, 0x0000000703a00000|100%| O|  |TAMS 0x0000000703800000, 0x0000000703800000| Untracked 
|  11|0x0000000703a00000, 0x0000000703a50600, 0x0000000703c00000| 15%| O|  |TAMS 0x0000000703a00000, 0x0000000703a00000| Untracked 
|  12|0x0000000703c00000, 0x0000000703c00000, 0x0000000703e00000|  0%| F|  |TAMS 0x0000000703c00000, 0x0000000703c00000| Untracked 
|  13|0x0000000703e00000, 0x0000000703e00000, 0x0000000704000000|  0%| F|  |TAMS 0x0000000703e00000, 0x0000000703e00000| Untracked 
|  14|0x0000000704000000, 0x0000000704000000, 0x0000000704200000|  0%| F|  |TAMS 0x0000000704000000, 0x0000000704000000| Untracked 
|  15|0x0000000704200000, 0x0000000704200000, 0x0000000704400000|  0%| F|  |TAMS 0x0000000704200000, 0x0000000704200000| Untracked 
|  16|0x0000000704400000, 0x00000007044c15c0, 0x0000000704600000| 37%| S|CS|TAMS 0x0000000704400000, 0x0000000704400000| Complete 
|  17|0x0000000704600000, 0x0000000704800000, 0x0000000704800000|100%| S|CS|TAMS 0x0000000704600000, 0x0000000704600000| Complete 
|  18|0x0000000704800000, 0x0000000704800000, 0x0000000704a00000|  0%| F|  |TAMS 0x0000000704800000, 0x0000000704800000| Untracked 
|  19|0x0000000704a00000, 0x0000000704a00000, 0x0000000704c00000|  0%| F|  |TAMS 0x0000000704a00000, 0x0000000704a00000| Untracked 
|  20|0x0000000704c00000, 0x0000000704c00000, 0x0000000704e00000|  0%| F|  |TAMS 0x0000000704c00000, 0x0000000704c00000| Untracked 
|  21|0x0000000704e00000, 0x0000000704e00000, 0x0000000705000000|  0%| F|  |TAMS 0x0000000704e00000, 0x0000000704e00000| Untracked 
|  22|0x0000000705000000, 0x0000000705000000, 0x0000000705200000|  0%| F|  |TAMS 0x0000000705000000, 0x0000000705000000| Untracked 
|  23|0x0000000705200000, 0x0000000705200000, 0x0000000705400000|  0%| F|  |TAMS 0x0000000705200000, 0x0000000705200000| Untracked 
|  24|0x0000000705400000, 0x0000000705400000, 0x0000000705600000|  0%| F|  |TAMS 0x0000000705400000, 0x0000000705400000| Untracked 
|  25|0x0000000705600000, 0x0000000705600000, 0x0000000705800000|  0%| F|  |TAMS 0x0000000705600000, 0x0000000705600000| Untracked 
|  26|0x0000000705800000, 0x0000000705800000, 0x0000000705a00000|  0%| F|  |TAMS 0x0000000705800000, 0x0000000705800000| Untracked 
|  27|0x0000000705a00000, 0x0000000705a00000, 0x0000000705c00000|  0%| F|  |TAMS 0x0000000705a00000, 0x0000000705a00000| Untracked 
|  28|0x0000000705c00000, 0x0000000705e00000, 0x0000000705e00000|100%| E|  |TAMS 0x0000000705c00000, 0x0000000705c00000| Complete 
|  29|0x0000000705e00000, 0x0000000706000000, 0x0000000706000000|100%| E|CS|TAMS 0x0000000705e00000, 0x0000000705e00000| Complete 
|  30|0x0000000706000000, 0x0000000706200000, 0x0000000706200000|100%| E|CS|TAMS 0x0000000706000000, 0x0000000706000000| Complete 
|  31|0x0000000706200000, 0x0000000706400000, 0x0000000706400000|100%| E|CS|TAMS 0x0000000706200000, 0x0000000706200000| Complete 
|  32|0x0000000706400000, 0x0000000706600000, 0x0000000706600000|100%| E|CS|TAMS 0x0000000706400000, 0x0000000706400000| Complete 
|  33|0x0000000706600000, 0x0000000706800000, 0x0000000706800000|100%| E|CS|TAMS 0x0000000706600000, 0x0000000706600000| Complete 
|  34|0x0000000706800000, 0x0000000706a00000, 0x0000000706a00000|100%| E|CS|TAMS 0x0000000706800000, 0x0000000706800000| Complete 
|  35|0x0000000706a00000, 0x0000000706c00000, 0x0000000706c00000|100%| E|CS|TAMS 0x0000000706a00000, 0x0000000706a00000| Complete 
|  36|0x0000000706c00000, 0x0000000706e00000, 0x0000000706e00000|100%| E|CS|TAMS 0x0000000706c00000, 0x0000000706c00000| Complete 
|  37|0x0000000706e00000, 0x0000000707000000, 0x0000000707000000|100%| E|CS|TAMS 0x0000000706e00000, 0x0000000706e00000| Complete 
|  38|0x0000000707000000, 0x0000000707200000, 0x0000000707200000|100%| E|CS|TAMS 0x0000000707000000, 0x0000000707000000| Complete 
|  39|0x0000000707200000, 0x0000000707400000, 0x0000000707400000|100%| E|CS|TAMS 0x0000000707200000, 0x0000000707200000| Complete 
|  40|0x0000000707400000, 0x0000000707600000, 0x0000000707600000|100%| E|CS|TAMS 0x0000000707400000, 0x0000000707400000| Complete 
|  41|0x0000000707600000, 0x0000000707800000, 0x0000000707800000|100%| E|CS|TAMS 0x0000000707600000, 0x0000000707600000| Complete 
|  42|0x0000000707800000, 0x0000000707a00000, 0x0000000707a00000|100%| E|CS|TAMS 0x0000000707800000, 0x0000000707800000| Complete 
| 126|0x0000000712000000, 0x0000000712200000, 0x0000000712200000|100%| E|CS|TAMS 0x0000000712000000, 0x0000000712000000| Complete 

Card table byte_map: [0x00000231a5fb0000,0x00000231a67a0000] _byte_map_base: 0x00000231a279e000

Marking Bits (Prev, Next): (CMBitMap*) 0x000002318c7fd6f0, (CMBitMap*) 0x000002318c7fd730
 Prev Bits: [0x00000231a6f90000, 0x00000231aaf00000)
 Next Bits: [0x00000231aaf00000, 0x00000231aee70000)

Polling page: 0x000002318c840000

Metaspace:

Usage:
  Non-class:     43.89 MB used.
      Class:      6.52 MB used.
       Both:     50.41 MB used.

Virtual space:
  Non-class space:       64.00 MB reserved,      44.19 MB ( 69%) committed,  1 nodes.
      Class space:        1.00 GB reserved,       6.75 MB ( <1%) committed,  1 nodes.
             Both:        1.06 GB reserved,      50.94 MB (  5%) committed. 

Chunk freelists:
   Non-Class:  3.48 MB
       Class:  9.10 MB
        Both:  12.58 MB

MaxMetaspaceSize: unlimited
CompressedClassSpaceSize: 1.00 GB
Initial GC threshold: 21.00 MB
Current GC threshold: 58.75 MB
CDS: on
MetaspaceReclaimPolicy: balanced
 - commit_granule_bytes: 65536.
 - commit_granule_words: 8192.
 - virtual_space_node_default_size: 8388608.
 - enlarge_chunks_in_place: 1.
 - new_chunks_are_fully_committed: 0.
 - uncommit_free_chunks: 1.
 - use_allocation_guard: 0.
 - handle_deallocations: 1.


Internal statistics:

num_allocs_failed_limit: 6.
num_arena_births: 678.
num_arena_deaths: 0.
num_vsnodes_births: 2.
num_vsnodes_deaths: 0.
num_space_committed: 815.
num_space_uncommitted: 0.
num_chunks_returned_to_freelist: 6.
num_chunks_taken_from_freelist: 2418.
num_chunk_merges: 6.
num_chunk_splits: 1694.
num_chunks_enlarged: 1253.
num_inconsistent_stats: 0.

CodeHeap 'non-profiled nmethods': size=119168Kb used=2277Kb max_used=2277Kb free=116890Kb
 bounds [0x000002319d380000, 0x000002319d5f0000, 0x00000231a47e0000]
CodeHeap 'profiled nmethods': size=119104Kb used=11501Kb max_used=11501Kb free=107602Kb
 bounds [0x00000231957e0000, 0x0000023196320000, 0x000002319cc30000]
CodeHeap 'non-nmethods': size=7488Kb used=1295Kb max_used=1338Kb free=6192Kb
 bounds [0x000002319cc30000, 0x000002319cea0000, 0x000002319d380000]
 total_blobs=6105 nmethods=5490 adapters=527
 compilation: enabled
              stopped_count=0, restarted_count=0
 full_count=0

Compilation events (20 events):
Event: 4.721 Thread 0x00000231f7145c80 nmethod 5506 0x0000023196303090 code [0x0000023196303220, 0x00000231963033d8]
Event: 4.721 Thread 0x00000231f7145c80 5507       2       java.util.EnumMap::unmaskNull (13 bytes)
Event: 4.721 Thread 0x00000231f7145c80 nmethod 5507 0x0000023196303490 code [0x0000023196303620, 0x0000023196303738]
Event: 4.721 Thread 0x00000231f7145c80 5508       1       java.security.AlgorithmParameters::getAlgorithm (5 bytes)
Event: 4.721 Thread 0x00000231f7145c80 nmethod 5508 0x000002319d5b8690 code [0x000002319d5b8820, 0x000002319d5b88f8]
Event: 4.721 Thread 0x00000231f7145c80 5509       2       sun.security.ssl.Record::verifyLength (19 bytes)
Event: 4.721 Thread 0x00000231f7145c80 nmethod 5509 0x0000023196303810 code [0x00000231963039c0, 0x0000023196303b88]
Event: 4.721 Thread 0x00000231f7145c80 5510       2       java.math.BigInteger::longValue (32 bytes)
Event: 4.722 Thread 0x00000231f7145c80 nmethod 5510 0x0000023196303c90 code [0x0000023196303e40, 0x0000023196304008]
Event: 4.722 Thread 0x00000231f7145c80 5511       2       java.math.MutableBigInteger::clear (37 bytes)
Event: 4.722 Thread 0x00000231f7145c80 nmethod 5511 0x0000023196304110 code [0x00000231963042a0, 0x0000023196304438]
Event: 4.722 Thread 0x00000231f7145c80 5512       2       sun.security.ec.XECOperations::bitAt (23 bytes)
Event: 4.722 Thread 0x00000231f7145c80 nmethod 5512 0x0000023196304510 code [0x00000231963046a0, 0x0000023196304838]
Event: 4.722 Thread 0x00000231f7145c80 5515       3       sun.security.util.math.intpoly.IntegerPolynomial25519::mult (943 bytes)
Event: 4.722 Thread 0x00000231f7145c80 nmethod 5515 0x0000023196304990 code [0x0000023196304b60, 0x00000231963058a8]
Event: 4.722 Thread 0x00000231f7145c80 5516       3       sun.security.util.math.intpoly.IntegerPolynomial25519::square (613 bytes)
Event: 4.723 Thread 0x00000231f7145c80 nmethod 5516 0x0000023196305c10 code [0x0000023196305dc0, 0x0000023196306648]
Event: 4.723 Thread 0x00000231f7145c80 5522       3       sun.security.util.math.intpoly.IntegerPolynomial$MutableElement::setReduced (5 bytes)
Event: 4.723 Thread 0x00000231f7145c80 nmethod 5522 0x0000023196306890 code [0x0000023196306a40, 0x0000023196306ca8]
Event: 4.723 Thread 0x00000231f7145c80 5518       2       java.math.MutableBigInteger::divideOneWord (332 bytes)

GC Heap History (16 events):
Event: 0.513 GC heap before
{Heap before GC invocations=0 (full 0):
 garbage-first heap   total 260096K, used 20480K [0x0000000702400000, 0x0000000800000000)
  region size 2048K, 11 young (22528K), 0 survivors (0K)
 Metaspace       used 7486K, committed 7680K, reserved 1114112K
  class space    used 852K, committed 960K, reserved 1048576K
}
Event: 0.517 GC heap after
{Heap after GC invocations=1 (full 0):
 garbage-first heap   total 260096K, used 7972K [0x0000000702400000, 0x0000000800000000)
  region size 2048K, 2 young (4096K), 2 survivors (4096K)
 Metaspace       used 7486K, committed 7680K, reserved 1114112K
  class space    used 852K, committed 960K, reserved 1048576K
}
Event: 0.797 GC heap before
{Heap before GC invocations=1 (full 0):
 garbage-first heap   total 260096K, used 30500K [0x0000000702400000, 0x0000000800000000)
  region size 2048K, 13 young (26624K), 2 survivors (4096K)
 Metaspace       used 12056K, committed 12352K, reserved 1114112K
  class space    used 1491K, committed 1600K, reserved 1048576K
}
Event: 0.800 GC heap after
{Heap after GC invocations=2 (full 0):
 garbage-first heap   total 260096K, used 9603K [0x0000000702400000, 0x0000000800000000)
  region size 2048K, 1 young (2048K), 1 survivors (2048K)
 Metaspace       used 12056K, committed 12352K, reserved 1114112K
  class space    used 1491K, committed 1600K, reserved 1048576K
}
Event: 1.161 GC heap before
{Heap before GC invocations=2 (full 0):
 garbage-first heap   total 260096K, used 52611K [0x0000000702400000, 0x0000000800000000)
  region size 2048K, 23 young (47104K), 1 survivors (2048K)
 Metaspace       used 21233K, committed 21504K, reserved 1114112K
  class space    used 2589K, committed 2752K, reserved 1048576K
}
Event: 1.164 GC heap after
{Heap after GC invocations=3 (full 0):
 garbage-first heap   total 260096K, used 13084K [0x0000000702400000, 0x0000000800000000)
  region size 2048K, 3 young (6144K), 3 survivors (6144K)
 Metaspace       used 21233K, committed 21504K, reserved 1114112K
  class space    used 2589K, committed 2752K, reserved 1048576K
}
Event: 1.554 GC heap before
{Heap before GC invocations=4 (full 0):
 garbage-first heap   total 55296K, used 39708K [0x0000000702400000, 0x0000000800000000)
  region size 2048K, 16 young (32768K), 3 survivors (6144K)
 Metaspace       used 22870K, committed 23232K, reserved 1114112K
  class space    used 2798K, committed 2944K, reserved 1048576K
}
Event: 1.559 GC heap after
{Heap after GC invocations=5 (full 0):
 garbage-first heap   total 55296K, used 15673K [0x0000000702400000, 0x0000000800000000)
  region size 2048K, 2 young (4096K), 2 survivors (4096K)
 Metaspace       used 22870K, committed 23232K, reserved 1114112K
  class space    used 2798K, committed 2944K, reserved 1048576K
}
Event: 1.585 GC heap before
{Heap before GC invocations=5 (full 0):
 garbage-first heap   total 55296K, used 17721K [0x0000000702400000, 0x0000000800000000)
  region size 2048K, 3 young (6144K), 2 survivors (4096K)
 Metaspace       used 22936K, committed 23296K, reserved 1114112K
  class space    used 2807K, committed 3008K, reserved 1048576K
}
Event: 1.589 GC heap after
{Heap after GC invocations=6 (full 0):
 garbage-first heap   total 55296K, used 15866K [0x0000000702400000, 0x0000000800000000)
  region size 2048K, 1 young (2048K), 1 survivors (2048K)
 Metaspace       used 22936K, committed 23296K, reserved 1114112K
  class space    used 2807K, committed 3008K, reserved 1048576K
}
Event: 1.855 GC heap before
{Heap before GC invocations=6 (full 0):
 garbage-first heap   total 55296K, used 34298K [0x0000000702400000, 0x0000000800000000)
  region size 2048K, 10 young (20480K), 1 survivors (2048K)
 Metaspace       used 25105K, committed 25472K, reserved 1114112K
  class space    used 3109K, committed 3264K, reserved 1048576K
}
Event: 1.857 GC heap after
{Heap after GC invocations=7 (full 0):
 garbage-first heap   total 157696K, used 16847K [0x0000000702400000, 0x0000000800000000)
  region size 2048K, 1 young (2048K), 1 survivors (2048K)
 Metaspace       used 25105K, committed 25472K, reserved 1114112K
  class space    used 3109K, committed 3264K, reserved 1048576K
}
Event: 2.921 GC heap before
{Heap before GC invocations=7 (full 0):
 garbage-first heap   total 157696K, used 84431K [0x0000000702400000, 0x0000000800000000)
  region size 2048K, 35 young (71680K), 1 survivors (2048K)
 Metaspace       used 35584K, committed 35968K, reserved 1114112K
  class space    used 4468K, committed 4672K, reserved 1048576K
}
Event: 2.927 GC heap after
{Heap after GC invocations=8 (full 0):
 garbage-first heap   total 157696K, used 22072K [0x0000000702400000, 0x0000000800000000)
  region size 2048K, 4 young (8192K), 4 survivors (8192K)
 Metaspace       used 35584K, committed 35968K, reserved 1114112K
  class space    used 4468K, committed 4672K, reserved 1048576K
}
Event: 3.641 GC heap before
{Heap before GC invocations=9 (full 0):
 garbage-first heap   total 90112K, used 67128K [0x0000000702400000, 0x0000000800000000)
  region size 2048K, 26 young (53248K), 4 survivors (8192K)
 Metaspace       used 41679K, committed 42112K, reserved 1114112K
  class space    used 5358K, committed 5568K, reserved 1048576K
}
Event: 3.646 GC heap after
{Heap after GC invocations=10 (full 0):
 garbage-first heap   total 90112K, used 24613K [0x0000000702400000, 0x0000000800000000)
  region size 2048K, 2 young (4096K), 2 survivors (4096K)
 Metaspace       used 41679K, committed 42112K, reserved 1114112K
  class space    used 5358K, committed 5568K, reserved 1048576K
}

Deoptimization events (20 events):
Event: 4.127 Thread 0x00000231f837bec0 Uncommon trap: trap_request=0xffffff45 fr.pc=0x000002319d3c90d4 relative=0x0000000000000134
Event: 4.127 Thread 0x00000231f837bec0 Uncommon trap: reason=unstable_if action=reinterpret pc=0x000002319d3c90d4 method=java.lang.AbstractStringBuilder.putStringAt(ILjava/lang/String;II)V @ 8 c2
Event: 4.127 Thread 0x00000231f837bec0 DEOPT PACKING pc=0x000002319d3c90d4 sp=0x000000a3ddbfba10
Event: 4.127 Thread 0x00000231f837bec0 DEOPT UNPACKING pc=0x000002319cc823a3 sp=0x000000a3ddbfb958 mode 2
Event: 4.127 Thread 0x00000231f837bec0 Uncommon trap: trap_request=0xffffff45 fr.pc=0x000002319d3c95dc relative=0x000000000000013c
Event: 4.127 Thread 0x00000231f837bec0 Uncommon trap: reason=unstable_if action=reinterpret pc=0x000002319d3c95dc method=java.lang.AbstractStringBuilder.putStringAt(ILjava/lang/String;II)V @ 8 c2
Event: 4.127 Thread 0x00000231f837bec0 DEOPT PACKING pc=0x000002319d3c95dc sp=0x000000a3ddbfb990
Event: 4.127 Thread 0x00000231f837bec0 DEOPT UNPACKING pc=0x000002319cc823a3 sp=0x000000a3ddbfb958 mode 2
Event: 4.168 Thread 0x00000231f837bec0 Uncommon trap: trap_request=0xffffff45 fr.pc=0x000002319d5074f4 relative=0x0000000000000a34
Event: 4.168 Thread 0x00000231f837bec0 Uncommon trap: reason=unstable_if action=reinterpret pc=0x000002319d5074f4 method=sun.net.util.IPAddressUtil.scan(Ljava/lang/String;JJ[C)I @ 14 c2
Event: 4.168 Thread 0x00000231f837bec0 DEOPT PACKING pc=0x000002319d5074f4 sp=0x000000a3ddbf9330
Event: 4.168 Thread 0x00000231f837bec0 DEOPT UNPACKING pc=0x000002319cc823a3 sp=0x000000a3ddbf91a0 mode 2
Event: 4.388 Thread 0x00000231f837bec0 Uncommon trap: trap_request=0xffffff45 fr.pc=0x000002319d4023a0 relative=0x0000000000000200
Event: 4.388 Thread 0x00000231f837bec0 Uncommon trap: reason=unstable_if action=reinterpret pc=0x000002319d4023a0 method=java.lang.invoke.VarHandle.getTypesAndInvokers()Ljava/lang/invoke/VarHandle$TypesAndInvokers; @ 6 c2
Event: 4.388 Thread 0x00000231f837bec0 DEOPT PACKING pc=0x000002319d4023a0 sp=0x000000a3ddbfc150
Event: 4.388 Thread 0x00000231f837bec0 DEOPT UNPACKING pc=0x000002319cc823a3 sp=0x000000a3ddbfc050 mode 2
Event: 4.393 Thread 0x00000231f837bec0 DEOPT PACKING pc=0x00000231962bdba3 sp=0x000000a3ddbfc1e0
Event: 4.393 Thread 0x00000231f837bec0 DEOPT UNPACKING pc=0x000002319cc82b43 sp=0x000000a3ddbfb698 mode 0
Event: 4.487 Thread 0x00000231f837bec0 DEOPT PACKING pc=0x00000231962e55a8 sp=0x000000a3ddbfc520
Event: 4.487 Thread 0x00000231f837bec0 DEOPT UNPACKING pc=0x000002319cc82b43 sp=0x000000a3ddbfb960 mode 0

Classes unloaded (0 events):
No events

Classes redefined (0 events):
No events

Internal exceptions (20 events):
Event: 3.827 Thread 0x00000231f837ee50 Exception <a 'java/lang/ClassNotFoundException'{0x00000007075beca8}: org/springframework/context/support/LiveBeansView> (0x00000007075beca8) 
thrown [s\open\src\hotspot\share\classfile\systemDictionary.cpp, line 256]
Event: 3.827 Thread 0x00000231f837ee50 Exception <a 'java/lang/ClassNotFoundException'{0x00000007075bf068}: org/springframework/context/support/LiveBeansView> (0x00000007075bf068) 
thrown [s\open\src\hotspot\share\classfile\systemDictionary.cpp, line 256]
Event: 3.827 Thread 0x00000231f837ee50 Exception <a 'java/lang/ClassNotFoundException'{0x00000007075bf420}: org/springframework/context/support/LiveBeansView> (0x00000007075bf420) 
thrown [s\open\src\hotspot\share\classfile\systemDictionary.cpp, line 256]
Event: 3.827 Thread 0x00000231f837ee50 Exception <a 'java/lang/ClassNotFoundException'{0x00000007075bf7d0}: org/springframework/context/support/LiveBeansView> (0x00000007075bf7d0) 
thrown [s\open\src\hotspot\share\classfile\systemDictionary.cpp, line 256]
Event: 3.827 Thread 0x00000231f837ee50 Exception <a 'java/lang/ClassNotFoundException'{0x00000007075bfb98}: org/springframework/context/support/LiveBeansView> (0x00000007075bfb98) 
thrown [s\open\src\hotspot\share\classfile\systemDictionary.cpp, line 256]
Event: 3.827 Thread 0x00000231f837ee50 Exception <a 'java/lang/ClassNotFoundException'{0x00000007075bff58}: org/springframework/context/support/LiveBeansView> (0x00000007075bff58) 
thrown [s\open\src\hotspot\share\classfile\systemDictionary.cpp, line 256]
Event: 3.827 Thread 0x00000231f837ee50 Exception <a 'java/lang/ClassNotFoundException'{0x00000007075c0318}: org/springframework/context/support/LiveBeansView> (0x00000007075c0318) 
thrown [s\open\src\hotspot\share\classfile\systemDictionary.cpp, line 256]
Event: 3.827 Thread 0x00000231f837ee50 Exception <a 'java/lang/ClassNotFoundException'{0x00000007075c06d8}: org/springframework/context/support/LiveBeansView> (0x00000007075c06d8) 
thrown [s\open\src\hotspot\share\classfile\systemDictionary.cpp, line 256]
Event: 3.827 Thread 0x00000231f837ee50 Exception <a 'java/lang/ClassNotFoundException'{0x00000007075c0a78}: org/springframework/context/support/LiveBeansView> (0x00000007075c0a78) 
thrown [s\open\src\hotspot\share\classfile\systemDictionary.cpp, line 256]
Event: 3.827 Thread 0x00000231f837ee50 Exception <a 'java/lang/ClassNotFoundException'{0x00000007075c0e30}: org/springframework/context/support/LiveBeansView> (0x00000007075c0e30) 
thrown [s\open\src\hotspot\share\classfile\systemDictionary.cpp, line 256]
Event: 3.827 Thread 0x00000231f837ee50 Exception <a 'java/lang/ClassNotFoundException'{0x00000007075c11d8}: org/springframework/context/support/LiveBeansView> (0x00000007075c11d8) 
thrown [s\open\src\hotspot\share\classfile\systemDictionary.cpp, line 256]
Event: 3.830 Thread 0x00000231f837ee50 Exception <a 'java/lang/ClassNotFoundException'{0x000000070720b340}: org/springframework/context/support/LiveBeansView> (0x000000070720b340) 
thrown [s\open\src\hotspot\share\classfile\systemDictionary.cpp, line 256]
Event: 3.830 Thread 0x00000231f837ee50 Exception <a 'java/lang/ClassNotFoundException'{0x000000070720b708}: org/springframework/context/support/LiveBeansView> (0x000000070720b708) 
thrown [s\open\src\hotspot\share\classfile\systemDictionary.cpp, line 256]
Event: 3.830 Thread 0x00000231f837ee50 Exception <a 'java/lang/ClassNotFoundException'{0x000000070720bab8}: org/springframework/context/support/LiveBeansView> (0x000000070720bab8) 
thrown [s\open\src\hotspot\share\classfile\systemDictionary.cpp, line 256]
Event: 3.830 Thread 0x00000231f837ee50 Exception <a 'java/lang/ClassNotFoundException'{0x000000070720be68}: org/springframework/context/support/LiveBeansView> (0x000000070720be68) 
thrown [s\open\src\hotspot\share\classfile\systemDictionary.cpp, line 256]
Event: 3.831 Thread 0x00000231f837ee50 Exception <a 'java/lang/reflect/InvocationTargetException'{0x000000070720f618}> (0x000000070720f618) 
thrown [s\open\src\hotspot\share\runtime\reflection.cpp, line 1121]
Event: 3.957 Thread 0x00000231f837bec0 Exception <a 'java/lang/NoSuchMethodError'{0x0000000706fddb48}: 'int java.lang.invoke.DirectMethodHandle$Holder.invokeStatic(java.lang.Object)'> (0x0000000706fddb48) 
thrown [s\open\src\hotspot\share\interpreter\linkResolver.cpp, line 759]
Event: 4.163 Thread 0x00000231f837bec0 Exception <a 'sun/nio/fs/WindowsException'{0x00000007063cdcd8}> (0x00000007063cdcd8) 
thrown [s\open\src\hotspot\share\prims\jni.cpp, line 516]
Event: 4.174 Thread 0x00000231f837bec0 Exception <a 'java/lang/NoSuchMethodError'{0x00000007063f0b68}: 'int java.lang.invoke.DirectMethodHandle$Holder.invokeStaticInit(java.lang.Object, java.lang.Object, java.lang.Object, java.lang.Object)'> (0x00000007063f0b68) 
thrown [s\open\src\hotspot\share\interpreter\linkResolver.cpp, line 759]
Event: 4.388 Thread 0x00000231f837bec0 Implicit null exception at 0x000002319d4021e8 to 0x000002319d402380

VM Operations (20 events):
Event: 3.253 Executing VM operation: HandshakeAllThreads
Event: 3.254 Executing VM operation: HandshakeAllThreads done
Event: 3.284 Executing VM operation: ICBufferFull
Event: 3.284 Executing VM operation: ICBufferFull done
Event: 3.297 Executing VM operation: HandshakeAllThreads
Event: 3.297 Executing VM operation: HandshakeAllThreads done
Event: 3.641 Executing VM operation: G1CollectForAllocation
Event: 3.646 Executing VM operation: G1CollectForAllocation done
Event: 4.123 Executing VM operation: HandshakeAllThreads
Event: 4.123 Executing VM operation: HandshakeAllThreads done
Event: 4.124 Executing VM operation: HandshakeAllThreads
Event: 4.124 Executing VM operation: HandshakeAllThreads done
Event: 4.164 Executing VM operation: HandshakeAllThreads
Event: 4.165 Executing VM operation: HandshakeAllThreads done
Event: 4.168 Executing VM operation: HandshakeAllThreads
Event: 4.168 Executing VM operation: HandshakeAllThreads done
Event: 4.241 Executing VM operation: HandshakeAllThreads
Event: 4.241 Executing VM operation: HandshakeAllThreads done
Event: 4.244 Executing VM operation: HandshakeAllThreads
Event: 4.244 Executing VM operation: HandshakeAllThreads done

Events (20 events):
Event: 4.440 loading class javax/security/auth/callback/Callback
Event: 4.440 loading class javax/security/auth/callback/Callback done
Event: 4.446 loading class sun/security/ssl/PostHandshakeContext
Event: 4.446 loading class sun/security/ssl/PostHandshakeContext done
Event: 4.447 loading class sun/security/ssl/NewSessionTicket$T13NewSessionTicketMessage
Event: 4.447 loading class sun/security/ssl/NewSessionTicket$NewSessionTicketMessage
Event: 4.447 loading class sun/security/ssl/NewSessionTicket$NewSessionTicketMessage done
Event: 4.447 loading class sun/security/ssl/NewSessionTicket$T13NewSessionTicketMessage done
Event: 4.581 Thread 0x00000231f9c14440 Thread added: 0x00000231f9c14440
Event: 4.583 loading class java/util/concurrent/ThreadPoolExecutor$CallerRunsPolicy
Event: 4.583 loading class java/util/concurrent/ThreadPoolExecutor$CallerRunsPolicy done
Event: 4.584 loading class java/util/concurrent/atomic/AtomicReferenceFieldUpdater
Event: 4.584 loading class java/util/concurrent/atomic/AtomicReferenceFieldUpdater done
Event: 4.584 loading class java/util/concurrent/atomic/AtomicReferenceFieldUpdater$AtomicReferenceFieldUpdaterImpl
Event: 4.585 loading class java/util/concurrent/atomic/AtomicReferenceFieldUpdater$AtomicReferenceFieldUpdaterImpl done
Event: 4.585 loading class java/util/concurrent/atomic/AtomicReferenceFieldUpdater$AtomicReferenceFieldUpdaterImpl$1
Event: 4.585 loading class java/util/concurrent/atomic/AtomicReferenceFieldUpdater$AtomicReferenceFieldUpdaterImpl$1 done
Event: 4.599 loading class java/util/TimerTask
Event: 4.599 loading class java/util/TimerTask done
Event: 4.698 Thread 0x00000231f9c125e0 Thread added: 0x00000231f9c125e0


Dynamic libraries:
0x00007ff6728e0000 - 0x00007ff6728f0000 	C:\Program Files\Java\jdk-17\bin\java.exe
0x00007ff850e50000 - 0x00007ff851067000 	C:\Windows\SYSTEM32\ntdll.dll
0x00007ff84fce0000 - 0x00007ff84fda4000 	C:\Windows\System32\KERNEL32.DLL
0x00007ff84e360000 - 0x00007ff84e719000 	C:\Windows\System32\KERNELBASE.dll
0x00007ff84e810000 - 0x00007ff84e921000 	C:\Windows\System32\ucrtbase.dll
0x00007ff843ac0000 - 0x00007ff843ad9000 	C:\Program Files\Java\jdk-17\bin\jli.dll
0x00007ff843aa0000 - 0x00007ff843abb000 	C:\Program Files\Java\jdk-17\bin\VCRUNTIME140.dll
0x00007ff84fea0000 - 0x00007ff84ff52000 	C:\Windows\System32\ADVAPI32.dll
0x00007ff850620000 - 0x00007ff8506c7000 	C:\Windows\System32\msvcrt.dll
0x00007ff84f0b0000 - 0x00007ff84f157000 	C:\Windows\System32\sechost.dll
0x00007ff84eb40000 - 0x00007ff84eb68000 	C:\Windows\System32\bcrypt.dll
0x00007ff84ff70000 - 0x00007ff850084000 	C:\Windows\System32\RPCRT4.dll
0x00007ff84f220000 - 0x00007ff84f3ce000 	C:\Windows\System32\USER32.dll
0x00007ff84eb10000 - 0x00007ff84eb36000 	C:\Windows\System32\win32u.dll
0x00007ff82e0d0000 - 0x00007ff82e362000 	C:\Windows\WinSxS\amd64_microsoft.windows.common-controls_6595b64144ccf1df_6.0.22621.4391_none_2715d37f73803e96\COMCTL32.dll
0x00007ff84eb70000 - 0x00007ff84eb99000 	C:\Windows\System32\GDI32.dll
0x00007ff84e9f0000 - 0x00007ff84eb0b000 	C:\Windows\System32\gdi32full.dll
0x00007ff84e150000 - 0x00007ff84e1ea000 	C:\Windows\System32\msvcp_win.dll
0x00007ff848f40000 - 0x00007ff848f4a000 	C:\Windows\SYSTEM32\VERSION.dll
0x00007ff8502c0000 - 0x00007ff8502f1000 	C:\Windows\System32\IMM32.DLL
0x00007ff84a2e0000 - 0x00007ff84a2ec000 	C:\Program Files\Java\jdk-17\bin\vcruntime140_1.dll
0x00007ff82ef10000 - 0x00007ff82ef9e000 	C:\Program Files\Java\jdk-17\bin\msvcp140.dll
0x00007fffeb8d0000 - 0x00007fffec4b1000 	C:\Program Files\Java\jdk-17\bin\server\jvm.dll
0x00007ff84ff60000 - 0x00007ff84ff68000 	C:\Windows\System32\PSAPI.DLL
0x00007ff8490a0000 - 0x00007ff8490a9000 	C:\Windows\SYSTEM32\WSOCK32.dll
0x00007ff848f70000 - 0x00007ff848fa4000 	C:\Windows\SYSTEM32\WINMM.dll
0x00007ff84f030000 - 0x00007ff84f0a1000 	C:\Windows\System32\WS2_32.dll
0x00007ff84d1a0000 - 0x00007ff84d1b8000 	C:\Windows\SYSTEM32\kernel.appcore.dll
0x00007ff848180000 - 0x00007ff84818a000 	C:\Program Files\Java\jdk-17\bin\jimage.dll
0x00007ff845940000 - 0x00007ff845b72000 	C:\Windows\SYSTEM32\DBGHELP.DLL
0x00007ff84eba0000 - 0x00007ff84ef2f000 	C:\Windows\System32\combase.dll
0x00007ff8501e0000 - 0x00007ff8502b7000 	C:\Windows\System32\OLEAUT32.dll
0x00007ff845870000 - 0x00007ff8458a2000 	C:\Windows\SYSTEM32\dbgcore.DLL
0x00007ff84e720000 - 0x00007ff84e79b000 	C:\Windows\System32\bcryptPrimitives.dll
0x00007ff843970000 - 0x00007ff843995000 	C:\Program Files\Java\jdk-17\bin\java.dll
0x00007ff827d90000 - 0x00007ff827e67000 	C:\Program Files\Java\jdk-17\bin\jsvml.dll
0x00007ff84f450000 - 0x00007ff84fcc6000 	C:\Windows\System32\SHELL32.dll
0x00007ff84c040000 - 0x00007ff84c943000 	C:\Windows\SYSTEM32\windows.storage.dll
0x00007ff84bf00000 - 0x00007ff84c03f000 	C:\Windows\SYSTEM32\wintypes.dll
0x00007ff850d10000 - 0x00007ff850e09000 	C:\Windows\System32\SHCORE.dll
0x00007ff84fdb0000 - 0x00007ff84fe0e000 	C:\Windows\System32\shlwapi.dll
0x00007ff84e080000 - 0x00007ff84e0ab000 	C:\Windows\SYSTEM32\profapi.dll
0x00007ff843930000 - 0x00007ff843949000 	C:\Program Files\Java\jdk-17\bin\net.dll
0x00007ff848b30000 - 0x00007ff848c66000 	C:\Windows\SYSTEM32\WINHTTP.dll
0x00007ff84d6b0000 - 0x00007ff84d719000 	C:\Windows\system32\mswsock.dll
0x00007ff843910000 - 0x00007ff843926000 	C:\Program Files\Java\jdk-17\bin\nio.dll
0x00007ff843850000 - 0x00007ff843868000 	C:\Program Files\Java\jdk-17\bin\zip.dll
0x00007ff8465d0000 - 0x00007ff8465da000 	C:\Program Files\Java\jdk-17\bin\management.dll
0x00007ff846040000 - 0x00007ff84604b000 	C:\Program Files\Java\jdk-17\bin\management_ext.dll
0x00007ff844cf0000 - 0x00007ff844d07000 	C:\Windows\system32\napinsp.dll
0x00007ff844cd0000 - 0x00007ff844ceb000 	C:\Windows\system32\pnrpnsp.dll
0x00007ff84cca0000 - 0x00007ff84cda2000 	C:\Windows\SYSTEM32\DNSAPI.dll
0x00007ff84cc30000 - 0x00007ff84cc5d000 	C:\Windows\SYSTEM32\IPHLPAPI.DLL
0x00007ff8506d0000 - 0x00007ff8506d9000 	C:\Windows\System32\NSI.dll
0x00007ff844cb0000 - 0x00007ff844cc1000 	C:\Windows\System32\winrnr.dll
0x00007ff848250000 - 0x00007ff848265000 	C:\Windows\system32\wshbth.dll
0x00007ff800ce0000 - 0x00007ff800d07000 	C:\Windows\system32\nlansp_c.dll
0x00007ff849460000 - 0x00007ff84946a000 	C:\Windows\System32\rasadhlp.dll
0x00007ff846800000 - 0x00007ff846883000 	C:\Windows\System32\fwpuclnt.dll
0x00007ff84da00000 - 0x00007ff84da1b000 	C:\Windows\SYSTEM32\CRYPTSP.dll
0x00007ff84d1c0000 - 0x00007ff84d1f5000 	C:\Windows\system32\rsaenh.dll
0x00007ff84d750000 - 0x00007ff84d778000 	C:\Windows\SYSTEM32\USERENV.dll
0x00007ff84d9e0000 - 0x00007ff84d9ec000 	C:\Windows\SYSTEM32\CRYPTBASE.dll
0x00007ff849630000 - 0x00007ff849649000 	C:\Windows\SYSTEM32\dhcpcsvc6.DLL
0x00007ff848f50000 - 0x00007ff848f6f000 	C:\Windows\SYSTEM32\dhcpcsvc.DLL
0x00007ff844ae0000 - 0x00007ff844aee000 	C:\Program Files\Java\jdk-17\bin\sunmscapi.dll
0x00007ff84e1f0000 - 0x00007ff84e356000 	C:\Windows\System32\CRYPT32.dll
0x00007ff84db10000 - 0x00007ff84db3d000 	C:\Windows\SYSTEM32\ncrypt.dll
0x00007ff84dad0000 - 0x00007ff84db07000 	C:\Windows\SYSTEM32\NTASN1.dll
0x00007ff844350000 - 0x00007ff844360000 	C:\Program Files\Java\jdk-17\bin\verify.dll

dbghelp: loaded successfully - version: 4.0.5 - missing functions: none
symbol engine: initialized successfully - sym options: 0x614 - pdb path: .;C:\Program Files\Java\jdk-17\bin;C:\Windows\SYSTEM32;C:\Windows\WinSxS\amd64_microsoft.windows.common-controls_6595b64144ccf1df_6.0.22621.4391_none_2715d37f73803e96;C:\Program Files\Java\jdk-17\bin\server

VM Arguments:
jvm_args: -Dcom.sun.management.jmxremote -Dcom.sun.management.jmxremote.port=54395 -Dcom.sun.management.jmxremote.authenticate=false -Dcom.sun.management.jmxremote.ssl=false -Dspring.jmx.enabled=true -Djava.rmi.server.hostname=localhost -Dspring.application.admin.enabled=true -Dspring.boot.project.name=inmojaen -XX:+ShowCodeDetailsInExceptionMessages -Dmanagement.endpoints.jmx.exposure.include=* 
java_command: com.iesvdc.project.inmojaen.InmojaenApplication
java_class_path (initial): C:\Users\leope\Desktop\Proyectos\inmojaen\inmojaen\target\classes;C:\Users\leope\.m2\repository\org\springframework\boot\spring-boot-starter-actuator\3.3.3\spring-boot-starter-actuator-3.3.3.jar;C:\Users\leope\.m2\repository\org\springframework\boot\spring-boot-starter\3.3.3\spring-boot-starter-3.3.3.jar;C:\Users\leope\.m2\repository\org\springframework\boot\spring-boot-starter-logging\3.3.3\spring-boot-starter-logging-3.3.3.jar;C:\Users\leope\.m2\repository\ch\qos\logback\logback-classic\1.5.7\logback-classic-1.5.7.jar;C:\Users\leope\.m2\repository\ch\qos\logback\logback-core\1.5.7\logback-core-1.5.7.jar;C:\Users\leope\.m2\repository\org\apache\logging\log4j\log4j-to-slf4j\2.23.1\log4j-to-slf4j-2.23.1.jar;C:\Users\leope\.m2\repository\org\apache\logging\log4j\log4j-api\2.23.1\log4j-api-2.23.1.jar;C:\Users\leope\.m2\repository\org\slf4j\jul-to-slf4j\2.0.16\jul-to-slf4j-2.0.16.jar;C:\Users\leope\.m2\repository\jakarta\annotation\jakarta.annotation-api\2.1.1\jakarta.annotation-api-2.1.1.jar;C:\Users\leope\.m2\repository\org\yaml\snakeyaml\2.2\snakeyaml-2.2.jar;C:\Users\leope\.m2\repository\org\springframework\boot\spring-boot-actuator-autoconfigure\3.3.3\spring-boot-actuator-autoconfigure-3.3.3.jar;C:\Users\leope\.m2\repository\org\springframework\boot\spring-boot-actuator\3.3.3\spring-boot-actuator-3.3.3.jar;C:\Users\leope\.m2\repository\com\fasterxml\jackson\core\jackson-databind\2.17.2\jackson-databind-2.17.2.jar;C:\Users\leope\.m2\repository\com\fasterxml\jackson\core\jackson-annotations\2.17.2\jackson-annotations-2.17.2.jar;C:\Users\leope\.m2\repository\com\fasterxml\jackson\core\jackson-core\2.17.2\jackson-core-2.17.2.jar;C:\Users\leope\.m2\repository\com\fasterxml\jackson\datatype\jackson-datatype-jsr310\2.17.2\jackson-datatype-jsr310-2.17.2.jar;C:\Users\leope\.m2\repository\io\micrometer\micrometer-observation\1.13.3\micrometer-observation-1.13.3.jar;C:\Users\leope\.m2\repository\io\micrometer\micrometer-commons\1.13.3\micrometer-c
Launcher Type: SUN_STANDARD

[Global flags]
     intx CICompilerCount                          = 12                                        {product} {ergonomic}
     uint ConcGCThreads                            = 3                                         {product} {ergonomic}
     uint G1ConcRefinementThreads                  = 13                                        {product} {ergonomic}
   size_t G1HeapRegionSize                         = 2097152                                   {product} {ergonomic}
    uintx GCDrainStackTargetSize                   = 64                                        {product} {ergonomic}
   size_t InitialHeapSize                          = 266338304                                 {product} {ergonomic}
     bool ManagementServer                         = true                                      {product} {command line}
   size_t MarkStackSize                            = 4194304                                   {product} {ergonomic}
   size_t MaxHeapSize                              = 4257218560                                {product} {ergonomic}
   size_t MaxNewSize                               = 2554331136                                {product} {ergonomic}
   size_t MinHeapDeltaBytes                        = 2097152                                   {product} {ergonomic}
   size_t MinHeapSize                              = 8388608                                   {product} {ergonomic}
    uintx NonNMethodCodeHeapSize                   = 7602480                                {pd product} {ergonomic}
    uintx NonProfiledCodeHeapSize                  = 122027880                              {pd product} {ergonomic}
    uintx ProfiledCodeHeapSize                     = 122027880                              {pd product} {ergonomic}
    uintx ReservedCodeCacheSize                    = 251658240                              {pd product} {ergonomic}
     bool SegmentedCodeCache                       = true                                      {product} {ergonomic}
     bool ShowCodeDetailsInExceptionMessages       = true                                   {manageable} {command line}
   size_t SoftMaxHeapSize                          = 4257218560                             {manageable} {ergonomic}
     bool UseCompressedClassPointers               = true                           {product lp64_product} {ergonomic}
     bool UseCompressedOops                        = true                           {product lp64_product} {ergonomic}
     bool UseG1GC                                  = true                                      {product} {ergonomic}
     bool UseLargePagesIndividualAllocation        = false                                  {pd product} {ergonomic}

Logging:
Log output configuration:
 #0: stdout all=warning uptime,level,tags
 #1: stderr all=off uptime,level,tags

Environment Variables:
JAVA_HOME=C:\Program Files\Java\jdk-17
PATH=C:\Program Files\Common Files\Oracle\Java\javapath;C:\Python311\Scripts\;C:\Python311\;C:\Windows\system32;C:\Windows;C:\Windows\System32\Wbem;C:\Windows\System32\WindowsPowerShell\v1.0\;C:\Windows\System32\OpenSSH\;C:\Program Files\NVIDIA Corporation\NVIDIA NvDLISR;C:\Program Files\Docker\Docker\resources\bin;C:\ProgramData\chocolatey\bin;C:\Program Files\Java\jdk-17\bin;C:\Users\leope\AppData\Roaming\nvm;C:\Program Files\nodejs;C:\Program Files\PuTTY\;C:\Program Files\Git\cmd;C:\ProgramData\ComposerSetup\bin;C:\Program Files\nodejs\;C:\Users\leope\scoop\shims;C:\Users\leope\AppData\Local\Microsoft\WindowsApps;C:\Users\leope\AppData\Local\Programs\Microsoft VS Code\bin;C:\Users\leope\AppData\Roaming\nvm;C:\Program Files\nodejs;C:\Dev\flutter\bin;C:\xampp\php;C:\Users\leope\AppData\Roaming\Composer\vendor\bin;C:\Users\leope\AppData\Roaming\npm
USERNAME=leope
LANG=es_ES.UTF-8
OS=Windows_NT
PROCESSOR_IDENTIFIER=AMD64 Family 25 Model 80 Stepping 0, AuthenticAMD



---------------  S Y S T E M  ---------------

OS:
 Windows 11 , 64 bit Build 22621 (10.0.22621.4391)
OS uptime: 19 days 13:13 hours
Hyper-V role detected

CPU: total 16 (initial active 16) (16 cores per cpu, 2 threads per core) family 25 model 80 stepping 0 microcode 0x0, cx8, cmov, fxsr, ht, mmx, 3dnowpref, sse, sse2, sse3, ssse3, sse4a, sse4.1, sse4.2, popcnt, lzcnt, tsc, tscinvbit, avx, avx2, aes, erms, clmul, bmi1, bmi2, adx, sha, fma, vzeroupper, clflush, clflushopt, hv

Memory: 4k page, system-wide physical 16236M (149M free)
TotalPageFile size 65388M (AvailPageFile size 2M)
current process WorkingSet (physical memory assigned to process): 242M, peak: 250M
current process commit charge ("private bytes"): 292M, peak: 396M

vm_info: Java HotSpot(TM) 64-Bit Server VM (17.0.9+11-LTS-201) for windows-amd64 JRE (17.0.9+11-LTS-201), built on Oct 10 2023 23:16:06 by "mach5one" with MS VC++ 17.1 (VS2022)

END.
